2023-09-30 13:59:19,764 INFO c.z.LoveLogApplication [main] Starting LoveLogApplication using Java 1.8.0_361 on DESKTOP-96QSMPD with PID 27376 (E:\14502\Documents\project\LoveLog\target\classes started by 14502 in E:\14502\Documents\project\LoveLog)
2023-09-30 13:59:19,772 DEBUG c.z.LoveLogApplication [main] Running with Spring Boot v2.7.12, Spring v5.3.27
2023-09-30 13:59:19,773 INFO c.z.LoveLogApplication [main] No active profile set, falling back to 1 default profile: "default"
2023-09-30 13:59:20,610 INFO o.s.d.r.c.RepositoryConfigurationDelegate [main] Multiple Spring Data modules found, entering strict repository configuration mode
2023-09-30 13:59:20,611 INFO o.s.d.r.c.RepositoryConfigurationDelegate [main] Bootstrapping Spring Data Redis repositories in DEFAULT mode.
2023-09-30 13:59:20,635 INFO o.s.d.r.c.RepositoryConfigurationDelegate [main] Finished Spring Data repository scanning in 11 ms. Found 0 Redis repository interfaces.
2023-09-30 13:59:21,236 INFO o.s.b.w.e.t.TomcatWebServer [main] Tomcat initialized with port(s): 8080 (http)
2023-09-30 13:59:21,243 INFO o.a.c.h.Http11NioProtocol [main] Initializing ProtocolHandler ["http-nio-8080"]
2023-09-30 13:59:21,243 INFO o.a.c.c.StandardService [main] Starting service [Tomcat]
2023-09-30 13:59:21,243 INFO o.a.c.c.StandardEngine [main] Starting Servlet engine: [Apache Tomcat/9.0.75]
2023-09-30 13:59:21,442 INFO o.a.c.c.C.[.[.[/] [main] Initializing Spring embedded WebApplicationContext
2023-09-30 13:59:21,442 INFO o.s.b.w.s.c.ServletWebServerApplicationContext [main] Root WebApplicationContext: initialization completed in 1636 ms
2023-09-30 13:59:22,550 INFO c.z.c.RedisConfig [main] 初始化 RedisCacheManager
2023-09-30 13:59:22,843 INFO o.a.c.h.Http11NioProtocol [main] Starting ProtocolHandler ["http-nio-8080"]
2023-09-30 13:59:22,871 INFO o.s.b.w.e.t.TomcatWebServer [main] Tomcat started on port(s): 8080 (http) with context path ''
2023-09-30 13:59:23,069 INFO c.z.LoveLogApplication [main] Started LoveLogApplication in 3.738 seconds (JVM running for 5.082)
2023-09-30 13:59:39,601 INFO o.a.c.c.C.[.[.[/] [http-nio-8080-exec-1] Initializing Spring DispatcherServlet 'dispatcherServlet'
2023-09-30 13:59:39,601 INFO o.s.w.s.DispatcherServlet [http-nio-8080-exec-1] Initializing Servlet 'dispatcherServlet'
2023-09-30 13:59:39,602 INFO o.s.w.s.DispatcherServlet [http-nio-8080-exec-1] Completed initialization in 1 ms
2023-09-30 13:59:39,658 INFO c.z.c.UserController [http-nio-8080-exec-1] 接收到用户啊啊啊啊登录信息
2023-09-30 13:59:39,664 INFO c.z.s.ImageService [http-nio-8080-exec-1] 开始验证用户名啊啊啊啊 的密码。
2023-09-30 13:59:39,678 INFO c.z.h.HikariDataSource [http-nio-8080-exec-1] HikariPool-1 - Starting...
2023-09-30 13:59:39,791 INFO c.z.h.HikariDataSource [http-nio-8080-exec-1] HikariPool-1 - Start completed.
2023-09-30 13:59:39,860 INFO c.z.s.ImageService [http-nio-8080-exec-1] 用户名啊啊啊啊 密码验证成功。
2023-09-30 13:59:39,862 INFO c.z.u.JwtTokenUtil [http-nio-8080-exec-1] 正在创建JWT令牌...
2023-09-30 13:59:40,300 INFO c.z.u.JwtTokenUtil [http-nio-8080-exec-1] JWT令牌已成功创建。
2023-09-30 13:59:40,300 INFO c.z.c.UserController [http-nio-8080-exec-1] 用户啊啊啊啊登录成功
2023-09-30 13:59:40,406 INFO c.z.c.JwtAuthenticationFilter [http-nio-8080-exec-4] 授权头部字段：Bearer eyJ0eXAiOiJKV1QiLCJhbGciOiJIUzI1NiJ9.eyJpc3MiOiJ6emwiLCJuYW1lIjoi5ZWK5ZWK5ZWK5ZWKIiwiZXhwIjoxNjk2MTM5OTc5LCJpYXQiOjE2OTYwNTM1Nzl9.HYsxz1RG171xgdtNi6Y4S4TycULmKx1jRksrQIA5xno
2023-09-30 13:59:40,406 INFO c.z.c.JwtAuthenticationFilter [http-nio-8080-exec-4] 提取的令牌：eyJ0eXAiOiJKV1QiLCJhbGciOiJIUzI1NiJ9.eyJpc3MiOiJ6emwiLCJuYW1lIjoi5ZWK5ZWK5ZWK5ZWKIiwiZXhwIjoxNjk2MTM5OTc5LCJpYXQiOjE2OTYwNTM1Nzl9.HYsxz1RG171xgdtNi6Y4S4TycULmKx1jRksrQIA5xno
2023-09-30 13:59:40,406 INFO c.z.u.JwtTokenUtil [http-nio-8080-exec-4] 正在验证JWT令牌...
2023-09-30 13:59:40,427 INFO c.z.u.JwtTokenUtil [http-nio-8080-exec-4] JWT令牌验证成功。
2023-09-30 14:20:10,567 INFO c.z.c.JwtAuthenticationFilter [http-nio-8080-exec-3] 授权头部字段：Bearer eyJ0eXAiOiJKV1QiLCJhbGciOiJIUzI1NiJ9.eyJpc3MiOiJ6emwiLCJuYW1lIjoi5ZWK5ZWK5ZWK5ZWKIiwiZXhwIjoxNjk2MTM5OTc5LCJpYXQiOjE2OTYwNTM1Nzl9.HYsxz1RG171xgdtNi6Y4S4TycULmKx1jRksrQIA5xno
2023-09-30 14:20:10,567 INFO c.z.c.JwtAuthenticationFilter [http-nio-8080-exec-3] 提取的令牌：eyJ0eXAiOiJKV1QiLCJhbGciOiJIUzI1NiJ9.eyJpc3MiOiJ6emwiLCJuYW1lIjoi5ZWK5ZWK5ZWK5ZWKIiwiZXhwIjoxNjk2MTM5OTc5LCJpYXQiOjE2OTYwNTM1Nzl9.HYsxz1RG171xgdtNi6Y4S4TycULmKx1jRksrQIA5xno
2023-09-30 14:20:10,567 INFO c.z.u.JwtTokenUtil [http-nio-8080-exec-3] 正在验证JWT令牌...
2023-09-30 14:20:10,568 INFO c.z.u.JwtTokenUtil [http-nio-8080-exec-3] JWT令牌验证成功。
2023-09-30 14:33:53,307 INFO c.z.c.JwtAuthenticationFilter [http-nio-8080-exec-9] 授权头部字段：Bearer eyJ0eXAiOiJKV1QiLCJhbGciOiJIUzI1NiJ9.eyJpc3MiOiJ6emwiLCJuYW1lIjoi5ZWK5ZWK5ZWK5ZWKIiwiZXhwIjoxNjk2MTM5OTc5LCJpYXQiOjE2OTYwNTM1Nzl9.HYsxz1RG171xgdtNi6Y4S4TycULmKx1jRksrQIA5xno
2023-09-30 14:33:53,307 INFO c.z.c.JwtAuthenticationFilter [http-nio-8080-exec-9] 提取的令牌：eyJ0eXAiOiJKV1QiLCJhbGciOiJIUzI1NiJ9.eyJpc3MiOiJ6emwiLCJuYW1lIjoi5ZWK5ZWK5ZWK5ZWKIiwiZXhwIjoxNjk2MTM5OTc5LCJpYXQiOjE2OTYwNTM1Nzl9.HYsxz1RG171xgdtNi6Y4S4TycULmKx1jRksrQIA5xno
2023-09-30 14:33:53,308 INFO c.z.u.JwtTokenUtil [http-nio-8080-exec-9] 正在验证JWT令牌...
2023-09-30 14:33:53,308 INFO c.z.u.JwtTokenUtil [http-nio-8080-exec-9] JWT令牌验证成功。
2023-09-30 14:41:34,125 INFO c.z.c.JwtAuthenticationFilter [http-nio-8080-exec-10] 授权头部字段：Bearer eyJ0eXAiOiJKV1QiLCJhbGciOiJIUzI1NiJ9.eyJpc3MiOiJ6emwiLCJuYW1lIjoi5ZWK5ZWK5ZWK5ZWKIiwiZXhwIjoxNjk2MTM5OTc5LCJpYXQiOjE2OTYwNTM1Nzl9.HYsxz1RG171xgdtNi6Y4S4TycULmKx1jRksrQIA5xno
2023-09-30 14:41:34,125 INFO c.z.c.JwtAuthenticationFilter [http-nio-8080-exec-10] 提取的令牌：eyJ0eXAiOiJKV1QiLCJhbGciOiJIUzI1NiJ9.eyJpc3MiOiJ6emwiLCJuYW1lIjoi5ZWK5ZWK5ZWK5ZWKIiwiZXhwIjoxNjk2MTM5OTc5LCJpYXQiOjE2OTYwNTM1Nzl9.HYsxz1RG171xgdtNi6Y4S4TycULmKx1jRksrQIA5xno
2023-09-30 14:41:34,125 INFO c.z.u.JwtTokenUtil [http-nio-8080-exec-10] 正在验证JWT令牌...
2023-09-30 14:41:34,125 INFO c.z.u.JwtTokenUtil [http-nio-8080-exec-10] JWT令牌验证成功。
2023-09-30 14:55:12,020 INFO c.z.c.JwtAuthenticationFilter [http-nio-8080-exec-2] 授权头部字段：Bearer eyJ0eXAiOiJKV1QiLCJhbGciOiJIUzI1NiJ9.eyJpc3MiOiJ6emwiLCJuYW1lIjoi5ZWK5ZWK5ZWK5ZWKIiwiZXhwIjoxNjk2MTM5OTc5LCJpYXQiOjE2OTYwNTM1Nzl9.HYsxz1RG171xgdtNi6Y4S4TycULmKx1jRksrQIA5xno
2023-09-30 14:55:12,020 INFO c.z.c.JwtAuthenticationFilter [http-nio-8080-exec-2] 提取的令牌：eyJ0eXAiOiJKV1QiLCJhbGciOiJIUzI1NiJ9.eyJpc3MiOiJ6emwiLCJuYW1lIjoi5ZWK5ZWK5ZWK5ZWKIiwiZXhwIjoxNjk2MTM5OTc5LCJpYXQiOjE2OTYwNTM1Nzl9.HYsxz1RG171xgdtNi6Y4S4TycULmKx1jRksrQIA5xno
2023-09-30 14:55:12,020 INFO c.z.u.JwtTokenUtil [http-nio-8080-exec-2] 正在验证JWT令牌...
2023-09-30 14:55:12,021 INFO c.z.u.JwtTokenUtil [http-nio-8080-exec-2] JWT令牌验证成功。
2023-09-30 15:04:01,605 INFO c.z.c.JwtAuthenticationFilter [http-nio-8080-exec-3] 授权头部字段：Bearer eyJ0eXAiOiJKV1QiLCJhbGciOiJIUzI1NiJ9.eyJpc3MiOiJ6emwiLCJuYW1lIjoi5ZWK5ZWK5ZWK5ZWKIiwiZXhwIjoxNjk2MTM5OTc5LCJpYXQiOjE2OTYwNTM1Nzl9.HYsxz1RG171xgdtNi6Y4S4TycULmKx1jRksrQIA5xno
2023-09-30 15:04:01,605 INFO c.z.c.JwtAuthenticationFilter [http-nio-8080-exec-3] 提取的令牌：eyJ0eXAiOiJKV1QiLCJhbGciOiJIUzI1NiJ9.eyJpc3MiOiJ6emwiLCJuYW1lIjoi5ZWK5ZWK5ZWK5ZWKIiwiZXhwIjoxNjk2MTM5OTc5LCJpYXQiOjE2OTYwNTM1Nzl9.HYsxz1RG171xgdtNi6Y4S4TycULmKx1jRksrQIA5xno
2023-09-30 15:04:01,605 INFO c.z.u.JwtTokenUtil [http-nio-8080-exec-3] 正在验证JWT令牌...
2023-09-30 15:04:01,605 INFO c.z.u.JwtTokenUtil [http-nio-8080-exec-3] JWT令牌验证成功。
