2023-09-22 11:40:03,609 INFO c.z.LoveLogApplication [main] Starting LoveLogApplication using Java 1.8.0_361 on DESKTOP-96QSMPD with PID 26224 (E:\14502\Documents\project\LoveLog\target\classes started by 14502 in E:\14502\Documents\project\LoveLog)
2023-09-22 11:40:03,615 DEBUG c.z.LoveLogApplication [main] Running with Spring Boot v2.7.12, Spring v5.3.27
2023-09-22 11:40:03,615 INFO c.z.LoveLogApplication [main] No active profile set, falling back to 1 default profile: "default"
2023-09-22 11:40:04,553 INFO o.s.d.r.c.RepositoryConfigurationDelegate [main] Multiple Spring Data modules found, entering strict repository configuration mode
2023-09-22 11:40:04,555 INFO o.s.d.r.c.RepositoryConfigurationDelegate [main] Bootstrapping Spring Data Redis repositories in DEFAULT mode.
2023-09-22 11:40:04,580 INFO o.s.d.r.c.RepositoryConfigurationDelegate [main] Finished Spring Data repository scanning in 13 ms. Found 0 Redis repository interfaces.
2023-09-22 11:40:05,151 INFO o.s.b.w.e.t.TomcatWebServer [main] Tomcat initialized with port(s): 8080 (http)
2023-09-22 11:40:05,158 INFO o.a.c.h.Http11NioProtocol [main] Initializing ProtocolHandler ["http-nio-8080"]
2023-09-22 11:40:05,158 INFO o.a.c.c.StandardService [main] Starting service [Tomcat]
2023-09-22 11:40:05,158 INFO o.a.c.c.StandardEngine [main] Starting Servlet engine: [Apache Tomcat/9.0.75]
2023-09-22 11:40:05,342 INFO o.a.c.c.C.[.[.[/] [main] Initializing Spring embedded WebApplicationContext
2023-09-22 11:40:05,342 INFO o.s.b.w.s.c.ServletWebServerApplicationContext [main] Root WebApplicationContext: initialization completed in 1697 ms
2023-09-22 11:40:06,454 INFO c.z.c.RedisConfig [main] 初始化 RedisCacheManager
2023-09-22 11:40:06,751 INFO o.a.c.h.Http11NioProtocol [main] Starting ProtocolHandler ["http-nio-8080"]
2023-09-22 11:40:06,766 INFO o.s.b.w.e.t.TomcatWebServer [main] Tomcat started on port(s): 8080 (http) with context path ''
2023-09-22 11:40:06,955 INFO c.z.LoveLogApplication [main] Started LoveLogApplication in 3.792 seconds (JVM running for 5.156)
2023-09-22 11:40:25,573 INFO o.a.c.c.C.[.[.[/] [http-nio-8080-exec-1] Initializing Spring DispatcherServlet 'dispatcherServlet'
2023-09-22 11:40:25,573 INFO o.s.w.s.DispatcherServlet [http-nio-8080-exec-1] Initializing Servlet 'dispatcherServlet'
2023-09-22 11:40:25,574 INFO o.s.w.s.DispatcherServlet [http-nio-8080-exec-1] Completed initialization in 1 ms
2023-09-22 11:40:25,631 INFO c.z.c.UserController [http-nio-8080-exec-1] 接收到用户啊啊啊啊登录信息
2023-09-22 11:40:25,637 INFO c.z.s.ImageService [http-nio-8080-exec-1] 开始验证用户名啊啊啊啊 的密码。
2023-09-22 11:40:25,651 INFO c.z.h.HikariDataSource [http-nio-8080-exec-1] HikariPool-1 - Starting...
2023-09-22 11:40:25,765 INFO c.z.h.HikariDataSource [http-nio-8080-exec-1] HikariPool-1 - Start completed.
2023-09-22 11:40:25,814 INFO c.z.s.ImageService [http-nio-8080-exec-1] 用户名啊啊啊啊 密码验证成功。
2023-09-22 11:40:25,815 INFO c.z.u.JwtTokenUtil [http-nio-8080-exec-1] 正在创建JWT令牌...
2023-09-22 11:40:26,281 INFO c.z.u.JwtTokenUtil [http-nio-8080-exec-1] JWT令牌已成功创建。
2023-09-22 11:40:26,281 INFO c.z.c.UserController [http-nio-8080-exec-1] 用户啊啊啊啊登录成功
2023-09-22 11:40:26,382 INFO c.z.c.JwtAuthenticationFilter [http-nio-8080-exec-8] 授权头部字段：Bearer eyJ0eXAiOiJKV1QiLCJhbGciOiJIUzI1NiJ9.eyJpc3MiOiJ6emwiLCJuYW1lIjoi5ZWK5ZWK5ZWK5ZWKIiwiZXhwIjoxNjk1NDQwNDI1LCJpYXQiOjE2OTUzNTQwMjV9.KEyqiz-22CTO5OP1weBHNyd9p5SEmFI5nATdGYMbw3Q
2023-09-22 11:40:26,382 INFO c.z.c.JwtAuthenticationFilter [http-nio-8080-exec-8] 提取的令牌：eyJ0eXAiOiJKV1QiLCJhbGciOiJIUzI1NiJ9.eyJpc3MiOiJ6emwiLCJuYW1lIjoi5ZWK5ZWK5ZWK5ZWKIiwiZXhwIjoxNjk1NDQwNDI1LCJpYXQiOjE2OTUzNTQwMjV9.KEyqiz-22CTO5OP1weBHNyd9p5SEmFI5nATdGYMbw3Q
2023-09-22 11:40:26,382 INFO c.z.u.JwtTokenUtil [http-nio-8080-exec-8] 正在验证JWT令牌...
2023-09-22 11:40:26,404 INFO c.z.u.JwtTokenUtil [http-nio-8080-exec-8] JWT令牌验证成功。
2023-09-22 11:43:16,915 INFO c.z.c.JwtAuthenticationFilter [http-nio-8080-exec-2] 授权头部字段：Bearer eyJ0eXAiOiJKV1QiLCJhbGciOiJIUzI1NiJ9.eyJpc3MiOiJ6emwiLCJuYW1lIjoi5ZWK5ZWK5ZWK5ZWKIiwiZXhwIjoxNjk1NDQwNDI1LCJpYXQiOjE2OTUzNTQwMjV9.KEyqiz-22CTO5OP1weBHNyd9p5SEmFI5nATdGYMbw3Q
2023-09-22 11:43:16,915 INFO c.z.c.JwtAuthenticationFilter [http-nio-8080-exec-2] 提取的令牌：eyJ0eXAiOiJKV1QiLCJhbGciOiJIUzI1NiJ9.eyJpc3MiOiJ6emwiLCJuYW1lIjoi5ZWK5ZWK5ZWK5ZWKIiwiZXhwIjoxNjk1NDQwNDI1LCJpYXQiOjE2OTUzNTQwMjV9.KEyqiz-22CTO5OP1weBHNyd9p5SEmFI5nATdGYMbw3Q
2023-09-22 11:43:16,915 INFO c.z.u.JwtTokenUtil [http-nio-8080-exec-2] 正在验证JWT令牌...
2023-09-22 11:43:16,916 INFO c.z.u.JwtTokenUtil [http-nio-8080-exec-2] JWT令牌验证成功。
2023-09-22 11:52:18,165 INFO c.z.c.JwtAuthenticationFilter [http-nio-8080-exec-7] 授权头部字段：Bearer eyJ0eXAiOiJKV1QiLCJhbGciOiJIUzI1NiJ9.eyJpc3MiOiJ6emwiLCJuYW1lIjoi5ZWK5ZWK5ZWK5ZWKIiwiZXhwIjoxNjk1NDQwNDI1LCJpYXQiOjE2OTUzNTQwMjV9.KEyqiz-22CTO5OP1weBHNyd9p5SEmFI5nATdGYMbw3Q
2023-09-22 11:52:18,166 INFO c.z.c.JwtAuthenticationFilter [http-nio-8080-exec-7] 提取的令牌：eyJ0eXAiOiJKV1QiLCJhbGciOiJIUzI1NiJ9.eyJpc3MiOiJ6emwiLCJuYW1lIjoi5ZWK5ZWK5ZWK5ZWKIiwiZXhwIjoxNjk1NDQwNDI1LCJpYXQiOjE2OTUzNTQwMjV9.KEyqiz-22CTO5OP1weBHNyd9p5SEmFI5nATdGYMbw3Q
2023-09-22 11:52:18,166 INFO c.z.u.JwtTokenUtil [http-nio-8080-exec-7] 正在验证JWT令牌...
2023-09-22 11:52:18,166 INFO c.z.u.JwtTokenUtil [http-nio-8080-exec-7] JWT令牌验证成功。
2023-09-22 11:52:37,193 INFO c.z.c.JwtAuthenticationFilter [http-nio-8080-exec-3] 授权头部字段：Bearer eyJ0eXAiOiJKV1QiLCJhbGciOiJIUzI1NiJ9.eyJpc3MiOiJ6emwiLCJuYW1lIjoi5ZWK5ZWK5ZWK5ZWKIiwiZXhwIjoxNjk1NDQwNDI1LCJpYXQiOjE2OTUzNTQwMjV9.KEyqiz-22CTO5OP1weBHNyd9p5SEmFI5nATdGYMbw3Q
2023-09-22 11:52:37,193 INFO c.z.c.JwtAuthenticationFilter [http-nio-8080-exec-3] 提取的令牌：eyJ0eXAiOiJKV1QiLCJhbGciOiJIUzI1NiJ9.eyJpc3MiOiJ6emwiLCJuYW1lIjoi5ZWK5ZWK5ZWK5ZWKIiwiZXhwIjoxNjk1NDQwNDI1LCJpYXQiOjE2OTUzNTQwMjV9.KEyqiz-22CTO5OP1weBHNyd9p5SEmFI5nATdGYMbw3Q
2023-09-22 11:52:37,193 INFO c.z.u.JwtTokenUtil [http-nio-8080-exec-3] 正在验证JWT令牌...
2023-09-22 11:52:37,193 INFO c.z.u.JwtTokenUtil [http-nio-8080-exec-3] JWT令牌验证成功。
2023-09-22 11:52:45,242 INFO c.z.c.JwtAuthenticationFilter [http-nio-8080-exec-9] 授权头部字段：Bearer eyJ0eXAiOiJKV1QiLCJhbGciOiJIUzI1NiJ9.eyJpc3MiOiJ6emwiLCJuYW1lIjoi5ZWK5ZWK5ZWK5ZWKIiwiZXhwIjoxNjk1NDQwNDI1LCJpYXQiOjE2OTUzNTQwMjV9.KEyqiz-22CTO5OP1weBHNyd9p5SEmFI5nATdGYMbw3Q
2023-09-22 11:52:45,242 INFO c.z.c.JwtAuthenticationFilter [http-nio-8080-exec-9] 提取的令牌：eyJ0eXAiOiJKV1QiLCJhbGciOiJIUzI1NiJ9.eyJpc3MiOiJ6emwiLCJuYW1lIjoi5ZWK5ZWK5ZWK5ZWKIiwiZXhwIjoxNjk1NDQwNDI1LCJpYXQiOjE2OTUzNTQwMjV9.KEyqiz-22CTO5OP1weBHNyd9p5SEmFI5nATdGYMbw3Q
2023-09-22 11:52:45,242 INFO c.z.u.JwtTokenUtil [http-nio-8080-exec-9] 正在验证JWT令牌...
2023-09-22 11:52:45,242 INFO c.z.u.JwtTokenUtil [http-nio-8080-exec-9] JWT令牌验证成功。
2023-09-22 11:53:16,275 INFO c.z.c.JwtAuthenticationFilter [http-nio-8080-exec-10] 授权头部字段：Bearer eyJ0eXAiOiJKV1QiLCJhbGciOiJIUzI1NiJ9.eyJpc3MiOiJ6emwiLCJuYW1lIjoi5ZWK5ZWK5ZWK5ZWKIiwiZXhwIjoxNjk1NDQwNDI1LCJpYXQiOjE2OTUzNTQwMjV9.KEyqiz-22CTO5OP1weBHNyd9p5SEmFI5nATdGYMbw3Q
2023-09-22 11:53:16,275 INFO c.z.c.JwtAuthenticationFilter [http-nio-8080-exec-10] 提取的令牌：eyJ0eXAiOiJKV1QiLCJhbGciOiJIUzI1NiJ9.eyJpc3MiOiJ6emwiLCJuYW1lIjoi5ZWK5ZWK5ZWK5ZWKIiwiZXhwIjoxNjk1NDQwNDI1LCJpYXQiOjE2OTUzNTQwMjV9.KEyqiz-22CTO5OP1weBHNyd9p5SEmFI5nATdGYMbw3Q
2023-09-22 11:53:16,275 INFO c.z.u.JwtTokenUtil [http-nio-8080-exec-10] 正在验证JWT令牌...
2023-09-22 11:53:16,275 INFO c.z.u.JwtTokenUtil [http-nio-8080-exec-10] JWT令牌验证成功。
2023-09-22 11:53:43,678 INFO c.z.c.JwtAuthenticationFilter [http-nio-8080-exec-1] 授权头部字段：Bearer eyJ0eXAiOiJKV1QiLCJhbGciOiJIUzI1NiJ9.eyJpc3MiOiJ6emwiLCJuYW1lIjoi5ZWK5ZWK5ZWK5ZWKIiwiZXhwIjoxNjk1NDQwNDI1LCJpYXQiOjE2OTUzNTQwMjV9.KEyqiz-22CTO5OP1weBHNyd9p5SEmFI5nATdGYMbw3Q
2023-09-22 11:53:43,678 INFO c.z.c.JwtAuthenticationFilter [http-nio-8080-exec-1] 提取的令牌：eyJ0eXAiOiJKV1QiLCJhbGciOiJIUzI1NiJ9.eyJpc3MiOiJ6emwiLCJuYW1lIjoi5ZWK5ZWK5ZWK5ZWKIiwiZXhwIjoxNjk1NDQwNDI1LCJpYXQiOjE2OTUzNTQwMjV9.KEyqiz-22CTO5OP1weBHNyd9p5SEmFI5nATdGYMbw3Q
2023-09-22 11:53:43,678 INFO c.z.u.JwtTokenUtil [http-nio-8080-exec-1] 正在验证JWT令牌...
2023-09-22 11:53:43,679 INFO c.z.u.JwtTokenUtil [http-nio-8080-exec-1] JWT令牌验证成功。
2023-09-22 12:01:07,163 INFO c.z.c.JwtAuthenticationFilter [http-nio-8080-exec-8] 授权头部字段：Bearer eyJ0eXAiOiJKV1QiLCJhbGciOiJIUzI1NiJ9.eyJpc3MiOiJ6emwiLCJuYW1lIjoi5ZWK5ZWK5ZWK5ZWKIiwiZXhwIjoxNjk1NDQwNDI1LCJpYXQiOjE2OTUzNTQwMjV9.KEyqiz-22CTO5OP1weBHNyd9p5SEmFI5nATdGYMbw3Q
2023-09-22 12:01:07,163 INFO c.z.c.JwtAuthenticationFilter [http-nio-8080-exec-8] 提取的令牌：eyJ0eXAiOiJKV1QiLCJhbGciOiJIUzI1NiJ9.eyJpc3MiOiJ6emwiLCJuYW1lIjoi5ZWK5ZWK5ZWK5ZWKIiwiZXhwIjoxNjk1NDQwNDI1LCJpYXQiOjE2OTUzNTQwMjV9.KEyqiz-22CTO5OP1weBHNyd9p5SEmFI5nATdGYMbw3Q
2023-09-22 12:01:07,163 INFO c.z.u.JwtTokenUtil [http-nio-8080-exec-8] 正在验证JWT令牌...
2023-09-22 12:01:07,164 INFO c.z.u.JwtTokenUtil [http-nio-8080-exec-8] JWT令牌验证成功。
2023-09-22 13:54:31,969 INFO c.z.c.JwtAuthenticationFilter [http-nio-8080-exec-6] 授权头部字段：Bearer eyJ0eXAiOiJKV1QiLCJhbGciOiJIUzI1NiJ9.eyJpc3MiOiJ6emwiLCJuYW1lIjoi5ZWK5ZWK5ZWK5ZWKIiwiZXhwIjoxNjk1NDQwNDI1LCJpYXQiOjE2OTUzNTQwMjV9.KEyqiz-22CTO5OP1weBHNyd9p5SEmFI5nATdGYMbw3Q
2023-09-22 13:54:31,969 INFO c.z.c.JwtAuthenticationFilter [http-nio-8080-exec-6] 提取的令牌：eyJ0eXAiOiJKV1QiLCJhbGciOiJIUzI1NiJ9.eyJpc3MiOiJ6emwiLCJuYW1lIjoi5ZWK5ZWK5ZWK5ZWKIiwiZXhwIjoxNjk1NDQwNDI1LCJpYXQiOjE2OTUzNTQwMjV9.KEyqiz-22CTO5OP1weBHNyd9p5SEmFI5nATdGYMbw3Q
2023-09-22 13:54:31,970 INFO c.z.u.JwtTokenUtil [http-nio-8080-exec-6] 正在验证JWT令牌...
2023-09-22 13:54:31,982 INFO c.z.u.JwtTokenUtil [http-nio-8080-exec-6] JWT令牌验证成功。
2023-09-22 13:54:56,035 INFO c.z.c.JwtAuthenticationFilter [http-nio-8080-exec-7] 授权头部字段：Bearer eyJ0eXAiOiJKV1QiLCJhbGciOiJIUzI1NiJ9.eyJpc3MiOiJ6emwiLCJuYW1lIjoi5ZWK5ZWK5ZWK5ZWKIiwiZXhwIjoxNjk1NDQwNDI1LCJpYXQiOjE2OTUzNTQwMjV9.KEyqiz-22CTO5OP1weBHNyd9p5SEmFI5nATdGYMbw3Q
2023-09-22 13:54:56,035 INFO c.z.c.JwtAuthenticationFilter [http-nio-8080-exec-7] 提取的令牌：eyJ0eXAiOiJKV1QiLCJhbGciOiJIUzI1NiJ9.eyJpc3MiOiJ6emwiLCJuYW1lIjoi5ZWK5ZWK5ZWK5ZWKIiwiZXhwIjoxNjk1NDQwNDI1LCJpYXQiOjE2OTUzNTQwMjV9.KEyqiz-22CTO5OP1weBHNyd9p5SEmFI5nATdGYMbw3Q
2023-09-22 13:54:56,035 INFO c.z.u.JwtTokenUtil [http-nio-8080-exec-7] 正在验证JWT令牌...
2023-09-22 13:54:56,036 INFO c.z.u.JwtTokenUtil [http-nio-8080-exec-7] JWT令牌验证成功。
2023-09-22 13:55:13,247 INFO c.z.c.JwtAuthenticationFilter [http-nio-8080-exec-3] 授权头部字段：Bearer eyJ0eXAiOiJKV1QiLCJhbGciOiJIUzI1NiJ9.eyJpc3MiOiJ6emwiLCJuYW1lIjoi5ZWK5ZWK5ZWK5ZWKIiwiZXhwIjoxNjk1NDQwNDI1LCJpYXQiOjE2OTUzNTQwMjV9.KEyqiz-22CTO5OP1weBHNyd9p5SEmFI5nATdGYMbw3Q
2023-09-22 13:55:13,247 INFO c.z.c.JwtAuthenticationFilter [http-nio-8080-exec-3] 提取的令牌：eyJ0eXAiOiJKV1QiLCJhbGciOiJIUzI1NiJ9.eyJpc3MiOiJ6emwiLCJuYW1lIjoi5ZWK5ZWK5ZWK5ZWKIiwiZXhwIjoxNjk1NDQwNDI1LCJpYXQiOjE2OTUzNTQwMjV9.KEyqiz-22CTO5OP1weBHNyd9p5SEmFI5nATdGYMbw3Q
2023-09-22 13:55:13,247 INFO c.z.u.JwtTokenUtil [http-nio-8080-exec-3] 正在验证JWT令牌...
2023-09-22 13:55:13,247 INFO c.z.u.JwtTokenUtil [http-nio-8080-exec-3] JWT令牌验证成功。
2023-09-22 15:03:08,690 INFO c.z.h.HikariDataSource [SpringApplicationShutdownHook] HikariPool-1 - Shutdown initiated...
2023-09-22 15:03:08,696 INFO c.z.h.HikariDataSource [SpringApplicationShutdownHook] HikariPool-1 - Shutdown completed.
