2023-10-25 14:36:19,028 INFO c.z.LoveLogApplication [main] Starting LoveLogApplication using Java 1.8.0_361 on DESKTOP-96QSMPD with PID 11920 (E:\14502\Documents\project\LoveLog\target\classes started by 14502 in E:\14502\Documents\project\LoveLog)
2023-10-25 14:36:19,034 DEBUG c.z.LoveLogApplication [main] Running with Spring Boot v2.7.12, Spring v5.3.27
2023-10-25 14:36:19,034 INFO c.z.LoveLogApplication [main] No active profile set, falling back to 1 default profile: "default"
2023-10-25 14:36:19,762 INFO o.s.d.r.c.RepositoryConfigurationDelegate [main] Multiple Spring Data modules found, entering strict repository configuration mode
2023-10-25 14:36:19,764 INFO o.s.d.r.c.RepositoryConfigurationDelegate [main] Bootstrapping Spring Data Redis repositories in DEFAULT mode.
2023-10-25 14:36:19,786 INFO o.s.d.r.c.RepositoryConfigurationDelegate [main] Finished Spring Data repository scanning in 11 ms. Found 0 Redis repository interfaces.
2023-10-25 14:36:20,237 INFO o.s.b.w.e.t.TomcatWebServer [main] Tomcat initialized with port(s): 8080 (http)
2023-10-25 14:36:20,243 INFO o.a.c.h.Http11NioProtocol [main] Initializing ProtocolHandler ["http-nio-8080"]
2023-10-25 14:36:20,243 INFO o.a.c.c.StandardService [main] Starting service [Tomcat]
2023-10-25 14:36:20,244 INFO o.a.c.c.StandardEngine [main] Starting Servlet engine: [Apache Tomcat/9.0.75]
2023-10-25 14:36:20,485 INFO o.a.c.c.C.[.[.[/] [main] Initializing Spring embedded WebApplicationContext
2023-10-25 14:36:20,485 INFO o.s.b.w.s.c.ServletWebServerApplicationContext [main] Root WebApplicationContext: initialization completed in 1408 ms
2023-10-25 14:36:21,648 INFO c.z.c.RedisConfig [main] 初始化 RedisCacheManager
2023-10-25 14:36:21,982 INFO o.a.c.h.Http11NioProtocol [main] Starting ProtocolHandler ["http-nio-8080"]
2023-10-25 14:36:21,996 INFO o.s.b.w.e.t.TomcatWebServer [main] Tomcat started on port(s): 8080 (http) with context path ''
2023-10-25 14:36:22,189 INFO c.z.LoveLogApplication [main] Started LoveLogApplication in 3.599 seconds (JVM running for 4.822)
2023-10-25 14:36:31,328 INFO o.a.c.c.C.[.[.[/] [http-nio-8080-exec-1] Initializing Spring DispatcherServlet 'dispatcherServlet'
2023-10-25 14:36:31,328 INFO o.s.w.s.DispatcherServlet [http-nio-8080-exec-1] Initializing Servlet 'dispatcherServlet'
2023-10-25 14:36:31,329 INFO o.s.w.s.DispatcherServlet [http-nio-8080-exec-1] Completed initialization in 1 ms
2023-10-25 14:36:31,360 INFO c.z.c.JwtAuthenticationFilter [http-nio-8080-exec-2] 授权头部字段：Bearer eyJ0eXAiOiJKV1QiLCJhbGciOiJIUzI1NiJ9.eyJpc3MiOiJ6emwiLCJuYW1lIjoi5ZWK5ZWK5ZWK5ZWKIiwiZXhwIjoxNjk4MjkyNzU5LCJpYXQiOjE2OTgyMDYzNTl9.d0WflEE0mSCIC4J0qpMiXf7YS3qPcekPmXX9eNfKLKw
2023-10-25 14:36:31,360 INFO c.z.c.JwtAuthenticationFilter [http-nio-8080-exec-2] 提取的令牌：eyJ0eXAiOiJKV1QiLCJhbGciOiJIUzI1NiJ9.eyJpc3MiOiJ6emwiLCJuYW1lIjoi5ZWK5ZWK5ZWK5ZWKIiwiZXhwIjoxNjk4MjkyNzU5LCJpYXQiOjE2OTgyMDYzNTl9.d0WflEE0mSCIC4J0qpMiXf7YS3qPcekPmXX9eNfKLKw
2023-10-25 14:36:31,360 INFO c.z.u.JwtTokenUtil [http-nio-8080-exec-2] 正在验证JWT令牌...
2023-10-25 14:36:31,610 INFO c.z.u.JwtTokenUtil [http-nio-8080-exec-2] JWT令牌验证成功。
2023-10-25 14:36:31,630 INFO c.z.s.ImageService [http-nio-8080-exec-2] 开始搜索用户名啊啊啊啊对应图片列表
2023-10-25 14:36:31,674 INFO c.z.h.HikariDataSource [http-nio-8080-exec-2] HikariPool-1 - Starting...
2023-10-25 14:36:31,781 INFO c.z.h.HikariDataSource [http-nio-8080-exec-2] HikariPool-1 - Start completed.
2023-10-25 14:36:31,821 INFO c.z.s.ImageService [http-nio-8080-exec-2] 成功获取用户名啊啊啊啊对应图片列表
2023-10-25 14:36:48,323 INFO c.z.c.JwtAuthenticationFilter [http-nio-8080-exec-4] 授权头部字段：Bearer eyJ0eXAiOiJKV1QiLCJhbGciOiJIUzI1NiJ9.eyJpc3MiOiJ6emwiLCJuYW1lIjoi5ZWK5ZWK5ZWK5ZWKIiwiZXhwIjoxNjk4MjkyNzU5LCJpYXQiOjE2OTgyMDYzNTl9.d0WflEE0mSCIC4J0qpMiXf7YS3qPcekPmXX9eNfKLKw
2023-10-25 14:36:48,323 INFO c.z.c.JwtAuthenticationFilter [http-nio-8080-exec-1] 授权头部字段：Bearer eyJ0eXAiOiJKV1QiLCJhbGciOiJIUzI1NiJ9.eyJpc3MiOiJ6emwiLCJuYW1lIjoi5ZWK5ZWK5ZWK5ZWKIiwiZXhwIjoxNjk4MjkyNzU5LCJpYXQiOjE2OTgyMDYzNTl9.d0WflEE0mSCIC4J0qpMiXf7YS3qPcekPmXX9eNfKLKw
2023-10-25 14:36:48,323 INFO c.z.c.JwtAuthenticationFilter [http-nio-8080-exec-8] 授权头部字段：Bearer eyJ0eXAiOiJKV1QiLCJhbGciOiJIUzI1NiJ9.eyJpc3MiOiJ6emwiLCJuYW1lIjoi5ZWK5ZWK5ZWK5ZWKIiwiZXhwIjoxNjk4MjkyNzU5LCJpYXQiOjE2OTgyMDYzNTl9.d0WflEE0mSCIC4J0qpMiXf7YS3qPcekPmXX9eNfKLKw
2023-10-25 14:36:48,323 INFO c.z.c.JwtAuthenticationFilter [http-nio-8080-exec-10] 授权头部字段：Bearer eyJ0eXAiOiJKV1QiLCJhbGciOiJIUzI1NiJ9.eyJpc3MiOiJ6emwiLCJuYW1lIjoi5ZWK5ZWK5ZWK5ZWKIiwiZXhwIjoxNjk4MjkyNzU5LCJpYXQiOjE2OTgyMDYzNTl9.d0WflEE0mSCIC4J0qpMiXf7YS3qPcekPmXX9eNfKLKw
2023-10-25 14:36:48,323 INFO c.z.c.JwtAuthenticationFilter [http-nio-8080-exec-2] 授权头部字段：Bearer eyJ0eXAiOiJKV1QiLCJhbGciOiJIUzI1NiJ9.eyJpc3MiOiJ6emwiLCJuYW1lIjoi5ZWK5ZWK5ZWK5ZWKIiwiZXhwIjoxNjk4MjkyNzU5LCJpYXQiOjE2OTgyMDYzNTl9.d0WflEE0mSCIC4J0qpMiXf7YS3qPcekPmXX9eNfKLKw
2023-10-25 14:36:48,323 INFO c.z.c.JwtAuthenticationFilter [http-nio-8080-exec-4] 提取的令牌：eyJ0eXAiOiJKV1QiLCJhbGciOiJIUzI1NiJ9.eyJpc3MiOiJ6emwiLCJuYW1lIjoi5ZWK5ZWK5ZWK5ZWKIiwiZXhwIjoxNjk4MjkyNzU5LCJpYXQiOjE2OTgyMDYzNTl9.d0WflEE0mSCIC4J0qpMiXf7YS3qPcekPmXX9eNfKLKw
2023-10-25 14:36:48,323 INFO c.z.c.JwtAuthenticationFilter [http-nio-8080-exec-2] 提取的令牌：eyJ0eXAiOiJKV1QiLCJhbGciOiJIUzI1NiJ9.eyJpc3MiOiJ6emwiLCJuYW1lIjoi5ZWK5ZWK5ZWK5ZWKIiwiZXhwIjoxNjk4MjkyNzU5LCJpYXQiOjE2OTgyMDYzNTl9.d0WflEE0mSCIC4J0qpMiXf7YS3qPcekPmXX9eNfKLKw
2023-10-25 14:36:48,323 INFO c.z.u.JwtTokenUtil [http-nio-8080-exec-2] 正在验证JWT令牌...
2023-10-25 14:36:48,323 INFO c.z.u.JwtTokenUtil [http-nio-8080-exec-4] 正在验证JWT令牌...
2023-10-25 14:36:48,323 INFO c.z.c.JwtAuthenticationFilter [http-nio-8080-exec-1] 提取的令牌：eyJ0eXAiOiJKV1QiLCJhbGciOiJIUzI1NiJ9.eyJpc3MiOiJ6emwiLCJuYW1lIjoi5ZWK5ZWK5ZWK5ZWKIiwiZXhwIjoxNjk4MjkyNzU5LCJpYXQiOjE2OTgyMDYzNTl9.d0WflEE0mSCIC4J0qpMiXf7YS3qPcekPmXX9eNfKLKw
2023-10-25 14:36:48,323 INFO c.z.u.JwtTokenUtil [http-nio-8080-exec-1] 正在验证JWT令牌...
2023-10-25 14:36:48,323 INFO c.z.c.JwtAuthenticationFilter [http-nio-8080-exec-10] 提取的令牌：eyJ0eXAiOiJKV1QiLCJhbGciOiJIUzI1NiJ9.eyJpc3MiOiJ6emwiLCJuYW1lIjoi5ZWK5ZWK5ZWK5ZWKIiwiZXhwIjoxNjk4MjkyNzU5LCJpYXQiOjE2OTgyMDYzNTl9.d0WflEE0mSCIC4J0qpMiXf7YS3qPcekPmXX9eNfKLKw
2023-10-25 14:36:48,323 INFO c.z.c.JwtAuthenticationFilter [http-nio-8080-exec-8] 提取的令牌：eyJ0eXAiOiJKV1QiLCJhbGciOiJIUzI1NiJ9.eyJpc3MiOiJ6emwiLCJuYW1lIjoi5ZWK5ZWK5ZWK5ZWKIiwiZXhwIjoxNjk4MjkyNzU5LCJpYXQiOjE2OTgyMDYzNTl9.d0WflEE0mSCIC4J0qpMiXf7YS3qPcekPmXX9eNfKLKw
2023-10-25 14:36:48,323 INFO c.z.u.JwtTokenUtil [http-nio-8080-exec-10] 正在验证JWT令牌...
2023-10-25 14:36:48,323 INFO c.z.u.JwtTokenUtil [http-nio-8080-exec-8] 正在验证JWT令牌...
2023-10-25 14:36:48,323 INFO c.z.u.JwtTokenUtil [http-nio-8080-exec-4] JWT令牌验证成功。
2023-10-25 14:36:48,323 INFO c.z.u.JwtTokenUtil [http-nio-8080-exec-1] JWT令牌验证成功。
2023-10-25 14:36:48,324 INFO c.z.u.JwtTokenUtil [http-nio-8080-exec-2] JWT令牌验证成功。
2023-10-25 14:36:48,324 INFO c.z.u.JwtTokenUtil [http-nio-8080-exec-10] JWT令牌验证成功。
2023-10-25 14:36:48,324 INFO c.z.u.JwtTokenUtil [http-nio-8080-exec-8] JWT令牌验证成功。
2023-10-25 14:36:48,325 INFO c.z.c.ImageController [http-nio-8080-exec-1] 接收到图片Cache_-65843dd73a78e2a.jpg
2023-10-25 14:36:48,325 INFO c.z.c.ImageController [http-nio-8080-exec-8] 接收到图片Cache_6d80b8d6de47ac9d.jpg
2023-10-25 14:36:48,325 INFO c.z.c.ImageController [http-nio-8080-exec-2] 接收到图片IMG_20180730_235642.jpg
2023-10-25 14:36:48,325 INFO c.z.c.ImageController [http-nio-8080-exec-4] 接收到图片IMG_20180730_235238.jpg
2023-10-25 14:36:48,325 INFO c.z.c.ImageController [http-nio-8080-exec-10] 接收到图片Cache_344167ccd5efb011.jpg
2023-10-25 14:36:48,326 INFO c.z.s.ImageService [http-nio-8080-exec-1] 开始保存图像: Cache_-65843dd73a78e2a.jpg
2023-10-25 14:36:48,326 INFO c.z.s.ImageService [http-nio-8080-exec-4] 开始保存图像: IMG_20180730_235238.jpg
2023-10-25 14:36:48,326 INFO c.z.s.ImageService [http-nio-8080-exec-10] 开始保存图像: Cache_344167ccd5efb011.jpg
2023-10-25 14:36:48,326 INFO c.z.s.ImageService [http-nio-8080-exec-8] 开始保存图像: Cache_6d80b8d6de47ac9d.jpg
2023-10-25 14:36:48,326 INFO c.z.s.ImageService [http-nio-8080-exec-2] 开始保存图像: IMG_20180730_235642.jpg
2023-10-25 14:36:48,382 INFO c.z.s.ImageService [http-nio-8080-exec-4] 已成功保存图像: IMG_20180730_235238.jpg, 新文件名: 20231025143648329109.jpg, 文件路径: E:\14502\Desktop\lovelogvue\lovelog\public\Image\20231025143648329109.jpg
2023-10-25 14:36:48,382 INFO c.z.s.ImageService [http-nio-8080-exec-1] 已成功保存图像: Cache_-65843dd73a78e2a.jpg, 新文件名: 20231025143648329104.jpg, 文件路径: E:\14502\Desktop\lovelogvue\lovelog\public\Image\20231025143648329104.jpg
2023-10-25 14:36:48,382 INFO c.z.c.ImageController [http-nio-8080-exec-1] 保存图片Cache_-65843dd73a78e2a.jpg成功
2023-10-25 14:36:48,382 INFO c.z.c.ImageController [http-nio-8080-exec-4] 保存图片IMG_20180730_235238.jpg成功
2023-10-25 14:36:48,383 INFO c.z.s.ImageService [http-nio-8080-exec-10] 已成功保存图像: Cache_344167ccd5efb011.jpg, 新文件名: 20231025143648329108.jpg, 文件路径: E:\14502\Desktop\lovelogvue\lovelog\public\Image\20231025143648329108.jpg
2023-10-25 14:36:48,383 INFO c.z.c.ImageController [http-nio-8080-exec-10] 保存图片Cache_344167ccd5efb011.jpg成功
2023-10-25 14:36:48,383 INFO c.z.s.ImageService [http-nio-8080-exec-8] 已成功保存图像: Cache_6d80b8d6de47ac9d.jpg, 新文件名: 20231025143648329113.jpg, 文件路径: E:\14502\Desktop\lovelogvue\lovelog\public\Image\20231025143648329113.jpg
2023-10-25 14:36:48,383 INFO c.z.c.ImageController [http-nio-8080-exec-8] 保存图片Cache_6d80b8d6de47ac9d.jpg成功
2023-10-25 14:36:48,384 INFO c.z.s.ImageService [http-nio-8080-exec-2] 已成功保存图像: IMG_20180730_235642.jpg, 新文件名: 20231025143648329100.jpg, 文件路径: E:\14502\Desktop\lovelogvue\lovelog\public\Image\20231025143648329100.jpg
2023-10-25 14:36:48,384 INFO c.z.c.ImageController [http-nio-8080-exec-2] 保存图片IMG_20180730_235642.jpg成功
2023-10-25 14:36:48,393 INFO c.z.c.JwtAuthenticationFilter [http-nio-8080-exec-7] 授权头部字段：Bearer eyJ0eXAiOiJKV1QiLCJhbGciOiJIUzI1NiJ9.eyJpc3MiOiJ6emwiLCJuYW1lIjoi5ZWK5ZWK5ZWK5ZWKIiwiZXhwIjoxNjk4MjkyNzU5LCJpYXQiOjE2OTgyMDYzNTl9.d0WflEE0mSCIC4J0qpMiXf7YS3qPcekPmXX9eNfKLKw
2023-10-25 14:36:48,393 INFO c.z.c.JwtAuthenticationFilter [http-nio-8080-exec-7] 提取的令牌：eyJ0eXAiOiJKV1QiLCJhbGciOiJIUzI1NiJ9.eyJpc3MiOiJ6emwiLCJuYW1lIjoi5ZWK5ZWK5ZWK5ZWKIiwiZXhwIjoxNjk4MjkyNzU5LCJpYXQiOjE2OTgyMDYzNTl9.d0WflEE0mSCIC4J0qpMiXf7YS3qPcekPmXX9eNfKLKw
2023-10-25 14:36:48,393 INFO c.z.u.JwtTokenUtil [http-nio-8080-exec-7] 正在验证JWT令牌...
2023-10-25 14:36:48,393 INFO c.z.u.JwtTokenUtil [http-nio-8080-exec-7] JWT令牌验证成功。
2023-10-25 14:36:48,394 INFO c.z.s.ImageService [http-nio-8080-exec-7] 开始搜索用户名啊啊啊啊对应图片列表
2023-10-25 14:36:48,394 INFO c.z.c.JwtAuthenticationFilter [http-nio-8080-exec-9] 授权头部字段：Bearer eyJ0eXAiOiJKV1QiLCJhbGciOiJIUzI1NiJ9.eyJpc3MiOiJ6emwiLCJuYW1lIjoi5ZWK5ZWK5ZWK5ZWKIiwiZXhwIjoxNjk4MjkyNzU5LCJpYXQiOjE2OTgyMDYzNTl9.d0WflEE0mSCIC4J0qpMiXf7YS3qPcekPmXX9eNfKLKw
2023-10-25 14:36:48,394 INFO c.z.c.JwtAuthenticationFilter [http-nio-8080-exec-9] 提取的令牌：eyJ0eXAiOiJKV1QiLCJhbGciOiJIUzI1NiJ9.eyJpc3MiOiJ6emwiLCJuYW1lIjoi5ZWK5ZWK5ZWK5ZWKIiwiZXhwIjoxNjk4MjkyNzU5LCJpYXQiOjE2OTgyMDYzNTl9.d0WflEE0mSCIC4J0qpMiXf7YS3qPcekPmXX9eNfKLKw
2023-10-25 14:36:48,394 INFO c.z.u.JwtTokenUtil [http-nio-8080-exec-9] 正在验证JWT令牌...
2023-10-25 14:36:48,395 INFO c.z.u.JwtTokenUtil [http-nio-8080-exec-9] JWT令牌验证成功。
2023-10-25 14:36:48,396 INFO c.z.s.ImageService [http-nio-8080-exec-9] 开始搜索用户名啊啊啊啊对应图片列表
2023-10-25 14:36:48,396 INFO c.z.c.JwtAuthenticationFilter [http-nio-8080-exec-5] 授权头部字段：Bearer eyJ0eXAiOiJKV1QiLCJhbGciOiJIUzI1NiJ9.eyJpc3MiOiJ6emwiLCJuYW1lIjoi5ZWK5ZWK5ZWK5ZWKIiwiZXhwIjoxNjk4MjkyNzU5LCJpYXQiOjE2OTgyMDYzNTl9.d0WflEE0mSCIC4J0qpMiXf7YS3qPcekPmXX9eNfKLKw
2023-10-25 14:36:48,396 INFO c.z.c.JwtAuthenticationFilter [http-nio-8080-exec-5] 提取的令牌：eyJ0eXAiOiJKV1QiLCJhbGciOiJIUzI1NiJ9.eyJpc3MiOiJ6emwiLCJuYW1lIjoi5ZWK5ZWK5ZWK5ZWKIiwiZXhwIjoxNjk4MjkyNzU5LCJpYXQiOjE2OTgyMDYzNTl9.d0WflEE0mSCIC4J0qpMiXf7YS3qPcekPmXX9eNfKLKw
2023-10-25 14:36:48,396 INFO c.z.u.JwtTokenUtil [http-nio-8080-exec-5] 正在验证JWT令牌...
2023-10-25 14:36:48,396 INFO c.z.u.JwtTokenUtil [http-nio-8080-exec-5] JWT令牌验证成功。
2023-10-25 14:36:48,397 INFO c.z.s.ImageService [http-nio-8080-exec-5] 开始搜索用户名啊啊啊啊对应图片列表
2023-10-25 14:36:48,397 INFO c.z.c.JwtAuthenticationFilter [http-nio-8080-exec-3] 授权头部字段：Bearer eyJ0eXAiOiJKV1QiLCJhbGciOiJIUzI1NiJ9.eyJpc3MiOiJ6emwiLCJuYW1lIjoi5ZWK5ZWK5ZWK5ZWKIiwiZXhwIjoxNjk4MjkyNzU5LCJpYXQiOjE2OTgyMDYzNTl9.d0WflEE0mSCIC4J0qpMiXf7YS3qPcekPmXX9eNfKLKw
2023-10-25 14:36:48,397 INFO c.z.c.JwtAuthenticationFilter [http-nio-8080-exec-3] 提取的令牌：eyJ0eXAiOiJKV1QiLCJhbGciOiJIUzI1NiJ9.eyJpc3MiOiJ6emwiLCJuYW1lIjoi5ZWK5ZWK5ZWK5ZWKIiwiZXhwIjoxNjk4MjkyNzU5LCJpYXQiOjE2OTgyMDYzNTl9.d0WflEE0mSCIC4J0qpMiXf7YS3qPcekPmXX9eNfKLKw
2023-10-25 14:36:48,397 INFO c.z.u.JwtTokenUtil [http-nio-8080-exec-3] 正在验证JWT令牌...
2023-10-25 14:36:48,397 INFO c.z.u.JwtTokenUtil [http-nio-8080-exec-3] JWT令牌验证成功。
2023-10-25 14:36:48,397 INFO c.z.s.ImageService [http-nio-8080-exec-7] 成功获取用户名啊啊啊啊对应图片列表
2023-10-25 14:36:48,398 INFO c.z.s.ImageService [http-nio-8080-exec-3] 开始搜索用户名啊啊啊啊对应图片列表
2023-10-25 14:36:48,398 INFO c.z.c.JwtAuthenticationFilter [http-nio-8080-exec-6] 授权头部字段：Bearer eyJ0eXAiOiJKV1QiLCJhbGciOiJIUzI1NiJ9.eyJpc3MiOiJ6emwiLCJuYW1lIjoi5ZWK5ZWK5ZWK5ZWKIiwiZXhwIjoxNjk4MjkyNzU5LCJpYXQiOjE2OTgyMDYzNTl9.d0WflEE0mSCIC4J0qpMiXf7YS3qPcekPmXX9eNfKLKw
2023-10-25 14:36:48,398 INFO c.z.c.JwtAuthenticationFilter [http-nio-8080-exec-6] 提取的令牌：eyJ0eXAiOiJKV1QiLCJhbGciOiJIUzI1NiJ9.eyJpc3MiOiJ6emwiLCJuYW1lIjoi5ZWK5ZWK5ZWK5ZWKIiwiZXhwIjoxNjk4MjkyNzU5LCJpYXQiOjE2OTgyMDYzNTl9.d0WflEE0mSCIC4J0qpMiXf7YS3qPcekPmXX9eNfKLKw
2023-10-25 14:36:48,398 INFO c.z.u.JwtTokenUtil [http-nio-8080-exec-6] 正在验证JWT令牌...
2023-10-25 14:36:48,398 INFO c.z.u.JwtTokenUtil [http-nio-8080-exec-6] JWT令牌验证成功。
2023-10-25 14:36:48,398 INFO c.z.s.ImageService [http-nio-8080-exec-6] 开始搜索用户名啊啊啊啊对应图片列表
2023-10-25 14:36:48,401 INFO c.z.s.ImageService [http-nio-8080-exec-9] 成功获取用户名啊啊啊啊对应图片列表
2023-10-25 14:36:48,401 INFO c.z.s.ImageService [http-nio-8080-exec-3] 成功获取用户名啊啊啊啊对应图片列表
2023-10-25 14:36:48,401 INFO c.z.s.ImageService [http-nio-8080-exec-5] 成功获取用户名啊啊啊啊对应图片列表
2023-10-25 14:36:48,402 INFO c.z.s.ImageService [http-nio-8080-exec-6] 成功获取用户名啊啊啊啊对应图片列表
2023-10-25 14:37:39,309 INFO c.z.c.JwtAuthenticationFilter [http-nio-8080-exec-1] 授权头部字段：Bearer eyJ0eXAiOiJKV1QiLCJhbGciOiJIUzI1NiJ9.eyJpc3MiOiJ6emwiLCJuYW1lIjoi5ZWK5ZWK5ZWK5ZWKIiwiZXhwIjoxNjk4MjkyNzU5LCJpYXQiOjE2OTgyMDYzNTl9.d0WflEE0mSCIC4J0qpMiXf7YS3qPcekPmXX9eNfKLKw
2023-10-25 14:37:39,309 INFO c.z.c.JwtAuthenticationFilter [http-nio-8080-exec-1] 提取的令牌：eyJ0eXAiOiJKV1QiLCJhbGciOiJIUzI1NiJ9.eyJpc3MiOiJ6emwiLCJuYW1lIjoi5ZWK5ZWK5ZWK5ZWKIiwiZXhwIjoxNjk4MjkyNzU5LCJpYXQiOjE2OTgyMDYzNTl9.d0WflEE0mSCIC4J0qpMiXf7YS3qPcekPmXX9eNfKLKw
2023-10-25 14:37:39,309 INFO c.z.u.JwtTokenUtil [http-nio-8080-exec-1] 正在验证JWT令牌...
2023-10-25 14:37:39,309 INFO c.z.u.JwtTokenUtil [http-nio-8080-exec-1] JWT令牌验证成功。
2023-10-25 14:37:39,312 INFO c.z.c.ImageController [http-nio-8080-exec-1] 开始删除指定文件名20231025143648329100.jpg的图片
2023-10-25 14:37:39,312 INFO c.z.s.ImageService [http-nio-8080-exec-1] 开始删除指定文件名20231025143648329100.jpg对应的图片
2023-10-25 14:37:39,344 INFO c.z.s.ImageService [http-nio-8080-exec-1] 成功删除指定文件名20231025143648329100.jpg对应的图片
2023-10-25 14:37:39,344 INFO c.z.c.ImageController [http-nio-8080-exec-1] 照片删除成功，文件名: 20231025143648329100.jpg
2023-10-25 14:37:39,352 INFO c.z.c.JwtAuthenticationFilter [http-nio-8080-exec-10] 授权头部字段：Bearer eyJ0eXAiOiJKV1QiLCJhbGciOiJIUzI1NiJ9.eyJpc3MiOiJ6emwiLCJuYW1lIjoi5ZWK5ZWK5ZWK5ZWKIiwiZXhwIjoxNjk4MjkyNzU5LCJpYXQiOjE2OTgyMDYzNTl9.d0WflEE0mSCIC4J0qpMiXf7YS3qPcekPmXX9eNfKLKw
2023-10-25 14:37:39,353 INFO c.z.c.JwtAuthenticationFilter [http-nio-8080-exec-10] 提取的令牌：eyJ0eXAiOiJKV1QiLCJhbGciOiJIUzI1NiJ9.eyJpc3MiOiJ6emwiLCJuYW1lIjoi5ZWK5ZWK5ZWK5ZWKIiwiZXhwIjoxNjk4MjkyNzU5LCJpYXQiOjE2OTgyMDYzNTl9.d0WflEE0mSCIC4J0qpMiXf7YS3qPcekPmXX9eNfKLKw
2023-10-25 14:37:39,353 INFO c.z.u.JwtTokenUtil [http-nio-8080-exec-10] 正在验证JWT令牌...
2023-10-25 14:37:39,353 INFO c.z.u.JwtTokenUtil [http-nio-8080-exec-10] JWT令牌验证成功。
2023-10-25 14:37:39,353 INFO c.z.s.ImageService [http-nio-8080-exec-10] 开始搜索用户名啊啊啊啊对应图片列表
2023-10-25 14:37:39,356 INFO c.z.s.ImageService [http-nio-8080-exec-10] 成功获取用户名啊啊啊啊对应图片列表
2023-10-25 14:37:41,135 INFO c.z.c.JwtAuthenticationFilter [http-nio-8080-exec-8] 授权头部字段：Bearer eyJ0eXAiOiJKV1QiLCJhbGciOiJIUzI1NiJ9.eyJpc3MiOiJ6emwiLCJuYW1lIjoi5ZWK5ZWK5ZWK5ZWKIiwiZXhwIjoxNjk4MjkyNzU5LCJpYXQiOjE2OTgyMDYzNTl9.d0WflEE0mSCIC4J0qpMiXf7YS3qPcekPmXX9eNfKLKw
2023-10-25 14:37:41,135 INFO c.z.c.JwtAuthenticationFilter [http-nio-8080-exec-8] 提取的令牌：eyJ0eXAiOiJKV1QiLCJhbGciOiJIUzI1NiJ9.eyJpc3MiOiJ6emwiLCJuYW1lIjoi5ZWK5ZWK5ZWK5ZWKIiwiZXhwIjoxNjk4MjkyNzU5LCJpYXQiOjE2OTgyMDYzNTl9.d0WflEE0mSCIC4J0qpMiXf7YS3qPcekPmXX9eNfKLKw
2023-10-25 14:37:41,135 INFO c.z.u.JwtTokenUtil [http-nio-8080-exec-8] 正在验证JWT令牌...
2023-10-25 14:37:41,136 INFO c.z.u.JwtTokenUtil [http-nio-8080-exec-8] JWT令牌验证成功。
2023-10-25 14:37:41,136 INFO c.z.c.ImageController [http-nio-8080-exec-8] 开始删除指定文件名20231025141042102.jpg的图片
2023-10-25 14:37:41,136 INFO c.z.s.ImageService [http-nio-8080-exec-8] 开始删除指定文件名20231025141042102.jpg对应的图片
2023-10-25 14:37:41,141 INFO c.z.s.ImageService [http-nio-8080-exec-8] 成功删除指定文件名20231025141042102.jpg对应的图片
2023-10-25 14:37:41,141 INFO c.z.c.ImageController [http-nio-8080-exec-8] 照片删除成功，文件名: 20231025141042102.jpg
2023-10-25 14:37:41,150 INFO c.z.c.JwtAuthenticationFilter [http-nio-8080-exec-2] 授权头部字段：Bearer eyJ0eXAiOiJKV1QiLCJhbGciOiJIUzI1NiJ9.eyJpc3MiOiJ6emwiLCJuYW1lIjoi5ZWK5ZWK5ZWK5ZWKIiwiZXhwIjoxNjk4MjkyNzU5LCJpYXQiOjE2OTgyMDYzNTl9.d0WflEE0mSCIC4J0qpMiXf7YS3qPcekPmXX9eNfKLKw
2023-10-25 14:37:41,150 INFO c.z.c.JwtAuthenticationFilter [http-nio-8080-exec-2] 提取的令牌：eyJ0eXAiOiJKV1QiLCJhbGciOiJIUzI1NiJ9.eyJpc3MiOiJ6emwiLCJuYW1lIjoi5ZWK5ZWK5ZWK5ZWKIiwiZXhwIjoxNjk4MjkyNzU5LCJpYXQiOjE2OTgyMDYzNTl9.d0WflEE0mSCIC4J0qpMiXf7YS3qPcekPmXX9eNfKLKw
2023-10-25 14:37:41,150 INFO c.z.u.JwtTokenUtil [http-nio-8080-exec-2] 正在验证JWT令牌...
2023-10-25 14:37:41,150 INFO c.z.u.JwtTokenUtil [http-nio-8080-exec-2] JWT令牌验证成功。
2023-10-25 14:37:41,151 INFO c.z.s.ImageService [http-nio-8080-exec-2] 开始搜索用户名啊啊啊啊对应图片列表
2023-10-25 14:37:41,155 INFO c.z.s.ImageService [http-nio-8080-exec-2] 成功获取用户名啊啊啊啊对应图片列表
2023-10-25 14:37:45,630 INFO c.z.c.JwtAuthenticationFilter [http-nio-8080-exec-7] 授权头部字段：Bearer eyJ0eXAiOiJKV1QiLCJhbGciOiJIUzI1NiJ9.eyJpc3MiOiJ6emwiLCJuYW1lIjoi5ZWK5ZWK5ZWK5ZWKIiwiZXhwIjoxNjk4MjkyNzU5LCJpYXQiOjE2OTgyMDYzNTl9.d0WflEE0mSCIC4J0qpMiXf7YS3qPcekPmXX9eNfKLKw
2023-10-25 14:37:45,630 INFO c.z.c.JwtAuthenticationFilter [http-nio-8080-exec-7] 提取的令牌：eyJ0eXAiOiJKV1QiLCJhbGciOiJIUzI1NiJ9.eyJpc3MiOiJ6emwiLCJuYW1lIjoi5ZWK5ZWK5ZWK5ZWKIiwiZXhwIjoxNjk4MjkyNzU5LCJpYXQiOjE2OTgyMDYzNTl9.d0WflEE0mSCIC4J0qpMiXf7YS3qPcekPmXX9eNfKLKw
2023-10-25 14:37:45,630 INFO c.z.u.JwtTokenUtil [http-nio-8080-exec-7] 正在验证JWT令牌...
2023-10-25 14:37:45,631 INFO c.z.u.JwtTokenUtil [http-nio-8080-exec-7] JWT令牌验证成功。
2023-10-25 14:37:45,631 INFO c.z.c.ImageController [http-nio-8080-exec-7] 接收到图片1624259487269.jpg
2023-10-25 14:37:45,631 INFO c.z.s.ImageService [http-nio-8080-exec-7] 开始保存图像: 1624259487269.jpg
2023-10-25 14:37:45,638 INFO c.z.s.ImageService [http-nio-8080-exec-7] 已成功保存图像: 1624259487269.jpg, 新文件名: 20231025143745631104.jpg, 文件路径: E:\14502\Desktop\lovelogvue\lovelog\public\Image\20231025143745631104.jpg
2023-10-25 14:37:45,639 INFO c.z.c.ImageController [http-nio-8080-exec-7] 保存图片1624259487269.jpg成功
2023-10-25 14:37:45,647 INFO c.z.c.JwtAuthenticationFilter [http-nio-8080-exec-9] 授权头部字段：Bearer eyJ0eXAiOiJKV1QiLCJhbGciOiJIUzI1NiJ9.eyJpc3MiOiJ6emwiLCJuYW1lIjoi5ZWK5ZWK5ZWK5ZWKIiwiZXhwIjoxNjk4MjkyNzU5LCJpYXQiOjE2OTgyMDYzNTl9.d0WflEE0mSCIC4J0qpMiXf7YS3qPcekPmXX9eNfKLKw
2023-10-25 14:37:45,647 INFO c.z.c.JwtAuthenticationFilter [http-nio-8080-exec-9] 提取的令牌：eyJ0eXAiOiJKV1QiLCJhbGciOiJIUzI1NiJ9.eyJpc3MiOiJ6emwiLCJuYW1lIjoi5ZWK5ZWK5ZWK5ZWKIiwiZXhwIjoxNjk4MjkyNzU5LCJpYXQiOjE2OTgyMDYzNTl9.d0WflEE0mSCIC4J0qpMiXf7YS3qPcekPmXX9eNfKLKw
2023-10-25 14:37:45,647 INFO c.z.u.JwtTokenUtil [http-nio-8080-exec-9] 正在验证JWT令牌...
2023-10-25 14:37:45,647 INFO c.z.u.JwtTokenUtil [http-nio-8080-exec-9] JWT令牌验证成功。
2023-10-25 14:37:45,647 INFO c.z.s.ImageService [http-nio-8080-exec-9] 开始搜索用户名啊啊啊啊对应图片列表
2023-10-25 14:37:45,650 INFO c.z.s.ImageService [http-nio-8080-exec-9] 成功获取用户名啊啊啊啊对应图片列表
2023-10-25 14:39:24,630 INFO c.z.c.JwtAuthenticationFilter [http-nio-8080-exec-10] 授权头部字段：Bearer eyJ0eXAiOiJKV1QiLCJhbGciOiJIUzI1NiJ9.eyJpc3MiOiJ6emwiLCJuYW1lIjoi5ZWK5ZWK5ZWK5ZWKIiwiZXhwIjoxNjk4MjkyNzU5LCJpYXQiOjE2OTgyMDYzNTl9.d0WflEE0mSCIC4J0qpMiXf7YS3qPcekPmXX9eNfKLKw
2023-10-25 14:39:24,630 INFO c.z.c.JwtAuthenticationFilter [http-nio-8080-exec-10] 提取的令牌：eyJ0eXAiOiJKV1QiLCJhbGciOiJIUzI1NiJ9.eyJpc3MiOiJ6emwiLCJuYW1lIjoi5ZWK5ZWK5ZWK5ZWKIiwiZXhwIjoxNjk4MjkyNzU5LCJpYXQiOjE2OTgyMDYzNTl9.d0WflEE0mSCIC4J0qpMiXf7YS3qPcekPmXX9eNfKLKw
2023-10-25 14:39:24,630 INFO c.z.u.JwtTokenUtil [http-nio-8080-exec-10] 正在验证JWT令牌...
2023-10-25 14:39:24,631 INFO c.z.u.JwtTokenUtil [http-nio-8080-exec-10] JWT令牌验证成功。
2023-10-25 14:39:24,631 INFO c.z.s.ImageService [http-nio-8080-exec-10] 开始搜索用户名啊啊啊啊对应图片列表
2023-10-25 14:39:24,635 INFO c.z.s.ImageService [http-nio-8080-exec-10] 成功获取用户名啊啊啊啊对应图片列表
2023-10-25 14:40:09,568 INFO c.z.c.JwtAuthenticationFilter [http-nio-8080-exec-8] 授权头部字段：Bearer eyJ0eXAiOiJKV1QiLCJhbGciOiJIUzI1NiJ9.eyJpc3MiOiJ6emwiLCJuYW1lIjoi5ZWK5ZWK5ZWK5ZWKIiwiZXhwIjoxNjk4MjkyNzU5LCJpYXQiOjE2OTgyMDYzNTl9.d0WflEE0mSCIC4J0qpMiXf7YS3qPcekPmXX9eNfKLKw
2023-10-25 14:40:09,568 INFO c.z.c.JwtAuthenticationFilter [http-nio-8080-exec-8] 提取的令牌：eyJ0eXAiOiJKV1QiLCJhbGciOiJIUzI1NiJ9.eyJpc3MiOiJ6emwiLCJuYW1lIjoi5ZWK5ZWK5ZWK5ZWKIiwiZXhwIjoxNjk4MjkyNzU5LCJpYXQiOjE2OTgyMDYzNTl9.d0WflEE0mSCIC4J0qpMiXf7YS3qPcekPmXX9eNfKLKw
2023-10-25 14:40:09,568 INFO c.z.u.JwtTokenUtil [http-nio-8080-exec-8] 正在验证JWT令牌...
2023-10-25 14:40:09,568 INFO c.z.u.JwtTokenUtil [http-nio-8080-exec-8] JWT令牌验证成功。
2023-10-25 14:40:09,569 INFO c.z.s.ImageService [http-nio-8080-exec-8] 开始搜索用户名啊啊啊啊对应图片列表
2023-10-25 14:40:09,572 INFO c.z.s.ImageService [http-nio-8080-exec-8] 成功获取用户名啊啊啊啊对应图片列表
2023-10-25 14:40:46,348 INFO c.z.c.UserController [http-nio-8080-exec-2] 接收到用户啊啊啊啊登录信息
2023-10-25 14:40:46,351 INFO c.z.s.i.UserServiceImpl [http-nio-8080-exec-2] 开始验证用户名啊啊啊啊 的密码。
2023-10-25 14:40:46,353 INFO c.z.s.i.UserServiceImpl [http-nio-8080-exec-2] 用户名啊啊啊啊 密码验证成功。
2023-10-25 14:40:46,354 INFO c.z.u.JwtTokenUtil [http-nio-8080-exec-2] 正在创建JWT令牌...
2023-10-25 14:40:46,362 INFO c.z.u.JwtTokenUtil [http-nio-8080-exec-2] JWT令牌已成功创建。
2023-10-25 14:40:46,363 INFO c.z.c.UserController [http-nio-8080-exec-2] 用户啊啊啊啊登录成功
2023-10-25 14:40:46,432 INFO c.z.c.JwtAuthenticationFilter [http-nio-8080-exec-7] 授权头部字段：Bearer eyJ0eXAiOiJKV1QiLCJhbGciOiJIUzI1NiJ9.eyJpc3MiOiJ6emwiLCJuYW1lIjoi5ZWK5ZWK5ZWK5ZWKIiwiZXhwIjoxNjk4MzAyNDQ2LCJpYXQiOjE2OTgyMTYwNDZ9.ASkCJYwmW1e4uW7RNOi6L4XadtbKpboHgrdqM-pt26Q
2023-10-25 14:40:46,432 INFO c.z.c.JwtAuthenticationFilter [http-nio-8080-exec-7] 提取的令牌：eyJ0eXAiOiJKV1QiLCJhbGciOiJIUzI1NiJ9.eyJpc3MiOiJ6emwiLCJuYW1lIjoi5ZWK5ZWK5ZWK5ZWKIiwiZXhwIjoxNjk4MzAyNDQ2LCJpYXQiOjE2OTgyMTYwNDZ9.ASkCJYwmW1e4uW7RNOi6L4XadtbKpboHgrdqM-pt26Q
2023-10-25 14:40:46,432 INFO c.z.u.JwtTokenUtil [http-nio-8080-exec-7] 正在验证JWT令牌...
2023-10-25 14:40:46,432 INFO c.z.u.JwtTokenUtil [http-nio-8080-exec-7] JWT令牌验证成功。
2023-10-25 14:40:46,433 INFO c.z.s.ImageService [http-nio-8080-exec-7] 开始搜索用户名啊啊啊啊对应图片列表
2023-10-25 14:40:46,435 INFO c.z.s.ImageService [http-nio-8080-exec-7] 成功获取用户名啊啊啊啊对应图片列表
2023-10-25 14:40:48,156 INFO c.z.c.JwtAuthenticationFilter [http-nio-8080-exec-4] 授权头部字段：Bearer eyJ0eXAiOiJKV1QiLCJhbGciOiJIUzI1NiJ9.eyJpc3MiOiJ6emwiLCJuYW1lIjoi5ZWK5ZWK5ZWK5ZWKIiwiZXhwIjoxNjk4MzAyNDQ2LCJpYXQiOjE2OTgyMTYwNDZ9.ASkCJYwmW1e4uW7RNOi6L4XadtbKpboHgrdqM-pt26Q
2023-10-25 14:40:48,156 INFO c.z.c.JwtAuthenticationFilter [http-nio-8080-exec-4] 提取的令牌：eyJ0eXAiOiJKV1QiLCJhbGciOiJIUzI1NiJ9.eyJpc3MiOiJ6emwiLCJuYW1lIjoi5ZWK5ZWK5ZWK5ZWKIiwiZXhwIjoxNjk4MzAyNDQ2LCJpYXQiOjE2OTgyMTYwNDZ9.ASkCJYwmW1e4uW7RNOi6L4XadtbKpboHgrdqM-pt26Q
2023-10-25 14:40:48,156 INFO c.z.u.JwtTokenUtil [http-nio-8080-exec-4] 正在验证JWT令牌...
2023-10-25 14:40:48,156 INFO c.z.u.JwtTokenUtil [http-nio-8080-exec-4] JWT令牌验证成功。
2023-10-25 14:40:48,165 INFO c.z.s.i.EventsServiceImpl [http-nio-8080-exec-4] 开始查找啊啊啊啊的所有事件
2023-10-25 14:40:48,177 INFO c.z.s.i.EventsServiceImpl [http-nio-8080-exec-4] 查找啊啊啊啊的所有事件成功
2023-10-25 14:40:57,084 INFO c.z.c.JwtAuthenticationFilter [http-nio-8080-exec-6] 授权头部字段：Bearer eyJ0eXAiOiJKV1QiLCJhbGciOiJIUzI1NiJ9.eyJpc3MiOiJ6emwiLCJuYW1lIjoi5ZWK5ZWK5ZWK5ZWKIiwiZXhwIjoxNjk4MzAyNDQ2LCJpYXQiOjE2OTgyMTYwNDZ9.ASkCJYwmW1e4uW7RNOi6L4XadtbKpboHgrdqM-pt26Q
2023-10-25 14:40:57,084 INFO c.z.c.JwtAuthenticationFilter [http-nio-8080-exec-6] 提取的令牌：eyJ0eXAiOiJKV1QiLCJhbGciOiJIUzI1NiJ9.eyJpc3MiOiJ6emwiLCJuYW1lIjoi5ZWK5ZWK5ZWK5ZWKIiwiZXhwIjoxNjk4MzAyNDQ2LCJpYXQiOjE2OTgyMTYwNDZ9.ASkCJYwmW1e4uW7RNOi6L4XadtbKpboHgrdqM-pt26Q
2023-10-25 14:40:57,084 INFO c.z.u.JwtTokenUtil [http-nio-8080-exec-6] 正在验证JWT令牌...
2023-10-25 14:40:57,085 INFO c.z.u.JwtTokenUtil [http-nio-8080-exec-6] JWT令牌验证成功。
2023-10-25 14:40:57,087 INFO c.z.c.EventsController [http-nio-8080-exec-6] 开始上传事件。事件名: , 用户名: 啊啊啊啊
2023-10-25 14:40:57,087 INFO c.z.s.i.EventsServiceImpl [http-nio-8080-exec-6] 开始用户啊啊啊啊的事件是否有相同事件名
2023-10-25 14:40:57,089 INFO c.z.s.i.EventsServiceImpl [http-nio-8080-exec-6] 未查询到有同名事件名
2023-10-25 14:40:57,089 INFO c.z.s.i.EventsServiceImpl [http-nio-8080-exec-6] 开始保存啊啊啊啊的事件
2023-10-25 14:40:57,094 INFO c.z.s.i.EventsServiceImpl [http-nio-8080-exec-6] 保存啊啊啊啊的Events(id=1717068711541297153, name=啊啊啊啊, eventsname=, createtime=2023-10-25T14:40:57.089, updatetime=null, starttime=2023-10-24T14:41:50, timenode=null, description=)事件成功
2023-10-25 14:40:57,094 INFO c.z.c.EventsController [http-nio-8080-exec-6] 事件保存成功: 
2023-10-25 14:41:15,124 INFO c.z.c.JwtAuthenticationFilter [http-nio-8080-exec-1] 授权头部字段：Bearer eyJ0eXAiOiJKV1QiLCJhbGciOiJIUzI1NiJ9.eyJpc3MiOiJ6emwiLCJuYW1lIjoi5ZWK5ZWK5ZWK5ZWKIiwiZXhwIjoxNjk4MzAyNDQ2LCJpYXQiOjE2OTgyMTYwNDZ9.ASkCJYwmW1e4uW7RNOi6L4XadtbKpboHgrdqM-pt26Q
2023-10-25 14:41:15,124 INFO c.z.c.JwtAuthenticationFilter [http-nio-8080-exec-1] 提取的令牌：eyJ0eXAiOiJKV1QiLCJhbGciOiJIUzI1NiJ9.eyJpc3MiOiJ6emwiLCJuYW1lIjoi5ZWK5ZWK5ZWK5ZWKIiwiZXhwIjoxNjk4MzAyNDQ2LCJpYXQiOjE2OTgyMTYwNDZ9.ASkCJYwmW1e4uW7RNOi6L4XadtbKpboHgrdqM-pt26Q
2023-10-25 14:41:15,124 INFO c.z.u.JwtTokenUtil [http-nio-8080-exec-1] 正在验证JWT令牌...
2023-10-25 14:41:15,125 INFO c.z.u.JwtTokenUtil [http-nio-8080-exec-1] JWT令牌验证成功。
2023-10-25 14:41:15,125 INFO c.z.c.EventsController [http-nio-8080-exec-1] 开始删除事件，事件名：
2023-10-25 14:41:15,125 INFO c.z.c.EventsController [http-nio-8080-exec-1] 从header中解析出用户名：啊啊啊啊
2023-10-25 14:41:15,125 INFO c.z.s.i.EventsServiceImpl [http-nio-8080-exec-1] 开始删除指定事件名对应的事件
2023-10-25 14:41:15,129 INFO c.z.s.i.EventsServiceImpl [http-nio-8080-exec-1] 成功删除指定事件
2023-10-25 14:41:15,129 INFO c.z.c.EventsController [http-nio-8080-exec-1] 事件删除成功
2023-10-25 14:41:29,364 INFO c.z.c.JwtAuthenticationFilter [http-nio-8080-exec-10] 授权头部字段：Bearer eyJ0eXAiOiJKV1QiLCJhbGciOiJIUzI1NiJ9.eyJpc3MiOiJ6emwiLCJuYW1lIjoi5ZWK5ZWK5ZWK5ZWKIiwiZXhwIjoxNjk4MzAyNDQ2LCJpYXQiOjE2OTgyMTYwNDZ9.ASkCJYwmW1e4uW7RNOi6L4XadtbKpboHgrdqM-pt26Q
2023-10-25 14:41:29,364 INFO c.z.c.JwtAuthenticationFilter [http-nio-8080-exec-10] 提取的令牌：eyJ0eXAiOiJKV1QiLCJhbGciOiJIUzI1NiJ9.eyJpc3MiOiJ6emwiLCJuYW1lIjoi5ZWK5ZWK5ZWK5ZWKIiwiZXhwIjoxNjk4MzAyNDQ2LCJpYXQiOjE2OTgyMTYwNDZ9.ASkCJYwmW1e4uW7RNOi6L4XadtbKpboHgrdqM-pt26Q
2023-10-25 14:41:29,364 INFO c.z.u.JwtTokenUtil [http-nio-8080-exec-10] 正在验证JWT令牌...
2023-10-25 14:41:29,364 INFO c.z.u.JwtTokenUtil [http-nio-8080-exec-10] JWT令牌验证成功。
2023-10-25 14:41:29,365 INFO c.z.c.EventsController [http-nio-8080-exec-10] 开始上传事件。事件名: 111111, 用户名: 啊啊啊啊
2023-10-25 14:41:29,365 INFO c.z.s.i.EventsServiceImpl [http-nio-8080-exec-10] 开始用户啊啊啊啊的111111事件是否有相同事件名
2023-10-25 14:41:29,368 INFO c.z.s.i.EventsServiceImpl [http-nio-8080-exec-10] 未查询到有同名事件名
2023-10-25 14:41:29,368 INFO c.z.s.i.EventsServiceImpl [http-nio-8080-exec-10] 开始保存啊啊啊啊的111111事件
2023-10-25 14:41:29,372 INFO c.z.s.i.EventsServiceImpl [http-nio-8080-exec-10] 保存啊啊啊啊的Events(id=1717068846958596097, name=啊啊啊啊, eventsname=111111, createtime=2023-10-25T14:41:29.368, updatetime=null, starttime=2023-10-25T14:40:57, timenode=null, description=)事件成功
2023-10-25 14:41:29,372 INFO c.z.c.EventsController [http-nio-8080-exec-10] 事件保存成功: 111111
2023-10-25 14:41:42,087 INFO c.z.c.JwtAuthenticationFilter [http-nio-8080-exec-8] 授权头部字段：Bearer eyJ0eXAiOiJKV1QiLCJhbGciOiJIUzI1NiJ9.eyJpc3MiOiJ6emwiLCJuYW1lIjoi5ZWK5ZWK5ZWK5ZWKIiwiZXhwIjoxNjk4MzAyNDQ2LCJpYXQiOjE2OTgyMTYwNDZ9.ASkCJYwmW1e4uW7RNOi6L4XadtbKpboHgrdqM-pt26Q
2023-10-25 14:41:42,087 INFO c.z.c.JwtAuthenticationFilter [http-nio-8080-exec-8] 提取的令牌：eyJ0eXAiOiJKV1QiLCJhbGciOiJIUzI1NiJ9.eyJpc3MiOiJ6emwiLCJuYW1lIjoi5ZWK5ZWK5ZWK5ZWKIiwiZXhwIjoxNjk4MzAyNDQ2LCJpYXQiOjE2OTgyMTYwNDZ9.ASkCJYwmW1e4uW7RNOi6L4XadtbKpboHgrdqM-pt26Q
2023-10-25 14:41:42,087 INFO c.z.u.JwtTokenUtil [http-nio-8080-exec-8] 正在验证JWT令牌...
2023-10-25 14:41:42,087 INFO c.z.u.JwtTokenUtil [http-nio-8080-exec-8] JWT令牌验证成功。
2023-10-25 14:41:42,088 INFO c.z.c.EventsController [http-nio-8080-exec-8] 开始上传事件。事件名: aaaa, 用户名: 啊啊啊啊
2023-10-25 14:41:42,088 INFO c.z.s.i.EventsServiceImpl [http-nio-8080-exec-8] 开始用户啊啊啊啊的aaaa事件是否有相同事件名
2023-10-25 14:41:42,091 INFO c.z.s.i.EventsServiceImpl [http-nio-8080-exec-8] 未查询到有同名事件名
2023-10-25 14:41:42,091 INFO c.z.s.i.EventsServiceImpl [http-nio-8080-exec-8] 开始保存啊啊啊啊的aaaa事件
2023-10-25 14:41:42,094 INFO c.z.s.i.EventsServiceImpl [http-nio-8080-exec-8] 保存啊啊啊啊的Events(id=1717068900310142977, name=啊啊啊啊, eventsname=aaaa, createtime=2023-10-25T14:41:42.091, updatetime=null, starttime=2023-10-24T14:41:29, timenode=null, description=1111)事件成功
2023-10-25 14:41:42,094 INFO c.z.c.EventsController [http-nio-8080-exec-8] 事件保存成功: aaaa
2023-10-25 14:41:51,537 INFO c.z.c.JwtAuthenticationFilter [http-nio-8080-exec-2] 授权头部字段：Bearer eyJ0eXAiOiJKV1QiLCJhbGciOiJIUzI1NiJ9.eyJpc3MiOiJ6emwiLCJuYW1lIjoi5ZWK5ZWK5ZWK5ZWKIiwiZXhwIjoxNjk4MzAyNDQ2LCJpYXQiOjE2OTgyMTYwNDZ9.ASkCJYwmW1e4uW7RNOi6L4XadtbKpboHgrdqM-pt26Q
2023-10-25 14:41:51,537 INFO c.z.c.JwtAuthenticationFilter [http-nio-8080-exec-2] 提取的令牌：eyJ0eXAiOiJKV1QiLCJhbGciOiJIUzI1NiJ9.eyJpc3MiOiJ6emwiLCJuYW1lIjoi5ZWK5ZWK5ZWK5ZWKIiwiZXhwIjoxNjk4MzAyNDQ2LCJpYXQiOjE2OTgyMTYwNDZ9.ASkCJYwmW1e4uW7RNOi6L4XadtbKpboHgrdqM-pt26Q
2023-10-25 14:41:51,537 INFO c.z.u.JwtTokenUtil [http-nio-8080-exec-2] 正在验证JWT令牌...
2023-10-25 14:41:51,537 INFO c.z.u.JwtTokenUtil [http-nio-8080-exec-2] JWT令牌验证成功。
2023-10-25 14:41:51,537 INFO c.z.s.ImageService [http-nio-8080-exec-2] 开始搜索用户名啊啊啊啊对应图片列表
2023-10-25 14:41:51,540 INFO c.z.s.ImageService [http-nio-8080-exec-2] 成功获取用户名啊啊啊啊对应图片列表
2023-10-25 14:41:52,059 INFO c.z.c.JwtAuthenticationFilter [http-nio-8080-exec-7] 授权头部字段：Bearer eyJ0eXAiOiJKV1QiLCJhbGciOiJIUzI1NiJ9.eyJpc3MiOiJ6emwiLCJuYW1lIjoi5ZWK5ZWK5ZWK5ZWKIiwiZXhwIjoxNjk4MzAyNDQ2LCJpYXQiOjE2OTgyMTYwNDZ9.ASkCJYwmW1e4uW7RNOi6L4XadtbKpboHgrdqM-pt26Q
2023-10-25 14:41:52,059 INFO c.z.c.JwtAuthenticationFilter [http-nio-8080-exec-7] 提取的令牌：eyJ0eXAiOiJKV1QiLCJhbGciOiJIUzI1NiJ9.eyJpc3MiOiJ6emwiLCJuYW1lIjoi5ZWK5ZWK5ZWK5ZWKIiwiZXhwIjoxNjk4MzAyNDQ2LCJpYXQiOjE2OTgyMTYwNDZ9.ASkCJYwmW1e4uW7RNOi6L4XadtbKpboHgrdqM-pt26Q
2023-10-25 14:41:52,059 INFO c.z.u.JwtTokenUtil [http-nio-8080-exec-7] 正在验证JWT令牌...
2023-10-25 14:41:52,060 INFO c.z.u.JwtTokenUtil [http-nio-8080-exec-7] JWT令牌验证成功。
2023-10-25 14:41:52,060 INFO c.z.s.i.EventsServiceImpl [http-nio-8080-exec-7] 开始查找啊啊啊啊的所有事件
2023-10-25 14:41:52,069 INFO c.z.s.i.EventsServiceImpl [http-nio-8080-exec-7] 查找啊啊啊啊的所有事件成功
2023-10-25 14:42:09,284 INFO c.z.c.JwtAuthenticationFilter [http-nio-8080-exec-9] 授权头部字段：Bearer eyJ0eXAiOiJKV1QiLCJhbGciOiJIUzI1NiJ9.eyJpc3MiOiJ6emwiLCJuYW1lIjoi5ZWK5ZWK5ZWK5ZWKIiwiZXhwIjoxNjk4MzAyNDQ2LCJpYXQiOjE2OTgyMTYwNDZ9.ASkCJYwmW1e4uW7RNOi6L4XadtbKpboHgrdqM-pt26Q
2023-10-25 14:42:09,284 INFO c.z.c.JwtAuthenticationFilter [http-nio-8080-exec-9] 提取的令牌：eyJ0eXAiOiJKV1QiLCJhbGciOiJIUzI1NiJ9.eyJpc3MiOiJ6emwiLCJuYW1lIjoi5ZWK5ZWK5ZWK5ZWKIiwiZXhwIjoxNjk4MzAyNDQ2LCJpYXQiOjE2OTgyMTYwNDZ9.ASkCJYwmW1e4uW7RNOi6L4XadtbKpboHgrdqM-pt26Q
2023-10-25 14:42:09,284 INFO c.z.u.JwtTokenUtil [http-nio-8080-exec-9] 正在验证JWT令牌...
2023-10-25 14:42:09,284 INFO c.z.u.JwtTokenUtil [http-nio-8080-exec-9] JWT令牌验证成功。
2023-10-25 14:42:09,284 INFO c.z.c.EventsController [http-nio-8080-exec-9] 开始删除事件，事件名：111111
2023-10-25 14:42:09,284 INFO c.z.c.EventsController [http-nio-8080-exec-9] 从header中解析出用户名：啊啊啊啊
2023-10-25 14:42:09,284 INFO c.z.s.i.EventsServiceImpl [http-nio-8080-exec-9] 开始删除指定事件名111111对应的事件
2023-10-25 14:42:09,288 INFO c.z.s.i.EventsServiceImpl [http-nio-8080-exec-9] 成功删除指定事件111111
2023-10-25 14:42:09,288 INFO c.z.c.EventsController [http-nio-8080-exec-9] 事件删除成功
2023-10-25 14:42:09,889 INFO c.z.c.JwtAuthenticationFilter [http-nio-8080-exec-4] 授权头部字段：Bearer eyJ0eXAiOiJKV1QiLCJhbGciOiJIUzI1NiJ9.eyJpc3MiOiJ6emwiLCJuYW1lIjoi5ZWK5ZWK5ZWK5ZWKIiwiZXhwIjoxNjk4MzAyNDQ2LCJpYXQiOjE2OTgyMTYwNDZ9.ASkCJYwmW1e4uW7RNOi6L4XadtbKpboHgrdqM-pt26Q
2023-10-25 14:42:09,889 INFO c.z.c.JwtAuthenticationFilter [http-nio-8080-exec-4] 提取的令牌：eyJ0eXAiOiJKV1QiLCJhbGciOiJIUzI1NiJ9.eyJpc3MiOiJ6emwiLCJuYW1lIjoi5ZWK5ZWK5ZWK5ZWKIiwiZXhwIjoxNjk4MzAyNDQ2LCJpYXQiOjE2OTgyMTYwNDZ9.ASkCJYwmW1e4uW7RNOi6L4XadtbKpboHgrdqM-pt26Q
2023-10-25 14:42:09,889 INFO c.z.u.JwtTokenUtil [http-nio-8080-exec-4] 正在验证JWT令牌...
2023-10-25 14:42:09,890 INFO c.z.u.JwtTokenUtil [http-nio-8080-exec-4] JWT令牌验证成功。
2023-10-25 14:42:09,890 INFO c.z.c.EventsController [http-nio-8080-exec-4] 开始删除事件，事件名：aaaa
2023-10-25 14:42:09,890 INFO c.z.c.EventsController [http-nio-8080-exec-4] 从header中解析出用户名：啊啊啊啊
2023-10-25 14:42:09,890 INFO c.z.s.i.EventsServiceImpl [http-nio-8080-exec-4] 开始删除指定事件名aaaa对应的事件
2023-10-25 14:42:09,893 INFO c.z.s.i.EventsServiceImpl [http-nio-8080-exec-4] 成功删除指定事件aaaa
2023-10-25 14:42:09,893 INFO c.z.c.EventsController [http-nio-8080-exec-4] 事件删除成功
2023-10-25 14:44:30,728 INFO c.z.c.JwtAuthenticationFilter [http-nio-8080-exec-6] 授权头部字段：Bearer eyJ0eXAiOiJKV1QiLCJhbGciOiJIUzI1NiJ9.eyJpc3MiOiJ6emwiLCJuYW1lIjoi5ZWK5ZWK5ZWK5ZWKIiwiZXhwIjoxNjk4MzAyNDQ2LCJpYXQiOjE2OTgyMTYwNDZ9.ASkCJYwmW1e4uW7RNOi6L4XadtbKpboHgrdqM-pt26Q
2023-10-25 14:44:30,728 INFO c.z.c.JwtAuthenticationFilter [http-nio-8080-exec-6] 提取的令牌：eyJ0eXAiOiJKV1QiLCJhbGciOiJIUzI1NiJ9.eyJpc3MiOiJ6emwiLCJuYW1lIjoi5ZWK5ZWK5ZWK5ZWKIiwiZXhwIjoxNjk4MzAyNDQ2LCJpYXQiOjE2OTgyMTYwNDZ9.ASkCJYwmW1e4uW7RNOi6L4XadtbKpboHgrdqM-pt26Q
2023-10-25 14:44:30,728 INFO c.z.u.JwtTokenUtil [http-nio-8080-exec-6] 正在验证JWT令牌...
2023-10-25 14:44:30,728 INFO c.z.u.JwtTokenUtil [http-nio-8080-exec-6] JWT令牌验证成功。
2023-10-25 14:44:30,729 INFO c.z.s.ImageService [http-nio-8080-exec-6] 开始搜索用户名啊啊啊啊对应图片列表
2023-10-25 14:44:30,734 INFO c.z.s.ImageService [http-nio-8080-exec-6] 成功获取用户名啊啊啊啊对应图片列表
2023-10-25 14:44:32,249 INFO c.z.c.JwtAuthenticationFilter [http-nio-8080-exec-5] 授权头部字段：Bearer eyJ0eXAiOiJKV1QiLCJhbGciOiJIUzI1NiJ9.eyJpc3MiOiJ6emwiLCJuYW1lIjoi5ZWK5ZWK5ZWK5ZWKIiwiZXhwIjoxNjk4MzAyNDQ2LCJpYXQiOjE2OTgyMTYwNDZ9.ASkCJYwmW1e4uW7RNOi6L4XadtbKpboHgrdqM-pt26Q
2023-10-25 14:44:32,249 INFO c.z.c.JwtAuthenticationFilter [http-nio-8080-exec-5] 提取的令牌：eyJ0eXAiOiJKV1QiLCJhbGciOiJIUzI1NiJ9.eyJpc3MiOiJ6emwiLCJuYW1lIjoi5ZWK5ZWK5ZWK5ZWKIiwiZXhwIjoxNjk4MzAyNDQ2LCJpYXQiOjE2OTgyMTYwNDZ9.ASkCJYwmW1e4uW7RNOi6L4XadtbKpboHgrdqM-pt26Q
2023-10-25 14:44:32,249 INFO c.z.u.JwtTokenUtil [http-nio-8080-exec-5] 正在验证JWT令牌...
2023-10-25 14:44:32,249 INFO c.z.u.JwtTokenUtil [http-nio-8080-exec-5] JWT令牌验证成功。
2023-10-25 14:44:32,250 INFO c.z.s.i.EventsServiceImpl [http-nio-8080-exec-5] 开始查找啊啊啊啊的所有事件
2023-10-25 14:44:32,253 INFO c.z.s.i.EventsServiceImpl [http-nio-8080-exec-5] 查找啊啊啊啊的所有事件成功
2023-10-25 14:44:42,597 INFO c.z.c.JwtAuthenticationFilter [http-nio-8080-exec-1] 授权头部字段：Bearer eyJ0eXAiOiJKV1QiLCJhbGciOiJIUzI1NiJ9.eyJpc3MiOiJ6emwiLCJuYW1lIjoi5ZWK5ZWK5ZWK5ZWKIiwiZXhwIjoxNjk4MzAyNDQ2LCJpYXQiOjE2OTgyMTYwNDZ9.ASkCJYwmW1e4uW7RNOi6L4XadtbKpboHgrdqM-pt26Q
2023-10-25 14:44:42,597 INFO c.z.c.JwtAuthenticationFilter [http-nio-8080-exec-1] 提取的令牌：eyJ0eXAiOiJKV1QiLCJhbGciOiJIUzI1NiJ9.eyJpc3MiOiJ6emwiLCJuYW1lIjoi5ZWK5ZWK5ZWK5ZWKIiwiZXhwIjoxNjk4MzAyNDQ2LCJpYXQiOjE2OTgyMTYwNDZ9.ASkCJYwmW1e4uW7RNOi6L4XadtbKpboHgrdqM-pt26Q
2023-10-25 14:44:42,597 INFO c.z.u.JwtTokenUtil [http-nio-8080-exec-1] 正在验证JWT令牌...
2023-10-25 14:44:42,597 INFO c.z.u.JwtTokenUtil [http-nio-8080-exec-1] JWT令牌验证成功。
2023-10-25 14:44:42,598 INFO c.z.c.EventsController [http-nio-8080-exec-1] 开始上传事件。事件名: aaa, 用户名: 啊啊啊啊
2023-10-25 14:44:42,598 INFO c.z.s.i.EventsServiceImpl [http-nio-8080-exec-1] 开始用户啊啊啊啊的aaa事件是否有相同事件名
2023-10-25 14:44:42,600 INFO c.z.s.i.EventsServiceImpl [http-nio-8080-exec-1] 未查询到有同名事件名
2023-10-25 14:44:42,600 INFO c.z.s.i.EventsServiceImpl [http-nio-8080-exec-1] 开始保存啊啊啊啊的aaa事件
2023-10-25 14:44:42,604 INFO c.z.s.i.EventsServiceImpl [http-nio-8080-exec-1] 保存啊啊啊啊的Events(id=1717069657419763714, name=啊啊啊啊, eventsname=aaa, createtime=2023-10-25T14:44:42.600, updatetime=null, starttime=2023-10-26T14:44:37, timenode=null, description=aaaa)事件成功
2023-10-25 14:44:42,604 INFO c.z.c.EventsController [http-nio-8080-exec-1] 事件保存成功: aaa
2023-10-25 14:44:42,627 INFO c.z.c.JwtAuthenticationFilter [http-nio-8080-exec-10] 授权头部字段：Bearer eyJ0eXAiOiJKV1QiLCJhbGciOiJIUzI1NiJ9.eyJpc3MiOiJ6emwiLCJuYW1lIjoi5ZWK5ZWK5ZWK5ZWKIiwiZXhwIjoxNjk4MzAyNDQ2LCJpYXQiOjE2OTgyMTYwNDZ9.ASkCJYwmW1e4uW7RNOi6L4XadtbKpboHgrdqM-pt26Q
2023-10-25 14:44:42,627 INFO c.z.c.JwtAuthenticationFilter [http-nio-8080-exec-10] 提取的令牌：eyJ0eXAiOiJKV1QiLCJhbGciOiJIUzI1NiJ9.eyJpc3MiOiJ6emwiLCJuYW1lIjoi5ZWK5ZWK5ZWK5ZWKIiwiZXhwIjoxNjk4MzAyNDQ2LCJpYXQiOjE2OTgyMTYwNDZ9.ASkCJYwmW1e4uW7RNOi6L4XadtbKpboHgrdqM-pt26Q
2023-10-25 14:44:42,627 INFO c.z.u.JwtTokenUtil [http-nio-8080-exec-10] 正在验证JWT令牌...
2023-10-25 14:44:42,628 INFO c.z.u.JwtTokenUtil [http-nio-8080-exec-10] JWT令牌验证成功。
2023-10-25 14:44:42,628 INFO c.z.s.i.EventsServiceImpl [http-nio-8080-exec-10] 开始查找啊啊啊啊的所有事件
2023-10-25 14:44:42,631 INFO c.z.s.i.EventsServiceImpl [http-nio-8080-exec-10] 查找啊啊啊啊的所有事件成功
2023-10-25 14:45:07,253 INFO c.z.c.JwtAuthenticationFilter [http-nio-8080-exec-8] 授权头部字段：Bearer eyJ0eXAiOiJKV1QiLCJhbGciOiJIUzI1NiJ9.eyJpc3MiOiJ6emwiLCJuYW1lIjoi5ZWK5ZWK5ZWK5ZWKIiwiZXhwIjoxNjk4MzAyNDQ2LCJpYXQiOjE2OTgyMTYwNDZ9.ASkCJYwmW1e4uW7RNOi6L4XadtbKpboHgrdqM-pt26Q
2023-10-25 14:45:07,253 INFO c.z.c.JwtAuthenticationFilter [http-nio-8080-exec-8] 提取的令牌：eyJ0eXAiOiJKV1QiLCJhbGciOiJIUzI1NiJ9.eyJpc3MiOiJ6emwiLCJuYW1lIjoi5ZWK5ZWK5ZWK5ZWKIiwiZXhwIjoxNjk4MzAyNDQ2LCJpYXQiOjE2OTgyMTYwNDZ9.ASkCJYwmW1e4uW7RNOi6L4XadtbKpboHgrdqM-pt26Q
2023-10-25 14:45:07,253 INFO c.z.u.JwtTokenUtil [http-nio-8080-exec-8] 正在验证JWT令牌...
2023-10-25 14:45:07,254 INFO c.z.u.JwtTokenUtil [http-nio-8080-exec-8] JWT令牌验证成功。
2023-10-25 14:45:07,254 INFO c.z.c.EventsController [http-nio-8080-exec-8] 开始上传事件。事件名: aaaa, 用户名: 啊啊啊啊
2023-10-25 14:45:07,254 INFO c.z.s.i.EventsServiceImpl [http-nio-8080-exec-8] 开始用户啊啊啊啊的aaaa事件是否有相同事件名
2023-10-25 14:45:07,257 INFO c.z.s.i.EventsServiceImpl [http-nio-8080-exec-8] 未查询到有同名事件名
2023-10-25 14:45:07,257 INFO c.z.s.i.EventsServiceImpl [http-nio-8080-exec-8] 开始保存啊啊啊啊的aaaa事件
2023-10-25 14:45:07,261 INFO c.z.s.i.EventsServiceImpl [http-nio-8080-exec-8] 保存啊啊啊啊的Events(id=1717069760847106050, name=啊啊啊啊, eventsname=aaaa, createtime=2023-10-25T14:45:07.257, updatetime=null, starttime=2023-10-04T14:44:44, timenode=null, description=qqqqq)事件成功
2023-10-25 14:45:07,261 INFO c.z.c.EventsController [http-nio-8080-exec-8] 事件保存成功: aaaa
2023-10-25 14:45:07,281 INFO c.z.c.JwtAuthenticationFilter [http-nio-8080-exec-2] 授权头部字段：Bearer eyJ0eXAiOiJKV1QiLCJhbGciOiJIUzI1NiJ9.eyJpc3MiOiJ6emwiLCJuYW1lIjoi5ZWK5ZWK5ZWK5ZWKIiwiZXhwIjoxNjk4MzAyNDQ2LCJpYXQiOjE2OTgyMTYwNDZ9.ASkCJYwmW1e4uW7RNOi6L4XadtbKpboHgrdqM-pt26Q
2023-10-25 14:45:07,281 INFO c.z.c.JwtAuthenticationFilter [http-nio-8080-exec-2] 提取的令牌：eyJ0eXAiOiJKV1QiLCJhbGciOiJIUzI1NiJ9.eyJpc3MiOiJ6emwiLCJuYW1lIjoi5ZWK5ZWK5ZWK5ZWKIiwiZXhwIjoxNjk4MzAyNDQ2LCJpYXQiOjE2OTgyMTYwNDZ9.ASkCJYwmW1e4uW7RNOi6L4XadtbKpboHgrdqM-pt26Q
2023-10-25 14:45:07,281 INFO c.z.u.JwtTokenUtil [http-nio-8080-exec-2] 正在验证JWT令牌...
2023-10-25 14:45:07,281 INFO c.z.u.JwtTokenUtil [http-nio-8080-exec-2] JWT令牌验证成功。
2023-10-25 14:45:07,281 INFO c.z.s.i.EventsServiceImpl [http-nio-8080-exec-2] 开始查找啊啊啊啊的所有事件
2023-10-25 14:45:07,284 INFO c.z.s.i.EventsServiceImpl [http-nio-8080-exec-2] 查找啊啊啊啊的所有事件成功
2023-10-25 14:47:45,422 INFO c.z.c.JwtAuthenticationFilter [http-nio-8080-exec-9] 授权头部字段：Bearer eyJ0eXAiOiJKV1QiLCJhbGciOiJIUzI1NiJ9.eyJpc3MiOiJ6emwiLCJuYW1lIjoi5ZWK5ZWK5ZWK5ZWKIiwiZXhwIjoxNjk4MzAyNDQ2LCJpYXQiOjE2OTgyMTYwNDZ9.ASkCJYwmW1e4uW7RNOi6L4XadtbKpboHgrdqM-pt26Q
2023-10-25 14:47:45,422 INFO c.z.c.JwtAuthenticationFilter [http-nio-8080-exec-9] 提取的令牌：eyJ0eXAiOiJKV1QiLCJhbGciOiJIUzI1NiJ9.eyJpc3MiOiJ6emwiLCJuYW1lIjoi5ZWK5ZWK5ZWK5ZWKIiwiZXhwIjoxNjk4MzAyNDQ2LCJpYXQiOjE2OTgyMTYwNDZ9.ASkCJYwmW1e4uW7RNOi6L4XadtbKpboHgrdqM-pt26Q
2023-10-25 14:47:45,422 INFO c.z.u.JwtTokenUtil [http-nio-8080-exec-9] 正在验证JWT令牌...
2023-10-25 14:47:45,422 INFO c.z.u.JwtTokenUtil [http-nio-8080-exec-9] JWT令牌验证成功。
2023-10-25 14:47:45,424 INFO c.z.s.ImageService [http-nio-8080-exec-9] 开始搜索用户名啊啊啊啊对应图片列表
2023-10-25 14:47:45,427 INFO c.z.s.ImageService [http-nio-8080-exec-9] 成功获取用户名啊啊啊啊对应图片列表
2023-10-25 14:47:46,541 INFO c.z.c.JwtAuthenticationFilter [http-nio-8080-exec-4] 授权头部字段：Bearer eyJ0eXAiOiJKV1QiLCJhbGciOiJIUzI1NiJ9.eyJpc3MiOiJ6emwiLCJuYW1lIjoi5ZWK5ZWK5ZWK5ZWKIiwiZXhwIjoxNjk4MzAyNDQ2LCJpYXQiOjE2OTgyMTYwNDZ9.ASkCJYwmW1e4uW7RNOi6L4XadtbKpboHgrdqM-pt26Q
2023-10-25 14:47:46,541 INFO c.z.c.JwtAuthenticationFilter [http-nio-8080-exec-4] 提取的令牌：eyJ0eXAiOiJKV1QiLCJhbGciOiJIUzI1NiJ9.eyJpc3MiOiJ6emwiLCJuYW1lIjoi5ZWK5ZWK5ZWK5ZWKIiwiZXhwIjoxNjk4MzAyNDQ2LCJpYXQiOjE2OTgyMTYwNDZ9.ASkCJYwmW1e4uW7RNOi6L4XadtbKpboHgrdqM-pt26Q
2023-10-25 14:47:46,541 INFO c.z.u.JwtTokenUtil [http-nio-8080-exec-4] 正在验证JWT令牌...
2023-10-25 14:47:46,542 INFO c.z.u.JwtTokenUtil [http-nio-8080-exec-4] JWT令牌验证成功。
2023-10-25 14:47:46,542 INFO c.z.s.ImageService [http-nio-8080-exec-4] 开始搜索用户名啊啊啊啊对应图片列表
2023-10-25 14:47:46,545 INFO c.z.s.ImageService [http-nio-8080-exec-4] 成功获取用户名啊啊啊啊对应图片列表
2023-10-25 14:47:47,036 INFO c.z.c.JwtAuthenticationFilter [http-nio-8080-exec-3] 授权头部字段：Bearer eyJ0eXAiOiJKV1QiLCJhbGciOiJIUzI1NiJ9.eyJpc3MiOiJ6emwiLCJuYW1lIjoi5ZWK5ZWK5ZWK5ZWKIiwiZXhwIjoxNjk4MzAyNDQ2LCJpYXQiOjE2OTgyMTYwNDZ9.ASkCJYwmW1e4uW7RNOi6L4XadtbKpboHgrdqM-pt26Q
2023-10-25 14:47:47,036 INFO c.z.c.JwtAuthenticationFilter [http-nio-8080-exec-3] 提取的令牌：eyJ0eXAiOiJKV1QiLCJhbGciOiJIUzI1NiJ9.eyJpc3MiOiJ6emwiLCJuYW1lIjoi5ZWK5ZWK5ZWK5ZWKIiwiZXhwIjoxNjk4MzAyNDQ2LCJpYXQiOjE2OTgyMTYwNDZ9.ASkCJYwmW1e4uW7RNOi6L4XadtbKpboHgrdqM-pt26Q
2023-10-25 14:47:47,036 INFO c.z.u.JwtTokenUtil [http-nio-8080-exec-3] 正在验证JWT令牌...
2023-10-25 14:47:47,036 INFO c.z.u.JwtTokenUtil [http-nio-8080-exec-3] JWT令牌验证成功。
2023-10-25 14:47:47,037 INFO c.z.s.i.EventsServiceImpl [http-nio-8080-exec-3] 开始查找啊啊啊啊的所有事件
2023-10-25 14:47:47,041 INFO c.z.s.i.EventsServiceImpl [http-nio-8080-exec-3] 查找啊啊啊啊的所有事件成功
2023-10-25 14:47:47,417 INFO c.z.c.JwtAuthenticationFilter [http-nio-8080-exec-6] 授权头部字段：Bearer eyJ0eXAiOiJKV1QiLCJhbGciOiJIUzI1NiJ9.eyJpc3MiOiJ6emwiLCJuYW1lIjoi5ZWK5ZWK5ZWK5ZWKIiwiZXhwIjoxNjk4MzAyNDQ2LCJpYXQiOjE2OTgyMTYwNDZ9.ASkCJYwmW1e4uW7RNOi6L4XadtbKpboHgrdqM-pt26Q
2023-10-25 14:47:47,417 INFO c.z.c.JwtAuthenticationFilter [http-nio-8080-exec-6] 提取的令牌：eyJ0eXAiOiJKV1QiLCJhbGciOiJIUzI1NiJ9.eyJpc3MiOiJ6emwiLCJuYW1lIjoi5ZWK5ZWK5ZWK5ZWKIiwiZXhwIjoxNjk4MzAyNDQ2LCJpYXQiOjE2OTgyMTYwNDZ9.ASkCJYwmW1e4uW7RNOi6L4XadtbKpboHgrdqM-pt26Q
2023-10-25 14:47:47,417 INFO c.z.u.JwtTokenUtil [http-nio-8080-exec-6] 正在验证JWT令牌...
2023-10-25 14:47:47,418 INFO c.z.u.JwtTokenUtil [http-nio-8080-exec-6] JWT令牌验证成功。
2023-10-25 14:47:47,418 INFO c.z.s.ImageService [http-nio-8080-exec-6] 开始搜索用户名啊啊啊啊对应图片列表
2023-10-25 14:47:47,420 INFO c.z.s.ImageService [http-nio-8080-exec-6] 成功获取用户名啊啊啊啊对应图片列表
2023-10-25 14:48:04,469 INFO c.z.c.JwtAuthenticationFilter [http-nio-8080-exec-5] 授权头部字段：Bearer eyJ0eXAiOiJKV1QiLCJhbGciOiJIUzI1NiJ9.eyJpc3MiOiJ6emwiLCJuYW1lIjoi5ZWK5ZWK5ZWK5ZWKIiwiZXhwIjoxNjk4MzAyNDQ2LCJpYXQiOjE2OTgyMTYwNDZ9.ASkCJYwmW1e4uW7RNOi6L4XadtbKpboHgrdqM-pt26Q
2023-10-25 14:48:04,469 INFO c.z.c.JwtAuthenticationFilter [http-nio-8080-exec-5] 提取的令牌：eyJ0eXAiOiJKV1QiLCJhbGciOiJIUzI1NiJ9.eyJpc3MiOiJ6emwiLCJuYW1lIjoi5ZWK5ZWK5ZWK5ZWKIiwiZXhwIjoxNjk4MzAyNDQ2LCJpYXQiOjE2OTgyMTYwNDZ9.ASkCJYwmW1e4uW7RNOi6L4XadtbKpboHgrdqM-pt26Q
2023-10-25 14:48:04,469 INFO c.z.u.JwtTokenUtil [http-nio-8080-exec-5] 正在验证JWT令牌...
2023-10-25 14:48:04,469 INFO c.z.u.JwtTokenUtil [http-nio-8080-exec-5] JWT令牌验证成功。
2023-10-25 14:48:04,470 INFO c.z.c.ImageController [http-nio-8080-exec-5] 开始删除指定文件名20231025143745631104.jpg的图片
2023-10-25 14:48:04,470 INFO c.z.s.ImageService [http-nio-8080-exec-5] 开始删除指定文件名20231025143745631104.jpg对应的图片
2023-10-25 14:48:04,473 INFO c.z.s.ImageService [http-nio-8080-exec-5] 成功删除指定文件名20231025143745631104.jpg对应的图片
2023-10-25 14:48:04,473 INFO c.z.c.ImageController [http-nio-8080-exec-5] 照片删除成功，文件名: 20231025143745631104.jpg
2023-10-25 14:48:04,481 INFO c.z.c.JwtAuthenticationFilter [http-nio-8080-exec-1] 授权头部字段：Bearer eyJ0eXAiOiJKV1QiLCJhbGciOiJIUzI1NiJ9.eyJpc3MiOiJ6emwiLCJuYW1lIjoi5ZWK5ZWK5ZWK5ZWKIiwiZXhwIjoxNjk4MzAyNDQ2LCJpYXQiOjE2OTgyMTYwNDZ9.ASkCJYwmW1e4uW7RNOi6L4XadtbKpboHgrdqM-pt26Q
2023-10-25 14:48:04,481 INFO c.z.c.JwtAuthenticationFilter [http-nio-8080-exec-1] 提取的令牌：eyJ0eXAiOiJKV1QiLCJhbGciOiJIUzI1NiJ9.eyJpc3MiOiJ6emwiLCJuYW1lIjoi5ZWK5ZWK5ZWK5ZWKIiwiZXhwIjoxNjk4MzAyNDQ2LCJpYXQiOjE2OTgyMTYwNDZ9.ASkCJYwmW1e4uW7RNOi6L4XadtbKpboHgrdqM-pt26Q
2023-10-25 14:48:04,481 INFO c.z.u.JwtTokenUtil [http-nio-8080-exec-1] 正在验证JWT令牌...
2023-10-25 14:48:04,481 INFO c.z.u.JwtTokenUtil [http-nio-8080-exec-1] JWT令牌验证成功。
2023-10-25 14:48:04,481 INFO c.z.s.ImageService [http-nio-8080-exec-1] 开始搜索用户名啊啊啊啊对应图片列表
2023-10-25 14:48:04,483 INFO c.z.s.ImageService [http-nio-8080-exec-1] 成功获取用户名啊啊啊啊对应图片列表
2023-10-25 14:48:16,915 INFO c.z.h.HikariDataSource [SpringApplicationShutdownHook] HikariPool-1 - Shutdown initiated...
2023-10-25 14:48:16,921 INFO c.z.h.HikariDataSource [SpringApplicationShutdownHook] HikariPool-1 - Shutdown completed.
