2023-09-21 18:02:47,800 INFO c.z.LoveLogApplication [main] Starting LoveLogApplication using Java 1.8.0_361 on DESKTOP-96QSMPD with PID 20384 (E:\14502\Documents\project\LoveLog\target\classes started by 14502 in E:\14502\Documents\project\LoveLog)
2023-09-21 18:02:47,809 DEBUG c.z.LoveLogApplication [main] Running with Spring Boot v2.7.12, Spring v5.3.27
2023-09-21 18:02:47,810 INFO c.z.LoveLogApplication [main] No active profile set, falling back to 1 default profile: "default"
2023-09-21 18:02:48,679 INFO o.s.d.r.c.RepositoryConfigurationDelegate [main] Multiple Spring Data modules found, entering strict repository configuration mode
2023-09-21 18:02:48,682 INFO o.s.d.r.c.RepositoryConfigurationDelegate [main] Bootstrapping Spring Data Redis repositories in DEFAULT mode.
2023-09-21 18:02:48,706 INFO o.s.d.r.c.RepositoryConfigurationDelegate [main] Finished Spring Data repository scanning in 11 ms. Found 0 Redis repository interfaces.
2023-09-21 18:02:49,192 INFO o.s.b.w.e.t.TomcatWebServer [main] Tomcat initialized with port(s): 8080 (http)
2023-09-21 18:02:49,200 INFO o.a.c.h.Http11NioProtocol [main] Initializing ProtocolHandler ["http-nio-8080"]
2023-09-21 18:02:49,200 INFO o.a.c.c.StandardService [main] Starting service [Tomcat]
2023-09-21 18:02:49,200 INFO o.a.c.c.StandardEngine [main] Starting Servlet engine: [Apache Tomcat/9.0.75]
2023-09-21 18:02:49,425 INFO o.a.c.c.C.[.[.[/] [main] Initializing Spring embedded WebApplicationContext
2023-09-21 18:02:49,426 INFO o.s.b.w.s.c.ServletWebServerApplicationContext [main] Root WebApplicationContext: initialization completed in 1557 ms
2023-09-21 18:02:50,525 INFO c.z.c.RedisConfig [main] 初始化 RedisCacheManager
2023-09-21 18:02:50,889 INFO o.a.c.h.Http11NioProtocol [main] Starting ProtocolHandler ["http-nio-8080"]
2023-09-21 18:02:50,902 INFO o.s.b.w.e.t.TomcatWebServer [main] Tomcat started on port(s): 8080 (http) with context path ''
2023-09-21 18:02:51,070 INFO c.z.LoveLogApplication [main] Started LoveLogApplication in 3.784 seconds (JVM running for 5.105)
2023-09-21 18:09:03,350 INFO o.a.c.c.C.[.[.[/] [http-nio-8080-exec-1] Initializing Spring DispatcherServlet 'dispatcherServlet'
2023-09-21 18:09:03,351 INFO o.s.w.s.DispatcherServlet [http-nio-8080-exec-1] Initializing Servlet 'dispatcherServlet'
2023-09-21 18:09:03,352 INFO o.s.w.s.DispatcherServlet [http-nio-8080-exec-1] Completed initialization in 1 ms
2023-09-21 18:09:03,398 INFO c.z.c.JwtAuthenticationFilter [http-nio-8080-exec-5] 授权头部字段：Bearer eyJ0eXAiOiJKV1QiLCJhbGciOiJIUzI1NiJ9.eyJpc3MiOiJ6emwiLCJuYW1lIjoi5ZWK5ZWK5ZWK5ZWKIiwiZXhwIjoxNjk1Mzc1NDc3LCJpYXQiOjE2OTUyODkwNzd9.gv9ZpDTboAJXjnK0pZR4YskRKz69FmGGKRcEjirI_ww
2023-09-21 18:09:03,399 INFO c.z.c.JwtAuthenticationFilter [http-nio-8080-exec-5] 提取的令牌：eyJ0eXAiOiJKV1QiLCJhbGciOiJIUzI1NiJ9.eyJpc3MiOiJ6emwiLCJuYW1lIjoi5ZWK5ZWK5ZWK5ZWKIiwiZXhwIjoxNjk1Mzc1NDc3LCJpYXQiOjE2OTUyODkwNzd9.gv9ZpDTboAJXjnK0pZR4YskRKz69FmGGKRcEjirI_ww
2023-09-21 18:09:03,399 INFO c.z.u.JwtTokenUtil [http-nio-8080-exec-5] 正在验证JWT令牌...
2023-09-21 18:09:03,694 INFO c.z.u.JwtTokenUtil [http-nio-8080-exec-5] JWT令牌验证成功。
2023-09-21 18:09:03,776 INFO c.z.h.HikariDataSource [http-nio-8080-exec-5] HikariPool-1 - Starting...
2023-09-21 18:09:03,927 INFO c.z.h.HikariDataSource [http-nio-8080-exec-5] HikariPool-1 - Start completed.
2023-09-21 18:09:11,163 INFO c.z.c.JwtAuthenticationFilter [http-nio-8080-exec-6] 授权头部字段：Bearer eyJ0eXAiOiJKV1QiLCJhbGciOiJIUzI1NiJ9.eyJpc3MiOiJ6emwiLCJuYW1lIjoi5ZWK5ZWK5ZWK5ZWKIiwiZXhwIjoxNjk1Mzc1NDc3LCJpYXQiOjE2OTUyODkwNzd9.gv9ZpDTboAJXjnK0pZR4YskRKz69FmGGKRcEjirI_ww
2023-09-21 18:09:11,163 INFO c.z.c.JwtAuthenticationFilter [http-nio-8080-exec-6] 提取的令牌：eyJ0eXAiOiJKV1QiLCJhbGciOiJIUzI1NiJ9.eyJpc3MiOiJ6emwiLCJuYW1lIjoi5ZWK5ZWK5ZWK5ZWKIiwiZXhwIjoxNjk1Mzc1NDc3LCJpYXQiOjE2OTUyODkwNzd9.gv9ZpDTboAJXjnK0pZR4YskRKz69FmGGKRcEjirI_ww
2023-09-21 18:09:11,163 INFO c.z.u.JwtTokenUtil [http-nio-8080-exec-6] 正在验证JWT令牌...
2023-09-21 18:09:11,164 INFO c.z.u.JwtTokenUtil [http-nio-8080-exec-6] JWT令牌验证成功。
2023-09-21 18:11:04,622 INFO c.z.c.JwtAuthenticationFilter [http-nio-8080-exec-2] 授权头部字段：Bearer eyJ0eXAiOiJKV1QiLCJhbGciOiJIUzI1NiJ9.eyJpc3MiOiJ6emwiLCJuYW1lIjoi5ZWK5ZWK5ZWK5ZWKIiwiZXhwIjoxNjk1Mzc1NDc3LCJpYXQiOjE2OTUyODkwNzd9.gv9ZpDTboAJXjnK0pZR4YskRKz69FmGGKRcEjirI_ww
2023-09-21 18:11:04,622 INFO c.z.c.JwtAuthenticationFilter [http-nio-8080-exec-2] 提取的令牌：eyJ0eXAiOiJKV1QiLCJhbGciOiJIUzI1NiJ9.eyJpc3MiOiJ6emwiLCJuYW1lIjoi5ZWK5ZWK5ZWK5ZWKIiwiZXhwIjoxNjk1Mzc1NDc3LCJpYXQiOjE2OTUyODkwNzd9.gv9ZpDTboAJXjnK0pZR4YskRKz69FmGGKRcEjirI_ww
2023-09-21 18:11:04,622 INFO c.z.u.JwtTokenUtil [http-nio-8080-exec-2] 正在验证JWT令牌...
2023-09-21 18:11:04,623 INFO c.z.u.JwtTokenUtil [http-nio-8080-exec-2] JWT令牌验证成功。
2023-09-21 18:13:10,074 INFO c.z.c.JwtAuthenticationFilter [http-nio-8080-exec-8] 授权头部字段：Bearer eyJ0eXAiOiJKV1QiLCJhbGciOiJIUzI1NiJ9.eyJpc3MiOiJ6emwiLCJuYW1lIjoi5ZWK5ZWK5ZWK5ZWKIiwiZXhwIjoxNjk1Mzc1NDc3LCJpYXQiOjE2OTUyODkwNzd9.gv9ZpDTboAJXjnK0pZR4YskRKz69FmGGKRcEjirI_ww
2023-09-21 18:13:10,074 INFO c.z.c.JwtAuthenticationFilter [http-nio-8080-exec-8] 提取的令牌：eyJ0eXAiOiJKV1QiLCJhbGciOiJIUzI1NiJ9.eyJpc3MiOiJ6emwiLCJuYW1lIjoi5ZWK5ZWK5ZWK5ZWKIiwiZXhwIjoxNjk1Mzc1NDc3LCJpYXQiOjE2OTUyODkwNzd9.gv9ZpDTboAJXjnK0pZR4YskRKz69FmGGKRcEjirI_ww
2023-09-21 18:13:10,074 INFO c.z.u.JwtTokenUtil [http-nio-8080-exec-8] 正在验证JWT令牌...
2023-09-21 18:13:10,074 INFO c.z.u.JwtTokenUtil [http-nio-8080-exec-8] JWT令牌验证成功。
2023-09-21 18:15:50,983 INFO c.z.c.JwtAuthenticationFilter [http-nio-8080-exec-10] 授权头部字段：Bearer eyJ0eXAiOiJKV1QiLCJhbGciOiJIUzI1NiJ9.eyJpc3MiOiJ6emwiLCJuYW1lIjoi5ZWK5ZWK5ZWK5ZWKIiwiZXhwIjoxNjk1Mzc1NDc3LCJpYXQiOjE2OTUyODkwNzd9.gv9ZpDTboAJXjnK0pZR4YskRKz69FmGGKRcEjirI_ww
2023-09-21 18:15:50,983 INFO c.z.c.JwtAuthenticationFilter [http-nio-8080-exec-10] 提取的令牌：eyJ0eXAiOiJKV1QiLCJhbGciOiJIUzI1NiJ9.eyJpc3MiOiJ6emwiLCJuYW1lIjoi5ZWK5ZWK5ZWK5ZWKIiwiZXhwIjoxNjk1Mzc1NDc3LCJpYXQiOjE2OTUyODkwNzd9.gv9ZpDTboAJXjnK0pZR4YskRKz69FmGGKRcEjirI_ww
2023-09-21 18:15:50,983 INFO c.z.u.JwtTokenUtil [http-nio-8080-exec-10] 正在验证JWT令牌...
2023-09-21 18:15:50,983 INFO c.z.u.JwtTokenUtil [http-nio-8080-exec-10] JWT令牌验证成功。
2023-09-21 18:17:05,203 INFO c.z.c.JwtAuthenticationFilter [http-nio-8080-exec-1] 授权头部字段：Bearer eyJ0eXAiOiJKV1QiLCJhbGciOiJIUzI1NiJ9.eyJpc3MiOiJ6emwiLCJuYW1lIjoi5ZWK5ZWK5ZWK5ZWKIiwiZXhwIjoxNjk1Mzc1NDc3LCJpYXQiOjE2OTUyODkwNzd9.gv9ZpDTboAJXjnK0pZR4YskRKz69FmGGKRcEjirI_ww
2023-09-21 18:17:05,203 INFO c.z.c.JwtAuthenticationFilter [http-nio-8080-exec-1] 提取的令牌：eyJ0eXAiOiJKV1QiLCJhbGciOiJIUzI1NiJ9.eyJpc3MiOiJ6emwiLCJuYW1lIjoi5ZWK5ZWK5ZWK5ZWKIiwiZXhwIjoxNjk1Mzc1NDc3LCJpYXQiOjE2OTUyODkwNzd9.gv9ZpDTboAJXjnK0pZR4YskRKz69FmGGKRcEjirI_ww
2023-09-21 18:17:05,203 INFO c.z.u.JwtTokenUtil [http-nio-8080-exec-1] 正在验证JWT令牌...
2023-09-21 18:17:05,204 INFO c.z.u.JwtTokenUtil [http-nio-8080-exec-1] JWT令牌验证成功。
2023-09-21 18:28:01,240 INFO c.z.c.JwtAuthenticationFilter [http-nio-8080-exec-6] 授权头部字段：Bearer eyJ0eXAiOiJKV1QiLCJhbGciOiJIUzI1NiJ9.eyJpc3MiOiJ6emwiLCJuYW1lIjoi5ZWK5ZWK5ZWK5ZWKIiwiZXhwIjoxNjk1Mzc1NDc3LCJpYXQiOjE2OTUyODkwNzd9.gv9ZpDTboAJXjnK0pZR4YskRKz69FmGGKRcEjirI_ww
2023-09-21 18:28:01,240 INFO c.z.c.JwtAuthenticationFilter [http-nio-8080-exec-6] 提取的令牌：eyJ0eXAiOiJKV1QiLCJhbGciOiJIUzI1NiJ9.eyJpc3MiOiJ6emwiLCJuYW1lIjoi5ZWK5ZWK5ZWK5ZWKIiwiZXhwIjoxNjk1Mzc1NDc3LCJpYXQiOjE2OTUyODkwNzd9.gv9ZpDTboAJXjnK0pZR4YskRKz69FmGGKRcEjirI_ww
2023-09-21 18:28:01,240 INFO c.z.u.JwtTokenUtil [http-nio-8080-exec-6] 正在验证JWT令牌...
2023-09-21 18:28:01,240 INFO c.z.u.JwtTokenUtil [http-nio-8080-exec-6] JWT令牌验证成功。
2023-09-21 18:28:04,008 INFO c.z.c.JwtAuthenticationFilter [http-nio-8080-exec-9] 授权头部字段：Bearer eyJ0eXAiOiJKV1QiLCJhbGciOiJIUzI1NiJ9.eyJpc3MiOiJ6emwiLCJuYW1lIjoi5ZWK5ZWK5ZWK5ZWKIiwiZXhwIjoxNjk1Mzc1NDc3LCJpYXQiOjE2OTUyODkwNzd9.gv9ZpDTboAJXjnK0pZR4YskRKz69FmGGKRcEjirI_ww
2023-09-21 18:28:04,008 INFO c.z.c.JwtAuthenticationFilter [http-nio-8080-exec-9] 提取的令牌：eyJ0eXAiOiJKV1QiLCJhbGciOiJIUzI1NiJ9.eyJpc3MiOiJ6emwiLCJuYW1lIjoi5ZWK5ZWK5ZWK5ZWKIiwiZXhwIjoxNjk1Mzc1NDc3LCJpYXQiOjE2OTUyODkwNzd9.gv9ZpDTboAJXjnK0pZR4YskRKz69FmGGKRcEjirI_ww
2023-09-21 18:28:04,008 INFO c.z.u.JwtTokenUtil [http-nio-8080-exec-9] 正在验证JWT令牌...
2023-09-21 18:28:04,010 INFO c.z.u.JwtTokenUtil [http-nio-8080-exec-9] JWT令牌验证成功。
2023-09-21 18:28:08,099 INFO c.z.c.JwtAuthenticationFilter [http-nio-8080-exec-2] 授权头部字段：Bearer eyJ0eXAiOiJKV1QiLCJhbGciOiJIUzI1NiJ9.eyJpc3MiOiJ6emwiLCJuYW1lIjoi5ZWK5ZWK5ZWK5ZWKIiwiZXhwIjoxNjk1Mzc1NDc3LCJpYXQiOjE2OTUyODkwNzd9.gv9ZpDTboAJXjnK0pZR4YskRKz69FmGGKRcEjirI_ww
2023-09-21 18:28:08,099 INFO c.z.c.JwtAuthenticationFilter [http-nio-8080-exec-2] 提取的令牌：eyJ0eXAiOiJKV1QiLCJhbGciOiJIUzI1NiJ9.eyJpc3MiOiJ6emwiLCJuYW1lIjoi5ZWK5ZWK5ZWK5ZWKIiwiZXhwIjoxNjk1Mzc1NDc3LCJpYXQiOjE2OTUyODkwNzd9.gv9ZpDTboAJXjnK0pZR4YskRKz69FmGGKRcEjirI_ww
2023-09-21 18:28:08,099 INFO c.z.u.JwtTokenUtil [http-nio-8080-exec-2] 正在验证JWT令牌...
2023-09-21 18:28:08,100 INFO c.z.u.JwtTokenUtil [http-nio-8080-exec-2] JWT令牌验证成功。
2023-09-21 18:28:12,614 INFO c.z.c.JwtAuthenticationFilter [http-nio-8080-exec-7] 授权头部字段：Bearer eyJ0eXAiOiJKV1QiLCJhbGciOiJIUzI1NiJ9.eyJpc3MiOiJ6emwiLCJuYW1lIjoi5ZWK5ZWK5ZWK5ZWKIiwiZXhwIjoxNjk1Mzc1NDc3LCJpYXQiOjE2OTUyODkwNzd9.gv9ZpDTboAJXjnK0pZR4YskRKz69FmGGKRcEjirI_ww
2023-09-21 18:28:12,614 INFO c.z.c.JwtAuthenticationFilter [http-nio-8080-exec-7] 提取的令牌：eyJ0eXAiOiJKV1QiLCJhbGciOiJIUzI1NiJ9.eyJpc3MiOiJ6emwiLCJuYW1lIjoi5ZWK5ZWK5ZWK5ZWKIiwiZXhwIjoxNjk1Mzc1NDc3LCJpYXQiOjE2OTUyODkwNzd9.gv9ZpDTboAJXjnK0pZR4YskRKz69FmGGKRcEjirI_ww
2023-09-21 18:28:12,614 INFO c.z.u.JwtTokenUtil [http-nio-8080-exec-7] 正在验证JWT令牌...
2023-09-21 18:28:12,615 INFO c.z.u.JwtTokenUtil [http-nio-8080-exec-7] JWT令牌验证成功。
2023-09-21 18:45:10,288 INFO c.z.c.JwtAuthenticationFilter [http-nio-8080-exec-10] 授权头部字段：Bearer eyJ0eXAiOiJKV1QiLCJhbGciOiJIUzI1NiJ9.eyJpc3MiOiJ6emwiLCJuYW1lIjoi5ZWK5ZWK5ZWK5ZWKIiwiZXhwIjoxNjk1Mzc1NDc3LCJpYXQiOjE2OTUyODkwNzd9.gv9ZpDTboAJXjnK0pZR4YskRKz69FmGGKRcEjirI_ww
2023-09-21 18:45:10,288 INFO c.z.c.JwtAuthenticationFilter [http-nio-8080-exec-10] 提取的令牌：eyJ0eXAiOiJKV1QiLCJhbGciOiJIUzI1NiJ9.eyJpc3MiOiJ6emwiLCJuYW1lIjoi5ZWK5ZWK5ZWK5ZWKIiwiZXhwIjoxNjk1Mzc1NDc3LCJpYXQiOjE2OTUyODkwNzd9.gv9ZpDTboAJXjnK0pZR4YskRKz69FmGGKRcEjirI_ww
2023-09-21 18:45:10,288 INFO c.z.u.JwtTokenUtil [http-nio-8080-exec-10] 正在验证JWT令牌...
2023-09-21 18:45:10,289 INFO c.z.u.JwtTokenUtil [http-nio-8080-exec-10] JWT令牌验证成功。
2023-09-21 18:46:03,244 INFO c.z.c.JwtAuthenticationFilter [http-nio-8080-exec-4] 授权头部字段：Bearer eyJ0eXAiOiJKV1QiLCJhbGciOiJIUzI1NiJ9.eyJpc3MiOiJ6emwiLCJuYW1lIjoi5ZWK5ZWK5ZWK5ZWKIiwiZXhwIjoxNjk1Mzc1NDc3LCJpYXQiOjE2OTUyODkwNzd9.gv9ZpDTboAJXjnK0pZR4YskRKz69FmGGKRcEjirI_ww
2023-09-21 18:46:03,244 INFO c.z.c.JwtAuthenticationFilter [http-nio-8080-exec-4] 提取的令牌：eyJ0eXAiOiJKV1QiLCJhbGciOiJIUzI1NiJ9.eyJpc3MiOiJ6emwiLCJuYW1lIjoi5ZWK5ZWK5ZWK5ZWKIiwiZXhwIjoxNjk1Mzc1NDc3LCJpYXQiOjE2OTUyODkwNzd9.gv9ZpDTboAJXjnK0pZR4YskRKz69FmGGKRcEjirI_ww
2023-09-21 18:46:03,244 INFO c.z.u.JwtTokenUtil [http-nio-8080-exec-4] 正在验证JWT令牌...
2023-09-21 18:46:03,244 INFO c.z.u.JwtTokenUtil [http-nio-8080-exec-4] JWT令牌验证成功。
2023-09-21 18:47:53,870 INFO c.z.c.JwtAuthenticationFilter [http-nio-8080-exec-5] 授权头部字段：Bearer eyJ0eXAiOiJKV1QiLCJhbGciOiJIUzI1NiJ9.eyJpc3MiOiJ6emwiLCJuYW1lIjoi5ZWK5ZWK5ZWK5ZWKIiwiZXhwIjoxNjk1Mzc1NDc3LCJpYXQiOjE2OTUyODkwNzd9.gv9ZpDTboAJXjnK0pZR4YskRKz69FmGGKRcEjirI_ww
2023-09-21 18:47:53,870 INFO c.z.c.JwtAuthenticationFilter [http-nio-8080-exec-5] 提取的令牌：eyJ0eXAiOiJKV1QiLCJhbGciOiJIUzI1NiJ9.eyJpc3MiOiJ6emwiLCJuYW1lIjoi5ZWK5ZWK5ZWK5ZWKIiwiZXhwIjoxNjk1Mzc1NDc3LCJpYXQiOjE2OTUyODkwNzd9.gv9ZpDTboAJXjnK0pZR4YskRKz69FmGGKRcEjirI_ww
2023-09-21 18:47:53,870 INFO c.z.u.JwtTokenUtil [http-nio-8080-exec-5] 正在验证JWT令牌...
2023-09-21 18:47:53,871 INFO c.z.u.JwtTokenUtil [http-nio-8080-exec-5] JWT令牌验证成功。
2023-09-21 18:47:59,619 INFO c.z.c.JwtAuthenticationFilter [http-nio-8080-exec-6] 授权头部字段：Bearer eyJ0eXAiOiJKV1QiLCJhbGciOiJIUzI1NiJ9.eyJpc3MiOiJ6emwiLCJuYW1lIjoi5ZWK5ZWK5ZWK5ZWKIiwiZXhwIjoxNjk1Mzc1NDc3LCJpYXQiOjE2OTUyODkwNzd9.gv9ZpDTboAJXjnK0pZR4YskRKz69FmGGKRcEjirI_ww
2023-09-21 18:47:59,619 INFO c.z.c.JwtAuthenticationFilter [http-nio-8080-exec-6] 提取的令牌：eyJ0eXAiOiJKV1QiLCJhbGciOiJIUzI1NiJ9.eyJpc3MiOiJ6emwiLCJuYW1lIjoi5ZWK5ZWK5ZWK5ZWKIiwiZXhwIjoxNjk1Mzc1NDc3LCJpYXQiOjE2OTUyODkwNzd9.gv9ZpDTboAJXjnK0pZR4YskRKz69FmGGKRcEjirI_ww
2023-09-21 18:47:59,619 INFO c.z.u.JwtTokenUtil [http-nio-8080-exec-6] 正在验证JWT令牌...
2023-09-21 18:47:59,619 INFO c.z.u.JwtTokenUtil [http-nio-8080-exec-6] JWT令牌验证成功。
2023-09-21 18:48:19,530 INFO c.z.c.UserController [http-nio-8080-exec-9] 接收到用户啊啊啊啊登录信息
2023-09-21 18:48:19,535 INFO c.z.s.ImageService [http-nio-8080-exec-9] 开始验证用户名啊啊啊啊 的密码。
2023-09-21 18:48:19,538 INFO c.z.s.ImageService [http-nio-8080-exec-9] 用户名啊啊啊啊 密码验证成功。
2023-09-21 18:48:19,538 INFO c.z.u.JwtTokenUtil [http-nio-8080-exec-9] 正在创建JWT令牌...
2023-09-21 18:48:19,553 INFO c.z.u.JwtTokenUtil [http-nio-8080-exec-9] JWT令牌已成功创建。
2023-09-21 18:48:19,553 INFO c.z.c.UserController [http-nio-8080-exec-9] 用户啊啊啊啊登录成功
2023-09-21 18:48:19,619 INFO c.z.c.JwtAuthenticationFilter [http-nio-8080-exec-2] 授权头部字段：Bearer eyJ0eXAiOiJKV1QiLCJhbGciOiJIUzI1NiJ9.eyJpc3MiOiJ6emwiLCJuYW1lIjoi5ZWK5ZWK5ZWK5ZWKIiwiZXhwIjoxNjk1Mzc5Njk5LCJpYXQiOjE2OTUyOTMyOTl9.SRK8vhckruiwaxchwe-2ttYMp3EntPoXBAIxQEodF4k
2023-09-21 18:48:19,619 INFO c.z.c.JwtAuthenticationFilter [http-nio-8080-exec-2] 提取的令牌：eyJ0eXAiOiJKV1QiLCJhbGciOiJIUzI1NiJ9.eyJpc3MiOiJ6emwiLCJuYW1lIjoi5ZWK5ZWK5ZWK5ZWKIiwiZXhwIjoxNjk1Mzc5Njk5LCJpYXQiOjE2OTUyOTMyOTl9.SRK8vhckruiwaxchwe-2ttYMp3EntPoXBAIxQEodF4k
2023-09-21 18:48:19,619 INFO c.z.u.JwtTokenUtil [http-nio-8080-exec-2] 正在验证JWT令牌...
2023-09-21 18:48:19,619 INFO c.z.u.JwtTokenUtil [http-nio-8080-exec-2] JWT令牌验证成功。
2023-09-21 18:48:27,521 INFO c.z.c.JwtAuthenticationFilter [http-nio-8080-exec-7] 授权头部字段：null
2023-09-21 18:48:27,521 INFO c.z.c.JwtAuthenticationFilter [http-nio-8080-exec-7] 提取的令牌：null
2023-09-21 18:48:27,521 INFO c.z.u.JwtTokenUtil [http-nio-8080-exec-7] 正在验证JWT令牌...
2023-09-21 18:48:27,522 ERROR c.z.u.JwtTokenUtil [http-nio-8080-exec-7] JWT令牌验证失败: The token is null.
2023-09-21 18:48:27,530 ERROR o.a.c.c.C.[.[.[.[dispatcherServlet] [http-nio-8080-exec-7] Servlet.service() for servlet [dispatcherServlet] in context with path [] threw exception [令牌无效或不存在] with root cause
javax.servlet.ServletException: 令牌无效或不存在
	at com.zzlcxt.config.JwtAuthenticationFilter.preHandle(JwtAuthenticationFilter.java:51) ~[classes/:?]
	at org.springframework.web.servlet.HandlerExecutionChain.applyPreHandle(HandlerExecutionChain.java:148) ~[spring-webmvc-5.3.27.jar:5.3.27]
	at org.springframework.web.servlet.DispatcherServlet.doDispatch(DispatcherServlet.java:1067) ~[spring-webmvc-5.3.27.jar:5.3.27]
	at org.springframework.web.servlet.DispatcherServlet.doService(DispatcherServlet.java:965) ~[spring-webmvc-5.3.27.jar:5.3.27]
	at org.springframework.web.servlet.FrameworkServlet.processRequest(FrameworkServlet.java:1006) ~[spring-webmvc-5.3.27.jar:5.3.27]
	at org.springframework.web.servlet.FrameworkServlet.doPost(FrameworkServlet.java:909) ~[spring-webmvc-5.3.27.jar:5.3.27]
	at javax.servlet.http.HttpServlet.service(HttpServlet.java:555) ~[tomcat-embed-core-9.0.75.jar:4.0.FR]
	at org.springframework.web.servlet.FrameworkServlet.service(FrameworkServlet.java:883) ~[spring-webmvc-5.3.27.jar:5.3.27]
	at javax.servlet.http.HttpServlet.service(HttpServlet.java:623) ~[tomcat-embed-core-9.0.75.jar:4.0.FR]
	at org.apache.catalina.core.ApplicationFilterChain.internalDoFilter(ApplicationFilterChain.java:209) ~[tomcat-embed-core-9.0.75.jar:9.0.75]
	at org.apache.catalina.core.ApplicationFilterChain.doFilter(ApplicationFilterChain.java:153) ~[tomcat-embed-core-9.0.75.jar:9.0.75]
	at org.apache.tomcat.websocket.server.WsFilter.doFilter(WsFilter.java:51) ~[tomcat-embed-websocket-9.0.75.jar:9.0.75]
	at org.apache.catalina.core.ApplicationFilterChain.internalDoFilter(ApplicationFilterChain.java:178) ~[tomcat-embed-core-9.0.75.jar:9.0.75]
	at org.apache.catalina.core.ApplicationFilterChain.doFilter(ApplicationFilterChain.java:153) ~[tomcat-embed-core-9.0.75.jar:9.0.75]
	at org.springframework.web.filter.RequestContextFilter.doFilterInternal(RequestContextFilter.java:100) ~[spring-web-5.3.27.jar:5.3.27]
	at org.springframework.web.filter.OncePerRequestFilter.doFilter(OncePerRequestFilter.java:117) ~[spring-web-5.3.27.jar:5.3.27]
	at org.apache.catalina.core.ApplicationFilterChain.internalDoFilter(ApplicationFilterChain.java:178) ~[tomcat-embed-core-9.0.75.jar:9.0.75]
	at org.apache.catalina.core.ApplicationFilterChain.doFilter(ApplicationFilterChain.java:153) ~[tomcat-embed-core-9.0.75.jar:9.0.75]
	at org.springframework.web.filter.FormContentFilter.doFilterInternal(FormContentFilter.java:93) ~[spring-web-5.3.27.jar:5.3.27]
	at org.springframework.web.filter.OncePerRequestFilter.doFilter(OncePerRequestFilter.java:117) ~[spring-web-5.3.27.jar:5.3.27]
	at org.apache.catalina.core.ApplicationFilterChain.internalDoFilter(ApplicationFilterChain.java:178) ~[tomcat-embed-core-9.0.75.jar:9.0.75]
	at org.apache.catalina.core.ApplicationFilterChain.doFilter(ApplicationFilterChain.java:153) ~[tomcat-embed-core-9.0.75.jar:9.0.75]
	at org.springframework.web.filter.CharacterEncodingFilter.doFilterInternal(CharacterEncodingFilter.java:201) ~[spring-web-5.3.27.jar:5.3.27]
	at org.springframework.web.filter.OncePerRequestFilter.doFilter(OncePerRequestFilter.java:117) ~[spring-web-5.3.27.jar:5.3.27]
	at org.apache.catalina.core.ApplicationFilterChain.internalDoFilter(ApplicationFilterChain.java:178) ~[tomcat-embed-core-9.0.75.jar:9.0.75]
	at org.apache.catalina.core.ApplicationFilterChain.doFilter(ApplicationFilterChain.java:153) ~[tomcat-embed-core-9.0.75.jar:9.0.75]
	at org.apache.catalina.core.StandardWrapperValve.invoke(StandardWrapperValve.java:167) ~[tomcat-embed-core-9.0.75.jar:9.0.75]
	at org.apache.catalina.core.StandardContextValve.invoke(StandardContextValve.java:90) ~[tomcat-embed-core-9.0.75.jar:9.0.75]
	at org.apache.catalina.authenticator.AuthenticatorBase.invoke(AuthenticatorBase.java:481) ~[tomcat-embed-core-9.0.75.jar:9.0.75]
	at org.apache.catalina.core.StandardHostValve.invoke(StandardHostValve.java:130) ~[tomcat-embed-core-9.0.75.jar:9.0.75]
	at org.apache.catalina.valves.ErrorReportValve.invoke(ErrorReportValve.java:93) ~[tomcat-embed-core-9.0.75.jar:9.0.75]
	at org.apache.catalina.core.StandardEngineValve.invoke(StandardEngineValve.java:74) ~[tomcat-embed-core-9.0.75.jar:9.0.75]
	at org.apache.catalina.connector.CoyoteAdapter.service(CoyoteAdapter.java:343) ~[tomcat-embed-core-9.0.75.jar:9.0.75]
	at org.apache.coyote.http11.Http11Processor.service(Http11Processor.java:390) ~[tomcat-embed-core-9.0.75.jar:9.0.75]
	at org.apache.coyote.AbstractProcessorLight.process(AbstractProcessorLight.java:63) ~[tomcat-embed-core-9.0.75.jar:9.0.75]
	at org.apache.coyote.AbstractProtocol$ConnectionHandler.process(AbstractProtocol.java:926) ~[tomcat-embed-core-9.0.75.jar:9.0.75]
	at org.apache.tomcat.util.net.NioEndpoint$SocketProcessor.doRun(NioEndpoint.java:1791) ~[tomcat-embed-core-9.0.75.jar:9.0.75]
	at org.apache.tomcat.util.net.SocketProcessorBase.run(SocketProcessorBase.java:52) ~[tomcat-embed-core-9.0.75.jar:9.0.75]
	at org.apache.tomcat.util.threads.ThreadPoolExecutor.runWorker(ThreadPoolExecutor.java:1191) ~[tomcat-embed-core-9.0.75.jar:9.0.75]
	at org.apache.tomcat.util.threads.ThreadPoolExecutor$Worker.run(ThreadPoolExecutor.java:659) ~[tomcat-embed-core-9.0.75.jar:9.0.75]
	at org.apache.tomcat.util.threads.TaskThread$WrappingRunnable.run(TaskThread.java:61) ~[tomcat-embed-core-9.0.75.jar:9.0.75]
	at java.lang.Thread.run(Thread.java:750) ~[?:1.8.0_361]
2023-09-21 18:48:27,535 INFO c.z.c.JwtAuthenticationFilter [http-nio-8080-exec-7] 授权头部字段：null
2023-09-21 18:48:27,535 INFO c.z.c.JwtAuthenticationFilter [http-nio-8080-exec-7] 提取的令牌：null
2023-09-21 18:48:27,535 INFO c.z.u.JwtTokenUtil [http-nio-8080-exec-7] 正在验证JWT令牌...
2023-09-21 18:48:27,535 ERROR c.z.u.JwtTokenUtil [http-nio-8080-exec-7] JWT令牌验证失败: The token is null.
2023-09-21 18:48:27,536 ERROR o.a.c.c.C.[.[.[.[dispatcherServlet] [http-nio-8080-exec-7] Servlet.service() for servlet [dispatcherServlet] threw exception
javax.servlet.ServletException: 令牌无效或不存在
	at com.zzlcxt.config.JwtAuthenticationFilter.preHandle(JwtAuthenticationFilter.java:51) ~[classes/:?]
	at org.springframework.web.servlet.HandlerExecutionChain.applyPreHandle(HandlerExecutionChain.java:148) ~[spring-webmvc-5.3.27.jar:5.3.27]
	at org.springframework.web.servlet.DispatcherServlet.doDispatch(DispatcherServlet.java:1067) ~[spring-webmvc-5.3.27.jar:5.3.27]
	at org.springframework.web.servlet.DispatcherServlet.doService(DispatcherServlet.java:965) ~[spring-webmvc-5.3.27.jar:5.3.27]
	at org.springframework.web.servlet.FrameworkServlet.processRequest(FrameworkServlet.java:1006) ~[spring-webmvc-5.3.27.jar:5.3.27]
	at org.springframework.web.servlet.FrameworkServlet.doPost(FrameworkServlet.java:909) ~[spring-webmvc-5.3.27.jar:5.3.27]
	at javax.servlet.http.HttpServlet.service(HttpServlet.java:555) ~[tomcat-embed-core-9.0.75.jar:4.0.FR]
	at org.springframework.web.servlet.FrameworkServlet.service(FrameworkServlet.java:883) ~[spring-webmvc-5.3.27.jar:5.3.27]
	at javax.servlet.http.HttpServlet.service(HttpServlet.java:623) ~[tomcat-embed-core-9.0.75.jar:4.0.FR]
	at org.apache.catalina.core.ApplicationFilterChain.internalDoFilter(ApplicationFilterChain.java:209) ~[tomcat-embed-core-9.0.75.jar:9.0.75]
	at org.apache.catalina.core.ApplicationFilterChain.doFilter(ApplicationFilterChain.java:153) ~[tomcat-embed-core-9.0.75.jar:9.0.75]
	at org.springframework.web.filter.RequestContextFilter.doFilterInternal(RequestContextFilter.java:100) ~[spring-web-5.3.27.jar:5.3.27]
	at org.springframework.web.filter.OncePerRequestFilter.doFilter(OncePerRequestFilter.java:117) ~[spring-web-5.3.27.jar:5.3.27]
	at org.apache.catalina.core.ApplicationFilterChain.internalDoFilter(ApplicationFilterChain.java:178) ~[tomcat-embed-core-9.0.75.jar:9.0.75]
	at org.apache.catalina.core.ApplicationFilterChain.doFilter(ApplicationFilterChain.java:153) ~[tomcat-embed-core-9.0.75.jar:9.0.75]
	at org.springframework.web.filter.OncePerRequestFilter.doFilter(OncePerRequestFilter.java:102) ~[spring-web-5.3.27.jar:5.3.27]
	at org.apache.catalina.core.ApplicationFilterChain.internalDoFilter(ApplicationFilterChain.java:178) ~[tomcat-embed-core-9.0.75.jar:9.0.75]
	at org.apache.catalina.core.ApplicationFilterChain.doFilter(ApplicationFilterChain.java:153) ~[tomcat-embed-core-9.0.75.jar:9.0.75]
	at org.springframework.web.filter.OncePerRequestFilter.doFilter(OncePerRequestFilter.java:102) ~[spring-web-5.3.27.jar:5.3.27]
	at org.apache.catalina.core.ApplicationFilterChain.internalDoFilter(ApplicationFilterChain.java:178) ~[tomcat-embed-core-9.0.75.jar:9.0.75]
	at org.apache.catalina.core.ApplicationFilterChain.doFilter(ApplicationFilterChain.java:153) ~[tomcat-embed-core-9.0.75.jar:9.0.75]
	at org.apache.catalina.core.ApplicationDispatcher.invoke(ApplicationDispatcher.java:661) ~[tomcat-embed-core-9.0.75.jar:9.0.75]
	at org.apache.catalina.core.ApplicationDispatcher.processRequest(ApplicationDispatcher.java:427) ~[tomcat-embed-core-9.0.75.jar:9.0.75]
	at org.apache.catalina.core.ApplicationDispatcher.doForward(ApplicationDispatcher.java:357) ~[tomcat-embed-core-9.0.75.jar:9.0.75]
	at org.apache.catalina.core.ApplicationDispatcher.forward(ApplicationDispatcher.java:294) ~[tomcat-embed-core-9.0.75.jar:9.0.75]
	at org.apache.catalina.core.StandardHostValve.custom(StandardHostValve.java:373) ~[tomcat-embed-core-9.0.75.jar:9.0.75]
	at org.apache.catalina.core.StandardHostValve.status(StandardHostValve.java:237) ~[tomcat-embed-core-9.0.75.jar:9.0.75]
	at org.apache.catalina.core.StandardHostValve.throwable(StandardHostValve.java:319) ~[tomcat-embed-core-9.0.75.jar:9.0.75]
	at org.apache.catalina.core.StandardHostValve.invoke(StandardHostValve.java:164) ~[tomcat-embed-core-9.0.75.jar:9.0.75]
	at org.apache.catalina.valves.ErrorReportValve.invoke(ErrorReportValve.java:93) ~[tomcat-embed-core-9.0.75.jar:9.0.75]
	at org.apache.catalina.core.StandardEngineValve.invoke(StandardEngineValve.java:74) ~[tomcat-embed-core-9.0.75.jar:9.0.75]
	at org.apache.catalina.connector.CoyoteAdapter.service(CoyoteAdapter.java:343) ~[tomcat-embed-core-9.0.75.jar:9.0.75]
	at org.apache.coyote.http11.Http11Processor.service(Http11Processor.java:390) ~[tomcat-embed-core-9.0.75.jar:9.0.75]
	at org.apache.coyote.AbstractProcessorLight.process(AbstractProcessorLight.java:63) ~[tomcat-embed-core-9.0.75.jar:9.0.75]
	at org.apache.coyote.AbstractProtocol$ConnectionHandler.process(AbstractProtocol.java:926) ~[tomcat-embed-core-9.0.75.jar:9.0.75]
	at org.apache.tomcat.util.net.NioEndpoint$SocketProcessor.doRun(NioEndpoint.java:1791) ~[tomcat-embed-core-9.0.75.jar:9.0.75]
	at org.apache.tomcat.util.net.SocketProcessorBase.run(SocketProcessorBase.java:52) ~[tomcat-embed-core-9.0.75.jar:9.0.75]
	at org.apache.tomcat.util.threads.ThreadPoolExecutor.runWorker(ThreadPoolExecutor.java:1191) ~[tomcat-embed-core-9.0.75.jar:9.0.75]
	at org.apache.tomcat.util.threads.ThreadPoolExecutor$Worker.run(ThreadPoolExecutor.java:659) ~[tomcat-embed-core-9.0.75.jar:9.0.75]
	at org.apache.tomcat.util.threads.TaskThread$WrappingRunnable.run(TaskThread.java:61) ~[tomcat-embed-core-9.0.75.jar:9.0.75]
	at java.lang.Thread.run(Thread.java:750) ~[?:1.8.0_361]
2023-09-21 18:48:27,536 ERROR o.a.c.c.C.[.[localhost] [http-nio-8080-exec-7] Exception Processing ErrorPage[errorCode=0, location=/error]
javax.servlet.ServletException: 令牌无效或不存在
	at com.zzlcxt.config.JwtAuthenticationFilter.preHandle(JwtAuthenticationFilter.java:51) ~[classes/:?]
	at org.springframework.web.servlet.HandlerExecutionChain.applyPreHandle(HandlerExecutionChain.java:148) ~[spring-webmvc-5.3.27.jar:5.3.27]
	at org.springframework.web.servlet.DispatcherServlet.doDispatch(DispatcherServlet.java:1067) ~[spring-webmvc-5.3.27.jar:5.3.27]
	at org.springframework.web.servlet.DispatcherServlet.doService(DispatcherServlet.java:965) ~[spring-webmvc-5.3.27.jar:5.3.27]
	at org.springframework.web.servlet.FrameworkServlet.processRequest(FrameworkServlet.java:1006) ~[spring-webmvc-5.3.27.jar:5.3.27]
	at org.springframework.web.servlet.FrameworkServlet.doPost(FrameworkServlet.java:909) ~[spring-webmvc-5.3.27.jar:5.3.27]
	at javax.servlet.http.HttpServlet.service(HttpServlet.java:555) ~[tomcat-embed-core-9.0.75.jar:4.0.FR]
	at org.springframework.web.servlet.FrameworkServlet.service(FrameworkServlet.java:883) ~[spring-webmvc-5.3.27.jar:5.3.27]
	at javax.servlet.http.HttpServlet.service(HttpServlet.java:623) ~[tomcat-embed-core-9.0.75.jar:4.0.FR]
	at org.apache.catalina.core.ApplicationFilterChain.internalDoFilter(ApplicationFilterChain.java:209) ~[tomcat-embed-core-9.0.75.jar:9.0.75]
	at org.apache.catalina.core.ApplicationFilterChain.doFilter(ApplicationFilterChain.java:153) ~[tomcat-embed-core-9.0.75.jar:9.0.75]
	at org.springframework.web.filter.RequestContextFilter.doFilterInternal(RequestContextFilter.java:100) ~[spring-web-5.3.27.jar:5.3.27]
	at org.springframework.web.filter.OncePerRequestFilter.doFilter(OncePerRequestFilter.java:117) ~[spring-web-5.3.27.jar:5.3.27]
	at org.apache.catalina.core.ApplicationFilterChain.internalDoFilter(ApplicationFilterChain.java:178) ~[tomcat-embed-core-9.0.75.jar:9.0.75]
	at org.apache.catalina.core.ApplicationFilterChain.doFilter(ApplicationFilterChain.java:153) ~[tomcat-embed-core-9.0.75.jar:9.0.75]
	at org.springframework.web.filter.OncePerRequestFilter.doFilter(OncePerRequestFilter.java:102) ~[spring-web-5.3.27.jar:5.3.27]
	at org.apache.catalina.core.ApplicationFilterChain.internalDoFilter(ApplicationFilterChain.java:178) ~[tomcat-embed-core-9.0.75.jar:9.0.75]
	at org.apache.catalina.core.ApplicationFilterChain.doFilter(ApplicationFilterChain.java:153) ~[tomcat-embed-core-9.0.75.jar:9.0.75]
	at org.springframework.web.filter.OncePerRequestFilter.doFilter(OncePerRequestFilter.java:102) ~[spring-web-5.3.27.jar:5.3.27]
	at org.apache.catalina.core.ApplicationFilterChain.internalDoFilter(ApplicationFilterChain.java:178) ~[tomcat-embed-core-9.0.75.jar:9.0.75]
	at org.apache.catalina.core.ApplicationFilterChain.doFilter(ApplicationFilterChain.java:153) ~[tomcat-embed-core-9.0.75.jar:9.0.75]
	at org.apache.catalina.core.ApplicationDispatcher.invoke(ApplicationDispatcher.java:661) ~[tomcat-embed-core-9.0.75.jar:9.0.75]
	at org.apache.catalina.core.ApplicationDispatcher.processRequest(ApplicationDispatcher.java:427) ~[tomcat-embed-core-9.0.75.jar:9.0.75]
	at org.apache.catalina.core.ApplicationDispatcher.doForward(ApplicationDispatcher.java:357) ~[tomcat-embed-core-9.0.75.jar:9.0.75]
	at org.apache.catalina.core.ApplicationDispatcher.forward(ApplicationDispatcher.java:294) ~[tomcat-embed-core-9.0.75.jar:9.0.75]
	at org.apache.catalina.core.StandardHostValve.custom(StandardHostValve.java:373) ~[tomcat-embed-core-9.0.75.jar:9.0.75]
	at org.apache.catalina.core.StandardHostValve.status(StandardHostValve.java:237) ~[tomcat-embed-core-9.0.75.jar:9.0.75]
	at org.apache.catalina.core.StandardHostValve.throwable(StandardHostValve.java:319) ~[tomcat-embed-core-9.0.75.jar:9.0.75]
	at org.apache.catalina.core.StandardHostValve.invoke(StandardHostValve.java:164) ~[tomcat-embed-core-9.0.75.jar:9.0.75]
	at org.apache.catalina.valves.ErrorReportValve.invoke(ErrorReportValve.java:93) ~[tomcat-embed-core-9.0.75.jar:9.0.75]
	at org.apache.catalina.core.StandardEngineValve.invoke(StandardEngineValve.java:74) ~[tomcat-embed-core-9.0.75.jar:9.0.75]
	at org.apache.catalina.connector.CoyoteAdapter.service(CoyoteAdapter.java:343) ~[tomcat-embed-core-9.0.75.jar:9.0.75]
	at org.apache.coyote.http11.Http11Processor.service(Http11Processor.java:390) ~[tomcat-embed-core-9.0.75.jar:9.0.75]
	at org.apache.coyote.AbstractProcessorLight.process(AbstractProcessorLight.java:63) ~[tomcat-embed-core-9.0.75.jar:9.0.75]
	at org.apache.coyote.AbstractProtocol$ConnectionHandler.process(AbstractProtocol.java:926) ~[tomcat-embed-core-9.0.75.jar:9.0.75]
	at org.apache.tomcat.util.net.NioEndpoint$SocketProcessor.doRun(NioEndpoint.java:1791) ~[tomcat-embed-core-9.0.75.jar:9.0.75]
	at org.apache.tomcat.util.net.SocketProcessorBase.run(SocketProcessorBase.java:52) ~[tomcat-embed-core-9.0.75.jar:9.0.75]
	at org.apache.tomcat.util.threads.ThreadPoolExecutor.runWorker(ThreadPoolExecutor.java:1191) ~[tomcat-embed-core-9.0.75.jar:9.0.75]
	at org.apache.tomcat.util.threads.ThreadPoolExecutor$Worker.run(ThreadPoolExecutor.java:659) ~[tomcat-embed-core-9.0.75.jar:9.0.75]
	at org.apache.tomcat.util.threads.TaskThread$WrappingRunnable.run(TaskThread.java:61) ~[tomcat-embed-core-9.0.75.jar:9.0.75]
	at java.lang.Thread.run(Thread.java:750) ~[?:1.8.0_361]
2023-09-21 19:02:33,185 INFO c.z.c.JwtAuthenticationFilter [http-nio-8080-exec-8] 授权头部字段：null
2023-09-21 19:02:33,186 INFO c.z.c.JwtAuthenticationFilter [http-nio-8080-exec-8] 提取的令牌：null
2023-09-21 19:02:33,186 INFO c.z.u.JwtTokenUtil [http-nio-8080-exec-8] 正在验证JWT令牌...
2023-09-21 19:02:33,186 ERROR c.z.u.JwtTokenUtil [http-nio-8080-exec-8] JWT令牌验证失败: The token is null.
2023-09-21 19:02:33,186 ERROR o.a.c.c.C.[.[.[.[dispatcherServlet] [http-nio-8080-exec-8] Servlet.service() for servlet [dispatcherServlet] in context with path [] threw exception [令牌无效或不存在] with root cause
javax.servlet.ServletException: 令牌无效或不存在
	at com.zzlcxt.config.JwtAuthenticationFilter.preHandle(JwtAuthenticationFilter.java:51) ~[classes/:?]
	at org.springframework.web.servlet.HandlerExecutionChain.applyPreHandle(HandlerExecutionChain.java:148) ~[spring-webmvc-5.3.27.jar:5.3.27]
	at org.springframework.web.servlet.DispatcherServlet.doDispatch(DispatcherServlet.java:1067) ~[spring-webmvc-5.3.27.jar:5.3.27]
	at org.springframework.web.servlet.DispatcherServlet.doService(DispatcherServlet.java:965) ~[spring-webmvc-5.3.27.jar:5.3.27]
	at org.springframework.web.servlet.FrameworkServlet.processRequest(FrameworkServlet.java:1006) ~[spring-webmvc-5.3.27.jar:5.3.27]
	at org.springframework.web.servlet.FrameworkServlet.doPost(FrameworkServlet.java:909) ~[spring-webmvc-5.3.27.jar:5.3.27]
	at javax.servlet.http.HttpServlet.service(HttpServlet.java:555) ~[tomcat-embed-core-9.0.75.jar:4.0.FR]
	at org.springframework.web.servlet.FrameworkServlet.service(FrameworkServlet.java:883) ~[spring-webmvc-5.3.27.jar:5.3.27]
	at javax.servlet.http.HttpServlet.service(HttpServlet.java:623) ~[tomcat-embed-core-9.0.75.jar:4.0.FR]
	at org.apache.catalina.core.ApplicationFilterChain.internalDoFilter(ApplicationFilterChain.java:209) ~[tomcat-embed-core-9.0.75.jar:9.0.75]
	at org.apache.catalina.core.ApplicationFilterChain.doFilter(ApplicationFilterChain.java:153) ~[tomcat-embed-core-9.0.75.jar:9.0.75]
	at org.apache.tomcat.websocket.server.WsFilter.doFilter(WsFilter.java:51) ~[tomcat-embed-websocket-9.0.75.jar:9.0.75]
	at org.apache.catalina.core.ApplicationFilterChain.internalDoFilter(ApplicationFilterChain.java:178) ~[tomcat-embed-core-9.0.75.jar:9.0.75]
	at org.apache.catalina.core.ApplicationFilterChain.doFilter(ApplicationFilterChain.java:153) ~[tomcat-embed-core-9.0.75.jar:9.0.75]
	at org.springframework.web.filter.RequestContextFilter.doFilterInternal(RequestContextFilter.java:100) ~[spring-web-5.3.27.jar:5.3.27]
	at org.springframework.web.filter.OncePerRequestFilter.doFilter(OncePerRequestFilter.java:117) ~[spring-web-5.3.27.jar:5.3.27]
	at org.apache.catalina.core.ApplicationFilterChain.internalDoFilter(ApplicationFilterChain.java:178) ~[tomcat-embed-core-9.0.75.jar:9.0.75]
	at org.apache.catalina.core.ApplicationFilterChain.doFilter(ApplicationFilterChain.java:153) ~[tomcat-embed-core-9.0.75.jar:9.0.75]
	at org.springframework.web.filter.FormContentFilter.doFilterInternal(FormContentFilter.java:93) ~[spring-web-5.3.27.jar:5.3.27]
	at org.springframework.web.filter.OncePerRequestFilter.doFilter(OncePerRequestFilter.java:117) ~[spring-web-5.3.27.jar:5.3.27]
	at org.apache.catalina.core.ApplicationFilterChain.internalDoFilter(ApplicationFilterChain.java:178) ~[tomcat-embed-core-9.0.75.jar:9.0.75]
	at org.apache.catalina.core.ApplicationFilterChain.doFilter(ApplicationFilterChain.java:153) ~[tomcat-embed-core-9.0.75.jar:9.0.75]
	at org.springframework.web.filter.CharacterEncodingFilter.doFilterInternal(CharacterEncodingFilter.java:201) ~[spring-web-5.3.27.jar:5.3.27]
	at org.springframework.web.filter.OncePerRequestFilter.doFilter(OncePerRequestFilter.java:117) ~[spring-web-5.3.27.jar:5.3.27]
	at org.apache.catalina.core.ApplicationFilterChain.internalDoFilter(ApplicationFilterChain.java:178) ~[tomcat-embed-core-9.0.75.jar:9.0.75]
	at org.apache.catalina.core.ApplicationFilterChain.doFilter(ApplicationFilterChain.java:153) ~[tomcat-embed-core-9.0.75.jar:9.0.75]
	at org.apache.catalina.core.StandardWrapperValve.invoke(StandardWrapperValve.java:167) ~[tomcat-embed-core-9.0.75.jar:9.0.75]
	at org.apache.catalina.core.StandardContextValve.invoke(StandardContextValve.java:90) ~[tomcat-embed-core-9.0.75.jar:9.0.75]
	at org.apache.catalina.authenticator.AuthenticatorBase.invoke(AuthenticatorBase.java:481) ~[tomcat-embed-core-9.0.75.jar:9.0.75]
	at org.apache.catalina.core.StandardHostValve.invoke(StandardHostValve.java:130) ~[tomcat-embed-core-9.0.75.jar:9.0.75]
	at org.apache.catalina.valves.ErrorReportValve.invoke(ErrorReportValve.java:93) ~[tomcat-embed-core-9.0.75.jar:9.0.75]
	at org.apache.catalina.core.StandardEngineValve.invoke(StandardEngineValve.java:74) ~[tomcat-embed-core-9.0.75.jar:9.0.75]
	at org.apache.catalina.connector.CoyoteAdapter.service(CoyoteAdapter.java:343) ~[tomcat-embed-core-9.0.75.jar:9.0.75]
	at org.apache.coyote.http11.Http11Processor.service(Http11Processor.java:390) ~[tomcat-embed-core-9.0.75.jar:9.0.75]
	at org.apache.coyote.AbstractProcessorLight.process(AbstractProcessorLight.java:63) ~[tomcat-embed-core-9.0.75.jar:9.0.75]
	at org.apache.coyote.AbstractProtocol$ConnectionHandler.process(AbstractProtocol.java:926) ~[tomcat-embed-core-9.0.75.jar:9.0.75]
	at org.apache.tomcat.util.net.NioEndpoint$SocketProcessor.doRun(NioEndpoint.java:1791) ~[tomcat-embed-core-9.0.75.jar:9.0.75]
	at org.apache.tomcat.util.net.SocketProcessorBase.run(SocketProcessorBase.java:52) ~[tomcat-embed-core-9.0.75.jar:9.0.75]
	at org.apache.tomcat.util.threads.ThreadPoolExecutor.runWorker(ThreadPoolExecutor.java:1191) ~[tomcat-embed-core-9.0.75.jar:9.0.75]
	at org.apache.tomcat.util.threads.ThreadPoolExecutor$Worker.run(ThreadPoolExecutor.java:659) ~[tomcat-embed-core-9.0.75.jar:9.0.75]
	at org.apache.tomcat.util.threads.TaskThread$WrappingRunnable.run(TaskThread.java:61) ~[tomcat-embed-core-9.0.75.jar:9.0.75]
	at java.lang.Thread.run(Thread.java:750) ~[?:1.8.0_361]
2023-09-21 19:02:33,187 INFO c.z.c.JwtAuthenticationFilter [http-nio-8080-exec-8] 授权头部字段：null
2023-09-21 19:02:33,187 INFO c.z.c.JwtAuthenticationFilter [http-nio-8080-exec-8] 提取的令牌：null
2023-09-21 19:02:33,187 INFO c.z.u.JwtTokenUtil [http-nio-8080-exec-8] 正在验证JWT令牌...
2023-09-21 19:02:33,187 ERROR c.z.u.JwtTokenUtil [http-nio-8080-exec-8] JWT令牌验证失败: The token is null.
2023-09-21 19:02:33,187 ERROR o.a.c.c.C.[.[.[.[dispatcherServlet] [http-nio-8080-exec-8] Servlet.service() for servlet [dispatcherServlet] threw exception
javax.servlet.ServletException: 令牌无效或不存在
	at com.zzlcxt.config.JwtAuthenticationFilter.preHandle(JwtAuthenticationFilter.java:51) ~[classes/:?]
	at org.springframework.web.servlet.HandlerExecutionChain.applyPreHandle(HandlerExecutionChain.java:148) ~[spring-webmvc-5.3.27.jar:5.3.27]
	at org.springframework.web.servlet.DispatcherServlet.doDispatch(DispatcherServlet.java:1067) ~[spring-webmvc-5.3.27.jar:5.3.27]
	at org.springframework.web.servlet.DispatcherServlet.doService(DispatcherServlet.java:965) ~[spring-webmvc-5.3.27.jar:5.3.27]
	at org.springframework.web.servlet.FrameworkServlet.processRequest(FrameworkServlet.java:1006) ~[spring-webmvc-5.3.27.jar:5.3.27]
	at org.springframework.web.servlet.FrameworkServlet.doPost(FrameworkServlet.java:909) ~[spring-webmvc-5.3.27.jar:5.3.27]
	at javax.servlet.http.HttpServlet.service(HttpServlet.java:555) ~[tomcat-embed-core-9.0.75.jar:4.0.FR]
	at org.springframework.web.servlet.FrameworkServlet.service(FrameworkServlet.java:883) ~[spring-webmvc-5.3.27.jar:5.3.27]
	at javax.servlet.http.HttpServlet.service(HttpServlet.java:623) ~[tomcat-embed-core-9.0.75.jar:4.0.FR]
	at org.apache.catalina.core.ApplicationFilterChain.internalDoFilter(ApplicationFilterChain.java:209) ~[tomcat-embed-core-9.0.75.jar:9.0.75]
	at org.apache.catalina.core.ApplicationFilterChain.doFilter(ApplicationFilterChain.java:153) ~[tomcat-embed-core-9.0.75.jar:9.0.75]
	at org.springframework.web.filter.RequestContextFilter.doFilterInternal(RequestContextFilter.java:100) ~[spring-web-5.3.27.jar:5.3.27]
	at org.springframework.web.filter.OncePerRequestFilter.doFilter(OncePerRequestFilter.java:117) ~[spring-web-5.3.27.jar:5.3.27]
	at org.apache.catalina.core.ApplicationFilterChain.internalDoFilter(ApplicationFilterChain.java:178) ~[tomcat-embed-core-9.0.75.jar:9.0.75]
	at org.apache.catalina.core.ApplicationFilterChain.doFilter(ApplicationFilterChain.java:153) ~[tomcat-embed-core-9.0.75.jar:9.0.75]
	at org.springframework.web.filter.OncePerRequestFilter.doFilter(OncePerRequestFilter.java:102) ~[spring-web-5.3.27.jar:5.3.27]
	at org.apache.catalina.core.ApplicationFilterChain.internalDoFilter(ApplicationFilterChain.java:178) ~[tomcat-embed-core-9.0.75.jar:9.0.75]
	at org.apache.catalina.core.ApplicationFilterChain.doFilter(ApplicationFilterChain.java:153) ~[tomcat-embed-core-9.0.75.jar:9.0.75]
	at org.springframework.web.filter.OncePerRequestFilter.doFilter(OncePerRequestFilter.java:102) ~[spring-web-5.3.27.jar:5.3.27]
	at org.apache.catalina.core.ApplicationFilterChain.internalDoFilter(ApplicationFilterChain.java:178) ~[tomcat-embed-core-9.0.75.jar:9.0.75]
	at org.apache.catalina.core.ApplicationFilterChain.doFilter(ApplicationFilterChain.java:153) ~[tomcat-embed-core-9.0.75.jar:9.0.75]
	at org.apache.catalina.core.ApplicationDispatcher.invoke(ApplicationDispatcher.java:661) ~[tomcat-embed-core-9.0.75.jar:9.0.75]
	at org.apache.catalina.core.ApplicationDispatcher.processRequest(ApplicationDispatcher.java:427) ~[tomcat-embed-core-9.0.75.jar:9.0.75]
	at org.apache.catalina.core.ApplicationDispatcher.doForward(ApplicationDispatcher.java:357) ~[tomcat-embed-core-9.0.75.jar:9.0.75]
	at org.apache.catalina.core.ApplicationDispatcher.forward(ApplicationDispatcher.java:294) ~[tomcat-embed-core-9.0.75.jar:9.0.75]
	at org.apache.catalina.core.StandardHostValve.custom(StandardHostValve.java:373) ~[tomcat-embed-core-9.0.75.jar:9.0.75]
	at org.apache.catalina.core.StandardHostValve.status(StandardHostValve.java:237) ~[tomcat-embed-core-9.0.75.jar:9.0.75]
	at org.apache.catalina.core.StandardHostValve.throwable(StandardHostValve.java:319) ~[tomcat-embed-core-9.0.75.jar:9.0.75]
	at org.apache.catalina.core.StandardHostValve.invoke(StandardHostValve.java:164) ~[tomcat-embed-core-9.0.75.jar:9.0.75]
	at org.apache.catalina.valves.ErrorReportValve.invoke(ErrorReportValve.java:93) ~[tomcat-embed-core-9.0.75.jar:9.0.75]
	at org.apache.catalina.core.StandardEngineValve.invoke(StandardEngineValve.java:74) ~[tomcat-embed-core-9.0.75.jar:9.0.75]
	at org.apache.catalina.connector.CoyoteAdapter.service(CoyoteAdapter.java:343) ~[tomcat-embed-core-9.0.75.jar:9.0.75]
	at org.apache.coyote.http11.Http11Processor.service(Http11Processor.java:390) ~[tomcat-embed-core-9.0.75.jar:9.0.75]
	at org.apache.coyote.AbstractProcessorLight.process(AbstractProcessorLight.java:63) ~[tomcat-embed-core-9.0.75.jar:9.0.75]
	at org.apache.coyote.AbstractProtocol$ConnectionHandler.process(AbstractProtocol.java:926) ~[tomcat-embed-core-9.0.75.jar:9.0.75]
	at org.apache.tomcat.util.net.NioEndpoint$SocketProcessor.doRun(NioEndpoint.java:1791) ~[tomcat-embed-core-9.0.75.jar:9.0.75]
	at org.apache.tomcat.util.net.SocketProcessorBase.run(SocketProcessorBase.java:52) ~[tomcat-embed-core-9.0.75.jar:9.0.75]
	at org.apache.tomcat.util.threads.ThreadPoolExecutor.runWorker(ThreadPoolExecutor.java:1191) ~[tomcat-embed-core-9.0.75.jar:9.0.75]
	at org.apache.tomcat.util.threads.ThreadPoolExecutor$Worker.run(ThreadPoolExecutor.java:659) ~[tomcat-embed-core-9.0.75.jar:9.0.75]
	at org.apache.tomcat.util.threads.TaskThread$WrappingRunnable.run(TaskThread.java:61) ~[tomcat-embed-core-9.0.75.jar:9.0.75]
	at java.lang.Thread.run(Thread.java:750) ~[?:1.8.0_361]
2023-09-21 19:02:33,187 ERROR o.a.c.c.C.[.[localhost] [http-nio-8080-exec-8] Exception Processing ErrorPage[errorCode=0, location=/error]
javax.servlet.ServletException: 令牌无效或不存在
	at com.zzlcxt.config.JwtAuthenticationFilter.preHandle(JwtAuthenticationFilter.java:51) ~[classes/:?]
	at org.springframework.web.servlet.HandlerExecutionChain.applyPreHandle(HandlerExecutionChain.java:148) ~[spring-webmvc-5.3.27.jar:5.3.27]
	at org.springframework.web.servlet.DispatcherServlet.doDispatch(DispatcherServlet.java:1067) ~[spring-webmvc-5.3.27.jar:5.3.27]
	at org.springframework.web.servlet.DispatcherServlet.doService(DispatcherServlet.java:965) ~[spring-webmvc-5.3.27.jar:5.3.27]
	at org.springframework.web.servlet.FrameworkServlet.processRequest(FrameworkServlet.java:1006) ~[spring-webmvc-5.3.27.jar:5.3.27]
	at org.springframework.web.servlet.FrameworkServlet.doPost(FrameworkServlet.java:909) ~[spring-webmvc-5.3.27.jar:5.3.27]
	at javax.servlet.http.HttpServlet.service(HttpServlet.java:555) ~[tomcat-embed-core-9.0.75.jar:4.0.FR]
	at org.springframework.web.servlet.FrameworkServlet.service(FrameworkServlet.java:883) ~[spring-webmvc-5.3.27.jar:5.3.27]
	at javax.servlet.http.HttpServlet.service(HttpServlet.java:623) ~[tomcat-embed-core-9.0.75.jar:4.0.FR]
	at org.apache.catalina.core.ApplicationFilterChain.internalDoFilter(ApplicationFilterChain.java:209) ~[tomcat-embed-core-9.0.75.jar:9.0.75]
	at org.apache.catalina.core.ApplicationFilterChain.doFilter(ApplicationFilterChain.java:153) ~[tomcat-embed-core-9.0.75.jar:9.0.75]
	at org.springframework.web.filter.RequestContextFilter.doFilterInternal(RequestContextFilter.java:100) ~[spring-web-5.3.27.jar:5.3.27]
	at org.springframework.web.filter.OncePerRequestFilter.doFilter(OncePerRequestFilter.java:117) ~[spring-web-5.3.27.jar:5.3.27]
	at org.apache.catalina.core.ApplicationFilterChain.internalDoFilter(ApplicationFilterChain.java:178) ~[tomcat-embed-core-9.0.75.jar:9.0.75]
	at org.apache.catalina.core.ApplicationFilterChain.doFilter(ApplicationFilterChain.java:153) ~[tomcat-embed-core-9.0.75.jar:9.0.75]
	at org.springframework.web.filter.OncePerRequestFilter.doFilter(OncePerRequestFilter.java:102) ~[spring-web-5.3.27.jar:5.3.27]
	at org.apache.catalina.core.ApplicationFilterChain.internalDoFilter(ApplicationFilterChain.java:178) ~[tomcat-embed-core-9.0.75.jar:9.0.75]
	at org.apache.catalina.core.ApplicationFilterChain.doFilter(ApplicationFilterChain.java:153) ~[tomcat-embed-core-9.0.75.jar:9.0.75]
	at org.springframework.web.filter.OncePerRequestFilter.doFilter(OncePerRequestFilter.java:102) ~[spring-web-5.3.27.jar:5.3.27]
	at org.apache.catalina.core.ApplicationFilterChain.internalDoFilter(ApplicationFilterChain.java:178) ~[tomcat-embed-core-9.0.75.jar:9.0.75]
	at org.apache.catalina.core.ApplicationFilterChain.doFilter(ApplicationFilterChain.java:153) ~[tomcat-embed-core-9.0.75.jar:9.0.75]
	at org.apache.catalina.core.ApplicationDispatcher.invoke(ApplicationDispatcher.java:661) ~[tomcat-embed-core-9.0.75.jar:9.0.75]
	at org.apache.catalina.core.ApplicationDispatcher.processRequest(ApplicationDispatcher.java:427) ~[tomcat-embed-core-9.0.75.jar:9.0.75]
	at org.apache.catalina.core.ApplicationDispatcher.doForward(ApplicationDispatcher.java:357) ~[tomcat-embed-core-9.0.75.jar:9.0.75]
	at org.apache.catalina.core.ApplicationDispatcher.forward(ApplicationDispatcher.java:294) ~[tomcat-embed-core-9.0.75.jar:9.0.75]
	at org.apache.catalina.core.StandardHostValve.custom(StandardHostValve.java:373) ~[tomcat-embed-core-9.0.75.jar:9.0.75]
	at org.apache.catalina.core.StandardHostValve.status(StandardHostValve.java:237) ~[tomcat-embed-core-9.0.75.jar:9.0.75]
	at org.apache.catalina.core.StandardHostValve.throwable(StandardHostValve.java:319) ~[tomcat-embed-core-9.0.75.jar:9.0.75]
	at org.apache.catalina.core.StandardHostValve.invoke(StandardHostValve.java:164) ~[tomcat-embed-core-9.0.75.jar:9.0.75]
	at org.apache.catalina.valves.ErrorReportValve.invoke(ErrorReportValve.java:93) ~[tomcat-embed-core-9.0.75.jar:9.0.75]
	at org.apache.catalina.core.StandardEngineValve.invoke(StandardEngineValve.java:74) ~[tomcat-embed-core-9.0.75.jar:9.0.75]
	at org.apache.catalina.connector.CoyoteAdapter.service(CoyoteAdapter.java:343) ~[tomcat-embed-core-9.0.75.jar:9.0.75]
	at org.apache.coyote.http11.Http11Processor.service(Http11Processor.java:390) ~[tomcat-embed-core-9.0.75.jar:9.0.75]
	at org.apache.coyote.AbstractProcessorLight.process(AbstractProcessorLight.java:63) ~[tomcat-embed-core-9.0.75.jar:9.0.75]
	at org.apache.coyote.AbstractProtocol$ConnectionHandler.process(AbstractProtocol.java:926) ~[tomcat-embed-core-9.0.75.jar:9.0.75]
	at org.apache.tomcat.util.net.NioEndpoint$SocketProcessor.doRun(NioEndpoint.java:1791) ~[tomcat-embed-core-9.0.75.jar:9.0.75]
	at org.apache.tomcat.util.net.SocketProcessorBase.run(SocketProcessorBase.java:52) ~[tomcat-embed-core-9.0.75.jar:9.0.75]
	at org.apache.tomcat.util.threads.ThreadPoolExecutor.runWorker(ThreadPoolExecutor.java:1191) ~[tomcat-embed-core-9.0.75.jar:9.0.75]
	at org.apache.tomcat.util.threads.ThreadPoolExecutor$Worker.run(ThreadPoolExecutor.java:659) ~[tomcat-embed-core-9.0.75.jar:9.0.75]
	at org.apache.tomcat.util.threads.TaskThread$WrappingRunnable.run(TaskThread.java:61) ~[tomcat-embed-core-9.0.75.jar:9.0.75]
	at java.lang.Thread.run(Thread.java:750) ~[?:1.8.0_361]
2023-09-21 19:02:51,767 INFO c.z.c.UserController [http-nio-8080-exec-3] 接收到用户啊啊啊啊登录信息
2023-09-21 19:02:51,767 INFO c.z.s.ImageService [http-nio-8080-exec-3] 开始验证用户名啊啊啊啊 的密码。
2023-09-21 19:02:51,770 INFO c.z.s.ImageService [http-nio-8080-exec-3] 用户名啊啊啊啊 密码验证成功。
2023-09-21 19:02:51,771 INFO c.z.u.JwtTokenUtil [http-nio-8080-exec-3] 正在创建JWT令牌...
2023-09-21 19:02:51,771 INFO c.z.u.JwtTokenUtil [http-nio-8080-exec-3] JWT令牌已成功创建。
2023-09-21 19:02:51,771 INFO c.z.c.UserController [http-nio-8080-exec-3] 用户啊啊啊啊登录成功
2023-09-21 19:02:51,878 INFO c.z.c.JwtAuthenticationFilter [http-nio-8080-exec-10] 授权头部字段：Bearer eyJ0eXAiOiJKV1QiLCJhbGciOiJIUzI1NiJ9.eyJpc3MiOiJ6emwiLCJuYW1lIjoi5ZWK5ZWK5ZWK5ZWKIiwiZXhwIjoxNjk1MzgwNTcxLCJpYXQiOjE2OTUyOTQxNzF9._De8tuKrrp931ugbR9Vn9Bfi-Qt1Tbh7f2RtrQOPWbI
2023-09-21 19:02:51,878 INFO c.z.c.JwtAuthenticationFilter [http-nio-8080-exec-10] 提取的令牌：eyJ0eXAiOiJKV1QiLCJhbGciOiJIUzI1NiJ9.eyJpc3MiOiJ6emwiLCJuYW1lIjoi5ZWK5ZWK5ZWK5ZWKIiwiZXhwIjoxNjk1MzgwNTcxLCJpYXQiOjE2OTUyOTQxNzF9._De8tuKrrp931ugbR9Vn9Bfi-Qt1Tbh7f2RtrQOPWbI
2023-09-21 19:02:51,878 INFO c.z.u.JwtTokenUtil [http-nio-8080-exec-10] 正在验证JWT令牌...
2023-09-21 19:02:51,878 INFO c.z.u.JwtTokenUtil [http-nio-8080-exec-10] JWT令牌验证成功。
2023-09-21 19:02:58,956 INFO c.z.c.JwtAuthenticationFilter [http-nio-8080-exec-4] 授权头部字段：null
2023-09-21 19:02:58,956 INFO c.z.c.JwtAuthenticationFilter [http-nio-8080-exec-4] 提取的令牌：null
2023-09-21 19:02:58,956 INFO c.z.u.JwtTokenUtil [http-nio-8080-exec-4] 正在验证JWT令牌...
2023-09-21 19:02:58,956 ERROR c.z.u.JwtTokenUtil [http-nio-8080-exec-4] JWT令牌验证失败: The token is null.
2023-09-21 19:02:58,957 ERROR o.a.c.c.C.[.[.[.[dispatcherServlet] [http-nio-8080-exec-4] Servlet.service() for servlet [dispatcherServlet] in context with path [] threw exception [令牌无效或不存在] with root cause
javax.servlet.ServletException: 令牌无效或不存在
	at com.zzlcxt.config.JwtAuthenticationFilter.preHandle(JwtAuthenticationFilter.java:51) ~[classes/:?]
	at org.springframework.web.servlet.HandlerExecutionChain.applyPreHandle(HandlerExecutionChain.java:148) ~[spring-webmvc-5.3.27.jar:5.3.27]
	at org.springframework.web.servlet.DispatcherServlet.doDispatch(DispatcherServlet.java:1067) ~[spring-webmvc-5.3.27.jar:5.3.27]
	at org.springframework.web.servlet.DispatcherServlet.doService(DispatcherServlet.java:965) ~[spring-webmvc-5.3.27.jar:5.3.27]
	at org.springframework.web.servlet.FrameworkServlet.processRequest(FrameworkServlet.java:1006) ~[spring-webmvc-5.3.27.jar:5.3.27]
	at org.springframework.web.servlet.FrameworkServlet.doPost(FrameworkServlet.java:909) ~[spring-webmvc-5.3.27.jar:5.3.27]
	at javax.servlet.http.HttpServlet.service(HttpServlet.java:555) ~[tomcat-embed-core-9.0.75.jar:4.0.FR]
	at org.springframework.web.servlet.FrameworkServlet.service(FrameworkServlet.java:883) ~[spring-webmvc-5.3.27.jar:5.3.27]
	at javax.servlet.http.HttpServlet.service(HttpServlet.java:623) ~[tomcat-embed-core-9.0.75.jar:4.0.FR]
	at org.apache.catalina.core.ApplicationFilterChain.internalDoFilter(ApplicationFilterChain.java:209) ~[tomcat-embed-core-9.0.75.jar:9.0.75]
	at org.apache.catalina.core.ApplicationFilterChain.doFilter(ApplicationFilterChain.java:153) ~[tomcat-embed-core-9.0.75.jar:9.0.75]
	at org.apache.tomcat.websocket.server.WsFilter.doFilter(WsFilter.java:51) ~[tomcat-embed-websocket-9.0.75.jar:9.0.75]
	at org.apache.catalina.core.ApplicationFilterChain.internalDoFilter(ApplicationFilterChain.java:178) ~[tomcat-embed-core-9.0.75.jar:9.0.75]
	at org.apache.catalina.core.ApplicationFilterChain.doFilter(ApplicationFilterChain.java:153) ~[tomcat-embed-core-9.0.75.jar:9.0.75]
	at org.springframework.web.filter.RequestContextFilter.doFilterInternal(RequestContextFilter.java:100) ~[spring-web-5.3.27.jar:5.3.27]
	at org.springframework.web.filter.OncePerRequestFilter.doFilter(OncePerRequestFilter.java:117) ~[spring-web-5.3.27.jar:5.3.27]
	at org.apache.catalina.core.ApplicationFilterChain.internalDoFilter(ApplicationFilterChain.java:178) ~[tomcat-embed-core-9.0.75.jar:9.0.75]
	at org.apache.catalina.core.ApplicationFilterChain.doFilter(ApplicationFilterChain.java:153) ~[tomcat-embed-core-9.0.75.jar:9.0.75]
	at org.springframework.web.filter.FormContentFilter.doFilterInternal(FormContentFilter.java:93) ~[spring-web-5.3.27.jar:5.3.27]
	at org.springframework.web.filter.OncePerRequestFilter.doFilter(OncePerRequestFilter.java:117) ~[spring-web-5.3.27.jar:5.3.27]
	at org.apache.catalina.core.ApplicationFilterChain.internalDoFilter(ApplicationFilterChain.java:178) ~[tomcat-embed-core-9.0.75.jar:9.0.75]
	at org.apache.catalina.core.ApplicationFilterChain.doFilter(ApplicationFilterChain.java:153) ~[tomcat-embed-core-9.0.75.jar:9.0.75]
	at org.springframework.web.filter.CharacterEncodingFilter.doFilterInternal(CharacterEncodingFilter.java:201) ~[spring-web-5.3.27.jar:5.3.27]
	at org.springframework.web.filter.OncePerRequestFilter.doFilter(OncePerRequestFilter.java:117) ~[spring-web-5.3.27.jar:5.3.27]
	at org.apache.catalina.core.ApplicationFilterChain.internalDoFilter(ApplicationFilterChain.java:178) ~[tomcat-embed-core-9.0.75.jar:9.0.75]
	at org.apache.catalina.core.ApplicationFilterChain.doFilter(ApplicationFilterChain.java:153) ~[tomcat-embed-core-9.0.75.jar:9.0.75]
	at org.apache.catalina.core.StandardWrapperValve.invoke(StandardWrapperValve.java:167) ~[tomcat-embed-core-9.0.75.jar:9.0.75]
	at org.apache.catalina.core.StandardContextValve.invoke(StandardContextValve.java:90) ~[tomcat-embed-core-9.0.75.jar:9.0.75]
	at org.apache.catalina.authenticator.AuthenticatorBase.invoke(AuthenticatorBase.java:481) ~[tomcat-embed-core-9.0.75.jar:9.0.75]
	at org.apache.catalina.core.StandardHostValve.invoke(StandardHostValve.java:130) ~[tomcat-embed-core-9.0.75.jar:9.0.75]
	at org.apache.catalina.valves.ErrorReportValve.invoke(ErrorReportValve.java:93) ~[tomcat-embed-core-9.0.75.jar:9.0.75]
	at org.apache.catalina.core.StandardEngineValve.invoke(StandardEngineValve.java:74) ~[tomcat-embed-core-9.0.75.jar:9.0.75]
	at org.apache.catalina.connector.CoyoteAdapter.service(CoyoteAdapter.java:343) ~[tomcat-embed-core-9.0.75.jar:9.0.75]
	at org.apache.coyote.http11.Http11Processor.service(Http11Processor.java:390) ~[tomcat-embed-core-9.0.75.jar:9.0.75]
	at org.apache.coyote.AbstractProcessorLight.process(AbstractProcessorLight.java:63) ~[tomcat-embed-core-9.0.75.jar:9.0.75]
	at org.apache.coyote.AbstractProtocol$ConnectionHandler.process(AbstractProtocol.java:926) ~[tomcat-embed-core-9.0.75.jar:9.0.75]
	at org.apache.tomcat.util.net.NioEndpoint$SocketProcessor.doRun(NioEndpoint.java:1791) ~[tomcat-embed-core-9.0.75.jar:9.0.75]
	at org.apache.tomcat.util.net.SocketProcessorBase.run(SocketProcessorBase.java:52) ~[tomcat-embed-core-9.0.75.jar:9.0.75]
	at org.apache.tomcat.util.threads.ThreadPoolExecutor.runWorker(ThreadPoolExecutor.java:1191) ~[tomcat-embed-core-9.0.75.jar:9.0.75]
	at org.apache.tomcat.util.threads.ThreadPoolExecutor$Worker.run(ThreadPoolExecutor.java:659) ~[tomcat-embed-core-9.0.75.jar:9.0.75]
	at org.apache.tomcat.util.threads.TaskThread$WrappingRunnable.run(TaskThread.java:61) ~[tomcat-embed-core-9.0.75.jar:9.0.75]
	at java.lang.Thread.run(Thread.java:750) ~[?:1.8.0_361]
2023-09-21 19:02:58,958 INFO c.z.c.JwtAuthenticationFilter [http-nio-8080-exec-4] 授权头部字段：null
2023-09-21 19:02:58,958 INFO c.z.c.JwtAuthenticationFilter [http-nio-8080-exec-4] 提取的令牌：null
2023-09-21 19:02:58,958 INFO c.z.u.JwtTokenUtil [http-nio-8080-exec-4] 正在验证JWT令牌...
2023-09-21 19:02:58,958 ERROR c.z.u.JwtTokenUtil [http-nio-8080-exec-4] JWT令牌验证失败: The token is null.
2023-09-21 19:02:58,959 ERROR o.a.c.c.C.[.[.[.[dispatcherServlet] [http-nio-8080-exec-4] Servlet.service() for servlet [dispatcherServlet] threw exception
javax.servlet.ServletException: 令牌无效或不存在
	at com.zzlcxt.config.JwtAuthenticationFilter.preHandle(JwtAuthenticationFilter.java:51) ~[classes/:?]
	at org.springframework.web.servlet.HandlerExecutionChain.applyPreHandle(HandlerExecutionChain.java:148) ~[spring-webmvc-5.3.27.jar:5.3.27]
	at org.springframework.web.servlet.DispatcherServlet.doDispatch(DispatcherServlet.java:1067) ~[spring-webmvc-5.3.27.jar:5.3.27]
	at org.springframework.web.servlet.DispatcherServlet.doService(DispatcherServlet.java:965) ~[spring-webmvc-5.3.27.jar:5.3.27]
	at org.springframework.web.servlet.FrameworkServlet.processRequest(FrameworkServlet.java:1006) ~[spring-webmvc-5.3.27.jar:5.3.27]
	at org.springframework.web.servlet.FrameworkServlet.doPost(FrameworkServlet.java:909) ~[spring-webmvc-5.3.27.jar:5.3.27]
	at javax.servlet.http.HttpServlet.service(HttpServlet.java:555) ~[tomcat-embed-core-9.0.75.jar:4.0.FR]
	at org.springframework.web.servlet.FrameworkServlet.service(FrameworkServlet.java:883) ~[spring-webmvc-5.3.27.jar:5.3.27]
	at javax.servlet.http.HttpServlet.service(HttpServlet.java:623) ~[tomcat-embed-core-9.0.75.jar:4.0.FR]
	at org.apache.catalina.core.ApplicationFilterChain.internalDoFilter(ApplicationFilterChain.java:209) ~[tomcat-embed-core-9.0.75.jar:9.0.75]
	at org.apache.catalina.core.ApplicationFilterChain.doFilter(ApplicationFilterChain.java:153) ~[tomcat-embed-core-9.0.75.jar:9.0.75]
	at org.springframework.web.filter.RequestContextFilter.doFilterInternal(RequestContextFilter.java:100) ~[spring-web-5.3.27.jar:5.3.27]
	at org.springframework.web.filter.OncePerRequestFilter.doFilter(OncePerRequestFilter.java:117) ~[spring-web-5.3.27.jar:5.3.27]
	at org.apache.catalina.core.ApplicationFilterChain.internalDoFilter(ApplicationFilterChain.java:178) ~[tomcat-embed-core-9.0.75.jar:9.0.75]
	at org.apache.catalina.core.ApplicationFilterChain.doFilter(ApplicationFilterChain.java:153) ~[tomcat-embed-core-9.0.75.jar:9.0.75]
	at org.springframework.web.filter.OncePerRequestFilter.doFilter(OncePerRequestFilter.java:102) ~[spring-web-5.3.27.jar:5.3.27]
	at org.apache.catalina.core.ApplicationFilterChain.internalDoFilter(ApplicationFilterChain.java:178) ~[tomcat-embed-core-9.0.75.jar:9.0.75]
	at org.apache.catalina.core.ApplicationFilterChain.doFilter(ApplicationFilterChain.java:153) ~[tomcat-embed-core-9.0.75.jar:9.0.75]
	at org.springframework.web.filter.OncePerRequestFilter.doFilter(OncePerRequestFilter.java:102) ~[spring-web-5.3.27.jar:5.3.27]
	at org.apache.catalina.core.ApplicationFilterChain.internalDoFilter(ApplicationFilterChain.java:178) ~[tomcat-embed-core-9.0.75.jar:9.0.75]
	at org.apache.catalina.core.ApplicationFilterChain.doFilter(ApplicationFilterChain.java:153) ~[tomcat-embed-core-9.0.75.jar:9.0.75]
	at org.apache.catalina.core.ApplicationDispatcher.invoke(ApplicationDispatcher.java:661) ~[tomcat-embed-core-9.0.75.jar:9.0.75]
	at org.apache.catalina.core.ApplicationDispatcher.processRequest(ApplicationDispatcher.java:427) ~[tomcat-embed-core-9.0.75.jar:9.0.75]
	at org.apache.catalina.core.ApplicationDispatcher.doForward(ApplicationDispatcher.java:357) ~[tomcat-embed-core-9.0.75.jar:9.0.75]
	at org.apache.catalina.core.ApplicationDispatcher.forward(ApplicationDispatcher.java:294) ~[tomcat-embed-core-9.0.75.jar:9.0.75]
	at org.apache.catalina.core.StandardHostValve.custom(StandardHostValve.java:373) ~[tomcat-embed-core-9.0.75.jar:9.0.75]
	at org.apache.catalina.core.StandardHostValve.status(StandardHostValve.java:237) ~[tomcat-embed-core-9.0.75.jar:9.0.75]
	at org.apache.catalina.core.StandardHostValve.throwable(StandardHostValve.java:319) ~[tomcat-embed-core-9.0.75.jar:9.0.75]
	at org.apache.catalina.core.StandardHostValve.invoke(StandardHostValve.java:164) ~[tomcat-embed-core-9.0.75.jar:9.0.75]
	at org.apache.catalina.valves.ErrorReportValve.invoke(ErrorReportValve.java:93) ~[tomcat-embed-core-9.0.75.jar:9.0.75]
	at org.apache.catalina.core.StandardEngineValve.invoke(StandardEngineValve.java:74) ~[tomcat-embed-core-9.0.75.jar:9.0.75]
	at org.apache.catalina.connector.CoyoteAdapter.service(CoyoteAdapter.java:343) ~[tomcat-embed-core-9.0.75.jar:9.0.75]
	at org.apache.coyote.http11.Http11Processor.service(Http11Processor.java:390) ~[tomcat-embed-core-9.0.75.jar:9.0.75]
	at org.apache.coyote.AbstractProcessorLight.process(AbstractProcessorLight.java:63) ~[tomcat-embed-core-9.0.75.jar:9.0.75]
	at org.apache.coyote.AbstractProtocol$ConnectionHandler.process(AbstractProtocol.java:926) ~[tomcat-embed-core-9.0.75.jar:9.0.75]
	at org.apache.tomcat.util.net.NioEndpoint$SocketProcessor.doRun(NioEndpoint.java:1791) ~[tomcat-embed-core-9.0.75.jar:9.0.75]
	at org.apache.tomcat.util.net.SocketProcessorBase.run(SocketProcessorBase.java:52) ~[tomcat-embed-core-9.0.75.jar:9.0.75]
	at org.apache.tomcat.util.threads.ThreadPoolExecutor.runWorker(ThreadPoolExecutor.java:1191) ~[tomcat-embed-core-9.0.75.jar:9.0.75]
	at org.apache.tomcat.util.threads.ThreadPoolExecutor$Worker.run(ThreadPoolExecutor.java:659) ~[tomcat-embed-core-9.0.75.jar:9.0.75]
	at org.apache.tomcat.util.threads.TaskThread$WrappingRunnable.run(TaskThread.java:61) ~[tomcat-embed-core-9.0.75.jar:9.0.75]
	at java.lang.Thread.run(Thread.java:750) ~[?:1.8.0_361]
2023-09-21 19:02:58,959 ERROR o.a.c.c.C.[.[localhost] [http-nio-8080-exec-4] Exception Processing ErrorPage[errorCode=0, location=/error]
javax.servlet.ServletException: 令牌无效或不存在
	at com.zzlcxt.config.JwtAuthenticationFilter.preHandle(JwtAuthenticationFilter.java:51) ~[classes/:?]
	at org.springframework.web.servlet.HandlerExecutionChain.applyPreHandle(HandlerExecutionChain.java:148) ~[spring-webmvc-5.3.27.jar:5.3.27]
	at org.springframework.web.servlet.DispatcherServlet.doDispatch(DispatcherServlet.java:1067) ~[spring-webmvc-5.3.27.jar:5.3.27]
	at org.springframework.web.servlet.DispatcherServlet.doService(DispatcherServlet.java:965) ~[spring-webmvc-5.3.27.jar:5.3.27]
	at org.springframework.web.servlet.FrameworkServlet.processRequest(FrameworkServlet.java:1006) ~[spring-webmvc-5.3.27.jar:5.3.27]
	at org.springframework.web.servlet.FrameworkServlet.doPost(FrameworkServlet.java:909) ~[spring-webmvc-5.3.27.jar:5.3.27]
	at javax.servlet.http.HttpServlet.service(HttpServlet.java:555) ~[tomcat-embed-core-9.0.75.jar:4.0.FR]
	at org.springframework.web.servlet.FrameworkServlet.service(FrameworkServlet.java:883) ~[spring-webmvc-5.3.27.jar:5.3.27]
	at javax.servlet.http.HttpServlet.service(HttpServlet.java:623) ~[tomcat-embed-core-9.0.75.jar:4.0.FR]
	at org.apache.catalina.core.ApplicationFilterChain.internalDoFilter(ApplicationFilterChain.java:209) ~[tomcat-embed-core-9.0.75.jar:9.0.75]
	at org.apache.catalina.core.ApplicationFilterChain.doFilter(ApplicationFilterChain.java:153) ~[tomcat-embed-core-9.0.75.jar:9.0.75]
	at org.springframework.web.filter.RequestContextFilter.doFilterInternal(RequestContextFilter.java:100) ~[spring-web-5.3.27.jar:5.3.27]
	at org.springframework.web.filter.OncePerRequestFilter.doFilter(OncePerRequestFilter.java:117) ~[spring-web-5.3.27.jar:5.3.27]
	at org.apache.catalina.core.ApplicationFilterChain.internalDoFilter(ApplicationFilterChain.java:178) ~[tomcat-embed-core-9.0.75.jar:9.0.75]
	at org.apache.catalina.core.ApplicationFilterChain.doFilter(ApplicationFilterChain.java:153) ~[tomcat-embed-core-9.0.75.jar:9.0.75]
	at org.springframework.web.filter.OncePerRequestFilter.doFilter(OncePerRequestFilter.java:102) ~[spring-web-5.3.27.jar:5.3.27]
	at org.apache.catalina.core.ApplicationFilterChain.internalDoFilter(ApplicationFilterChain.java:178) ~[tomcat-embed-core-9.0.75.jar:9.0.75]
	at org.apache.catalina.core.ApplicationFilterChain.doFilter(ApplicationFilterChain.java:153) ~[tomcat-embed-core-9.0.75.jar:9.0.75]
	at org.springframework.web.filter.OncePerRequestFilter.doFilter(OncePerRequestFilter.java:102) ~[spring-web-5.3.27.jar:5.3.27]
	at org.apache.catalina.core.ApplicationFilterChain.internalDoFilter(ApplicationFilterChain.java:178) ~[tomcat-embed-core-9.0.75.jar:9.0.75]
	at org.apache.catalina.core.ApplicationFilterChain.doFilter(ApplicationFilterChain.java:153) ~[tomcat-embed-core-9.0.75.jar:9.0.75]
	at org.apache.catalina.core.ApplicationDispatcher.invoke(ApplicationDispatcher.java:661) ~[tomcat-embed-core-9.0.75.jar:9.0.75]
	at org.apache.catalina.core.ApplicationDispatcher.processRequest(ApplicationDispatcher.java:427) ~[tomcat-embed-core-9.0.75.jar:9.0.75]
	at org.apache.catalina.core.ApplicationDispatcher.doForward(ApplicationDispatcher.java:357) ~[tomcat-embed-core-9.0.75.jar:9.0.75]
	at org.apache.catalina.core.ApplicationDispatcher.forward(ApplicationDispatcher.java:294) ~[tomcat-embed-core-9.0.75.jar:9.0.75]
	at org.apache.catalina.core.StandardHostValve.custom(StandardHostValve.java:373) ~[tomcat-embed-core-9.0.75.jar:9.0.75]
	at org.apache.catalina.core.StandardHostValve.status(StandardHostValve.java:237) ~[tomcat-embed-core-9.0.75.jar:9.0.75]
	at org.apache.catalina.core.StandardHostValve.throwable(StandardHostValve.java:319) ~[tomcat-embed-core-9.0.75.jar:9.0.75]
	at org.apache.catalina.core.StandardHostValve.invoke(StandardHostValve.java:164) ~[tomcat-embed-core-9.0.75.jar:9.0.75]
	at org.apache.catalina.valves.ErrorReportValve.invoke(ErrorReportValve.java:93) ~[tomcat-embed-core-9.0.75.jar:9.0.75]
	at org.apache.catalina.core.StandardEngineValve.invoke(StandardEngineValve.java:74) ~[tomcat-embed-core-9.0.75.jar:9.0.75]
	at org.apache.catalina.connector.CoyoteAdapter.service(CoyoteAdapter.java:343) ~[tomcat-embed-core-9.0.75.jar:9.0.75]
	at org.apache.coyote.http11.Http11Processor.service(Http11Processor.java:390) ~[tomcat-embed-core-9.0.75.jar:9.0.75]
	at org.apache.coyote.AbstractProcessorLight.process(AbstractProcessorLight.java:63) ~[tomcat-embed-core-9.0.75.jar:9.0.75]
	at org.apache.coyote.AbstractProtocol$ConnectionHandler.process(AbstractProtocol.java:926) ~[tomcat-embed-core-9.0.75.jar:9.0.75]
	at org.apache.tomcat.util.net.NioEndpoint$SocketProcessor.doRun(NioEndpoint.java:1791) ~[tomcat-embed-core-9.0.75.jar:9.0.75]
	at org.apache.tomcat.util.net.SocketProcessorBase.run(SocketProcessorBase.java:52) ~[tomcat-embed-core-9.0.75.jar:9.0.75]
	at org.apache.tomcat.util.threads.ThreadPoolExecutor.runWorker(ThreadPoolExecutor.java:1191) ~[tomcat-embed-core-9.0.75.jar:9.0.75]
	at org.apache.tomcat.util.threads.ThreadPoolExecutor$Worker.run(ThreadPoolExecutor.java:659) ~[tomcat-embed-core-9.0.75.jar:9.0.75]
	at org.apache.tomcat.util.threads.TaskThread$WrappingRunnable.run(TaskThread.java:61) ~[tomcat-embed-core-9.0.75.jar:9.0.75]
	at java.lang.Thread.run(Thread.java:750) ~[?:1.8.0_361]
2023-09-21 20:39:35,109 INFO c.z.c.UserController [http-nio-8080-exec-1] 接收到注册用户我是张子龙
2023-09-21 20:39:35,109 INFO c.z.s.ImageService [http-nio-8080-exec-1] 开始查找是否有同名用户我是张子龙
2023-09-21 20:39:35,115 INFO c.z.s.ImageService [http-nio-8080-exec-1] 未查询到同名用户
2023-09-21 20:39:35,115 INFO c.z.s.ImageService [http-nio-8080-exec-1] 开始注册用户: 我是张子龙
2023-09-21 20:39:35,130 INFO c.z.s.ImageService [http-nio-8080-exec-1] 用户 我是张子龙 已成功注册
2023-09-21 20:39:35,131 INFO c.z.c.UserController [http-nio-8080-exec-1] 用户 我是张子龙 注册成功
2023-09-21 20:40:22,390 INFO c.z.c.UserController [http-nio-8080-exec-5] 接收到注册用户woshishui
2023-09-21 20:40:22,390 INFO c.z.s.ImageService [http-nio-8080-exec-5] 开始查找是否有同名用户woshishui
2023-09-21 20:40:22,392 INFO c.z.s.ImageService [http-nio-8080-exec-5] 未查询到同名用户
2023-09-21 20:40:22,392 INFO c.z.s.ImageService [http-nio-8080-exec-5] 开始注册用户: woshishui
2023-09-21 20:40:22,395 INFO c.z.s.ImageService [http-nio-8080-exec-5] 用户 woshishui 已成功注册
2023-09-21 20:40:22,395 INFO c.z.c.UserController [http-nio-8080-exec-5] 用户 woshishui 注册成功
2023-09-21 20:41:28,402 INFO c.z.c.UserController [http-nio-8080-exec-9] 接收到注册用户啊啊啊啊
2023-09-21 20:41:28,402 INFO c.z.s.ImageService [http-nio-8080-exec-9] 开始查找是否有同名用户啊啊啊啊
2023-09-21 20:41:28,405 INFO c.z.s.ImageService [http-nio-8080-exec-9] 查询到有同名用户
2023-09-21 20:41:28,405 DEBUG c.z.c.UserController [http-nio-8080-exec-9] 用户名已存在
2023-09-21 20:41:36,889 INFO c.z.c.UserController [http-nio-8080-exec-2] 接收到注册用户啊啊啊啊
2023-09-21 20:41:36,889 INFO c.z.s.ImageService [http-nio-8080-exec-2] 开始查找是否有同名用户啊啊啊啊
2023-09-21 20:41:36,893 INFO c.z.s.ImageService [http-nio-8080-exec-2] 查询到有同名用户
2023-09-21 20:41:36,893 DEBUG c.z.c.UserController [http-nio-8080-exec-2] 用户名已存在
2023-09-21 20:42:11,095 INFO c.z.c.UserController [http-nio-8080-exec-7] 接收到注册用户啊啊啊啊
2023-09-21 20:42:11,095 INFO c.z.s.ImageService [http-nio-8080-exec-7] 开始查找是否有同名用户啊啊啊啊
2023-09-21 20:42:11,098 INFO c.z.s.ImageService [http-nio-8080-exec-7] 查询到有同名用户
2023-09-21 20:42:11,098 DEBUG c.z.c.UserController [http-nio-8080-exec-7] 用户名已存在
2023-09-21 21:25:35,712 INFO c.z.c.UserController [http-nio-8080-exec-3] 接收到用户啊啊啊啊登录信息
2023-09-21 21:25:35,713 INFO c.z.s.ImageService [http-nio-8080-exec-3] 开始验证用户名啊啊啊啊 的密码。
2023-09-21 21:25:35,717 INFO c.z.s.ImageService [http-nio-8080-exec-3] 用户名啊啊啊啊 密码验证成功。
2023-09-21 21:25:35,717 INFO c.z.u.JwtTokenUtil [http-nio-8080-exec-3] 正在创建JWT令牌...
2023-09-21 21:25:35,719 INFO c.z.u.JwtTokenUtil [http-nio-8080-exec-3] JWT令牌已成功创建。
2023-09-21 21:25:35,719 INFO c.z.c.UserController [http-nio-8080-exec-3] 用户啊啊啊啊登录成功
2023-09-21 21:25:35,905 INFO c.z.c.JwtAuthenticationFilter [http-nio-8080-exec-4] 授权头部字段：Bearer eyJ0eXAiOiJKV1QiLCJhbGciOiJIUzI1NiJ9.eyJpc3MiOiJ6emwiLCJuYW1lIjoi5ZWK5ZWK5ZWK5ZWKIiwiZXhwIjoxNjk1Mzg5MTM1LCJpYXQiOjE2OTUzMDI3MzV9.XNV8EiZfVBRA25AgfT1ka-LGl31SJwKb_3nn70tBpqE
2023-09-21 21:25:35,905 INFO c.z.c.JwtAuthenticationFilter [http-nio-8080-exec-4] 提取的令牌：eyJ0eXAiOiJKV1QiLCJhbGciOiJIUzI1NiJ9.eyJpc3MiOiJ6emwiLCJuYW1lIjoi5ZWK5ZWK5ZWK5ZWKIiwiZXhwIjoxNjk1Mzg5MTM1LCJpYXQiOjE2OTUzMDI3MzV9.XNV8EiZfVBRA25AgfT1ka-LGl31SJwKb_3nn70tBpqE
2023-09-21 21:25:35,905 INFO c.z.u.JwtTokenUtil [http-nio-8080-exec-4] 正在验证JWT令牌...
2023-09-21 21:25:35,906 INFO c.z.u.JwtTokenUtil [http-nio-8080-exec-4] JWT令牌验证成功。
2023-09-21 21:25:55,638 INFO c.z.c.JwtAuthenticationFilter [http-nio-8080-exec-1] 授权头部字段：Bearer eyJ0eXAiOiJKV1QiLCJhbGciOiJIUzI1NiJ9.eyJpc3MiOiJ6emwiLCJuYW1lIjoi5ZWK5ZWK5ZWK5ZWKIiwiZXhwIjoxNjk1Mzg5MTM1LCJpYXQiOjE2OTUzMDI3MzV9.XNV8EiZfVBRA25AgfT1ka-LGl31SJwKb_3nn70tBpqE
2023-09-21 21:25:55,638 INFO c.z.c.JwtAuthenticationFilter [http-nio-8080-exec-1] 提取的令牌：eyJ0eXAiOiJKV1QiLCJhbGciOiJIUzI1NiJ9.eyJpc3MiOiJ6emwiLCJuYW1lIjoi5ZWK5ZWK5ZWK5ZWKIiwiZXhwIjoxNjk1Mzg5MTM1LCJpYXQiOjE2OTUzMDI3MzV9.XNV8EiZfVBRA25AgfT1ka-LGl31SJwKb_3nn70tBpqE
2023-09-21 21:25:55,638 INFO c.z.u.JwtTokenUtil [http-nio-8080-exec-1] 正在验证JWT令牌...
2023-09-21 21:25:55,638 INFO c.z.u.JwtTokenUtil [http-nio-8080-exec-1] JWT令牌验证成功。
2023-09-21 21:27:05,909 INFO c.z.c.JwtAuthenticationFilter [http-nio-8080-exec-6] 授权头部字段：Bearer eyJ0eXAiOiJKV1QiLCJhbGciOiJIUzI1NiJ9.eyJpc3MiOiJ6emwiLCJuYW1lIjoi5ZWK5ZWK5ZWK5ZWKIiwiZXhwIjoxNjk1Mzg5MTM1LCJpYXQiOjE2OTUzMDI3MzV9.XNV8EiZfVBRA25AgfT1ka-LGl31SJwKb_3nn70tBpqE
2023-09-21 21:27:05,909 INFO c.z.c.JwtAuthenticationFilter [http-nio-8080-exec-6] 提取的令牌：eyJ0eXAiOiJKV1QiLCJhbGciOiJIUzI1NiJ9.eyJpc3MiOiJ6emwiLCJuYW1lIjoi5ZWK5ZWK5ZWK5ZWKIiwiZXhwIjoxNjk1Mzg5MTM1LCJpYXQiOjE2OTUzMDI3MzV9.XNV8EiZfVBRA25AgfT1ka-LGl31SJwKb_3nn70tBpqE
2023-09-21 21:27:05,909 INFO c.z.u.JwtTokenUtil [http-nio-8080-exec-6] 正在验证JWT令牌...
2023-09-21 21:27:05,909 INFO c.z.u.JwtTokenUtil [http-nio-8080-exec-6] JWT令牌验证成功。
2023-09-21 21:32:51,658 INFO c.z.c.UserController [http-nio-8080-exec-2] 接收到用户啊啊啊啊登录信息
2023-09-21 21:32:51,658 INFO c.z.s.ImageService [http-nio-8080-exec-2] 开始验证用户名啊啊啊啊 的密码。
2023-09-21 21:32:51,660 INFO c.z.s.ImageService [http-nio-8080-exec-2] 用户名啊啊啊啊 密码验证成功。
2023-09-21 21:32:51,660 INFO c.z.u.JwtTokenUtil [http-nio-8080-exec-2] 正在创建JWT令牌...
2023-09-21 21:32:51,660 INFO c.z.u.JwtTokenUtil [http-nio-8080-exec-2] JWT令牌已成功创建。
2023-09-21 21:32:51,660 INFO c.z.c.UserController [http-nio-8080-exec-2] 用户啊啊啊啊登录成功
2023-09-21 21:32:52,068 INFO c.z.c.JwtAuthenticationFilter [http-nio-8080-exec-7] 授权头部字段：Bearer eyJ0eXAiOiJKV1QiLCJhbGciOiJIUzI1NiJ9.eyJpc3MiOiJ6emwiLCJuYW1lIjoi5ZWK5ZWK5ZWK5ZWKIiwiZXhwIjoxNjk1Mzg5NTcxLCJpYXQiOjE2OTUzMDMxNzF9.Z4ppmuOgxwSCouhvls9ZCm8CORZqJKXnXCuvOZIMzeo
2023-09-21 21:32:52,068 INFO c.z.c.JwtAuthenticationFilter [http-nio-8080-exec-7] 提取的令牌：eyJ0eXAiOiJKV1QiLCJhbGciOiJIUzI1NiJ9.eyJpc3MiOiJ6emwiLCJuYW1lIjoi5ZWK5ZWK5ZWK5ZWKIiwiZXhwIjoxNjk1Mzg5NTcxLCJpYXQiOjE2OTUzMDMxNzF9.Z4ppmuOgxwSCouhvls9ZCm8CORZqJKXnXCuvOZIMzeo
2023-09-21 21:32:52,068 INFO c.z.u.JwtTokenUtil [http-nio-8080-exec-7] 正在验证JWT令牌...
2023-09-21 21:32:52,069 INFO c.z.u.JwtTokenUtil [http-nio-8080-exec-7] JWT令牌验证成功。
