2023-09-21 17:36:39,041 INFO c.z.LoveLogApplication [main] Starting LoveLogApplication using Java 1.8.0_361 on DESKTOP-96QSMPD with PID 6936 (E:\14502\Documents\project\LoveLog\target\classes started by 14502 in E:\14502\Documents\project\LoveLog)
2023-09-21 17:36:39,046 DEBUG c.z.LoveLogApplication [main] Running with Spring Boot v2.7.12, Spring v5.3.27
2023-09-21 17:36:39,047 INFO c.z.LoveLogApplication [main] No active profile set, falling back to 1 default profile: "default"
2023-09-21 17:36:39,983 INFO o.s.d.r.c.RepositoryConfigurationDelegate [main] Multiple Spring Data modules found, entering strict repository configuration mode
2023-09-21 17:36:39,984 INFO o.s.d.r.c.RepositoryConfigurationDelegate [main] Bootstrapping Spring Data Redis repositories in DEFAULT mode.
2023-09-21 17:36:40,010 INFO o.s.d.r.c.RepositoryConfigurationDelegate [main] Finished Spring Data repository scanning in 11 ms. Found 0 Redis repository interfaces.
2023-09-21 17:36:40,731 INFO o.s.b.w.e.t.TomcatWebServer [main] Tomcat initialized with port(s): 8080 (http)
2023-09-21 17:36:40,740 INFO o.a.c.h.Http11NioProtocol [main] Initializing ProtocolHandler ["http-nio-8080"]
2023-09-21 17:36:40,740 INFO o.a.c.c.StandardService [main] Starting service [Tomcat]
2023-09-21 17:36:40,741 INFO o.a.c.c.StandardEngine [main] Starting Servlet engine: [Apache Tomcat/9.0.75]
2023-09-21 17:36:41,020 INFO o.a.c.c.C.[.[.[/] [main] Initializing Spring embedded WebApplicationContext
2023-09-21 17:36:41,020 INFO o.s.b.w.s.c.ServletWebServerApplicationContext [main] Root WebApplicationContext: initialization completed in 1941 ms
2023-09-21 17:36:42,253 INFO c.z.c.RedisConfig [main] 初始化 RedisCacheManager
2023-09-21 17:36:42,549 INFO o.a.c.h.Http11NioProtocol [main] Starting ProtocolHandler ["http-nio-8080"]
2023-09-21 17:36:42,562 INFO o.s.b.w.e.t.TomcatWebServer [main] Tomcat started on port(s): 8080 (http) with context path ''
2023-09-21 17:36:42,748 INFO c.z.LoveLogApplication [main] Started LoveLogApplication in 4.157 seconds (JVM running for 5.485)
2023-09-21 17:37:56,922 INFO o.a.c.c.C.[.[.[/] [http-nio-8080-exec-1] Initializing Spring DispatcherServlet 'dispatcherServlet'
2023-09-21 17:37:56,922 INFO o.s.w.s.DispatcherServlet [http-nio-8080-exec-1] Initializing Servlet 'dispatcherServlet'
2023-09-21 17:37:56,924 INFO o.s.w.s.DispatcherServlet [http-nio-8080-exec-1] Completed initialization in 2 ms
2023-09-21 17:37:56,987 INFO c.z.c.UserController [http-nio-8080-exec-1] 接收到用户啊啊啊啊登录信息
2023-09-21 17:37:56,992 INFO c.z.s.ImageService [http-nio-8080-exec-1] 开始验证用户名啊啊啊啊 的密码。
2023-09-21 17:37:57,007 INFO c.z.h.HikariDataSource [http-nio-8080-exec-1] HikariPool-1 - Starting...
2023-09-21 17:37:57,120 INFO c.z.h.HikariDataSource [http-nio-8080-exec-1] HikariPool-1 - Start completed.
2023-09-21 17:37:57,170 INFO c.z.s.ImageService [http-nio-8080-exec-1] 用户名啊啊啊啊 密码验证成功。
2023-09-21 17:37:57,172 INFO c.z.u.JwtTokenUtil [http-nio-8080-exec-1] 正在创建JWT令牌...
2023-09-21 17:37:57,628 INFO c.z.u.JwtTokenUtil [http-nio-8080-exec-1] JWT令牌已成功创建。
2023-09-21 17:37:57,628 INFO c.z.c.UserController [http-nio-8080-exec-1] 用户啊啊啊啊登录成功
2023-09-21 17:37:57,758 INFO c.z.c.JwtAuthenticationFilter [http-nio-8080-exec-3] 授权头部字段：Bearer eyJ0eXAiOiJKV1QiLCJhbGciOiJIUzI1NiJ9.eyJpc3MiOiJ6emwiLCJuYW1lIjoi5ZWK5ZWK5ZWK5ZWKIiwiZXhwIjoxNjk1Mzc1NDc3LCJpYXQiOjE2OTUyODkwNzd9.gv9ZpDTboAJXjnK0pZR4YskRKz69FmGGKRcEjirI_ww
2023-09-21 17:37:57,758 INFO c.z.c.JwtAuthenticationFilter [http-nio-8080-exec-3] 提取的令牌：eyJ0eXAiOiJKV1QiLCJhbGciOiJIUzI1NiJ9.eyJpc3MiOiJ6emwiLCJuYW1lIjoi5ZWK5ZWK5ZWK5ZWKIiwiZXhwIjoxNjk1Mzc1NDc3LCJpYXQiOjE2OTUyODkwNzd9.gv9ZpDTboAJXjnK0pZR4YskRKz69FmGGKRcEjirI_ww
2023-09-21 17:37:57,758 INFO c.z.u.JwtTokenUtil [http-nio-8080-exec-3] 正在验证JWT令牌...
2023-09-21 17:37:57,781 INFO c.z.u.JwtTokenUtil [http-nio-8080-exec-3] JWT令牌验证成功。
2023-09-21 17:38:48,368 INFO c.z.c.JwtAuthenticationFilter [http-nio-8080-exec-4] 授权头部字段：Bearer eyJ0eXAiOiJKV1QiLCJhbGciOiJIUzI1NiJ9.eyJpc3MiOiJ6emwiLCJuYW1lIjoi5ZWK5ZWK5ZWK5ZWKIiwiZXhwIjoxNjk1Mzc1NDc3LCJpYXQiOjE2OTUyODkwNzd9.gv9ZpDTboAJXjnK0pZR4YskRKz69FmGGKRcEjirI_ww
2023-09-21 17:38:48,368 INFO c.z.c.JwtAuthenticationFilter [http-nio-8080-exec-4] 提取的令牌：eyJ0eXAiOiJKV1QiLCJhbGciOiJIUzI1NiJ9.eyJpc3MiOiJ6emwiLCJuYW1lIjoi5ZWK5ZWK5ZWK5ZWKIiwiZXhwIjoxNjk1Mzc1NDc3LCJpYXQiOjE2OTUyODkwNzd9.gv9ZpDTboAJXjnK0pZR4YskRKz69FmGGKRcEjirI_ww
2023-09-21 17:38:48,368 INFO c.z.u.JwtTokenUtil [http-nio-8080-exec-4] 正在验证JWT令牌...
2023-09-21 17:38:48,368 INFO c.z.u.JwtTokenUtil [http-nio-8080-exec-4] JWT令牌验证成功。
2023-09-21 17:38:52,883 INFO c.z.c.JwtAuthenticationFilter [http-nio-8080-exec-5] 授权头部字段：Bearer eyJ0eXAiOiJKV1QiLCJhbGciOiJIUzI1NiJ9.eyJpc3MiOiJ6emwiLCJuYW1lIjoi5ZWK5ZWK5ZWK5ZWKIiwiZXhwIjoxNjk1Mzc1NDc3LCJpYXQiOjE2OTUyODkwNzd9.gv9ZpDTboAJXjnK0pZR4YskRKz69FmGGKRcEjirI_ww
2023-09-21 17:38:52,883 INFO c.z.c.JwtAuthenticationFilter [http-nio-8080-exec-5] 提取的令牌：eyJ0eXAiOiJKV1QiLCJhbGciOiJIUzI1NiJ9.eyJpc3MiOiJ6emwiLCJuYW1lIjoi5ZWK5ZWK5ZWK5ZWKIiwiZXhwIjoxNjk1Mzc1NDc3LCJpYXQiOjE2OTUyODkwNzd9.gv9ZpDTboAJXjnK0pZR4YskRKz69FmGGKRcEjirI_ww
2023-09-21 17:38:52,883 INFO c.z.u.JwtTokenUtil [http-nio-8080-exec-5] 正在验证JWT令牌...
2023-09-21 17:38:52,884 INFO c.z.u.JwtTokenUtil [http-nio-8080-exec-5] JWT令牌验证成功。
2023-09-21 17:39:24,197 INFO c.z.h.HikariDataSource [SpringApplicationShutdownHook] HikariPool-1 - Shutdown initiated...
2023-09-21 17:39:24,204 INFO c.z.h.HikariDataSource [SpringApplicationShutdownHook] HikariPool-1 - Shutdown completed.
