2023-10-01 22:20:51,437 INFO c.z.LoveLogApplication [main] Starting LoveLogApplication using Java 1.8.0_361 on DESKTOP-96QSMPD with PID 20180 (E:\14502\Documents\project\LoveLog\target\classes started by 14502 in E:\14502\Documents\project\LoveLog)
2023-10-01 22:20:51,444 DEBUG c.z.LoveLogApplication [main] Running with Spring Boot v2.7.12, Spring v5.3.27
2023-10-01 22:20:51,444 INFO c.z.LoveLogApplication [main] No active profile set, falling back to 1 default profile: "default"
2023-10-01 22:20:52,649 INFO o.s.d.r.c.RepositoryConfigurationDelegate [main] Multiple Spring Data modules found, entering strict repository configuration mode
2023-10-01 22:20:52,652 INFO o.s.d.r.c.RepositoryConfigurationDelegate [main] Bootstrapping Spring Data Redis repositories in DEFAULT mode.
2023-10-01 22:20:52,694 INFO o.s.d.r.c.RepositoryConfigurationDelegate [main] Finished Spring Data repository scanning in 13 ms. Found 0 Redis repository interfaces.
2023-10-01 22:20:53,784 INFO o.s.b.w.e.t.TomcatWebServer [main] Tomcat initialized with port(s): 8080 (http)
2023-10-01 22:20:53,795 INFO o.a.c.h.Http11NioProtocol [main] Initializing ProtocolHandler ["http-nio-8080"]
2023-10-01 22:20:53,795 INFO o.a.c.c.StandardService [main] Starting service [Tomcat]
2023-10-01 22:20:53,795 INFO o.a.c.c.StandardEngine [main] Starting Servlet engine: [Apache Tomcat/9.0.75]
2023-10-01 22:20:54,573 INFO o.a.c.c.C.[.[.[/] [main] Initializing Spring embedded WebApplicationContext
2023-10-01 22:20:54,573 INFO o.s.b.w.s.c.ServletWebServerApplicationContext [main] Root WebApplicationContext: initialization completed in 3081 ms
2023-10-01 22:20:55,863 INFO c.z.c.RedisConfig [main] 初始化 RedisCacheManager
2023-10-01 22:20:56,176 INFO o.a.c.h.Http11NioProtocol [main] Starting ProtocolHandler ["http-nio-8080"]
2023-10-01 22:20:56,198 INFO o.s.b.w.e.t.TomcatWebServer [main] Tomcat started on port(s): 8080 (http) with context path ''
2023-10-01 22:20:56,367 INFO c.z.LoveLogApplication [main] Started LoveLogApplication in 5.515 seconds (JVM running for 12.441)
2023-10-01 22:40:18,095 INFO o.a.c.c.C.[.[.[/] [http-nio-8080-exec-1] Initializing Spring DispatcherServlet 'dispatcherServlet'
2023-10-01 22:40:18,095 INFO o.s.w.s.DispatcherServlet [http-nio-8080-exec-1] Initializing Servlet 'dispatcherServlet'
2023-10-01 22:40:18,097 INFO o.s.w.s.DispatcherServlet [http-nio-8080-exec-1] Completed initialization in 2 ms
2023-10-01 22:40:18,137 INFO c.z.c.JwtAuthenticationFilter [http-nio-8080-exec-2] 授权头部字段：null
2023-10-01 22:40:18,137 INFO c.z.c.JwtAuthenticationFilter [http-nio-8080-exec-2] 提取的令牌：null
2023-10-01 22:40:18,137 INFO c.z.u.JwtTokenUtil [http-nio-8080-exec-2] 正在验证JWT令牌...
2023-10-01 22:40:18,148 ERROR c.z.u.JwtTokenUtil [http-nio-8080-exec-2] JWT令牌验证失败: The token is null.
2023-10-01 22:40:18,158 ERROR o.a.c.c.C.[.[.[.[dispatcherServlet] [http-nio-8080-exec-2] Servlet.service() for servlet [dispatcherServlet] in context with path [] threw exception [令牌无效或不存在] with root cause
javax.servlet.ServletException: 令牌无效或不存在
	at com.zzlcxt.config.JwtAuthenticationFilter.preHandle(JwtAuthenticationFilter.java:51) ~[classes/:?]
	at org.springframework.web.servlet.HandlerExecutionChain.applyPreHandle(HandlerExecutionChain.java:148) ~[spring-webmvc-5.3.27.jar:5.3.27]
	at org.springframework.web.servlet.DispatcherServlet.doDispatch(DispatcherServlet.java:1067) ~[spring-webmvc-5.3.27.jar:5.3.27]
	at org.springframework.web.servlet.DispatcherServlet.doService(DispatcherServlet.java:965) ~[spring-webmvc-5.3.27.jar:5.3.27]
	at org.springframework.web.servlet.FrameworkServlet.processRequest(FrameworkServlet.java:1006) ~[spring-webmvc-5.3.27.jar:5.3.27]
	at org.springframework.web.servlet.FrameworkServlet.doPost(FrameworkServlet.java:909) ~[spring-webmvc-5.3.27.jar:5.3.27]
	at javax.servlet.http.HttpServlet.service(HttpServlet.java:555) ~[tomcat-embed-core-9.0.75.jar:4.0.FR]
	at org.springframework.web.servlet.FrameworkServlet.service(FrameworkServlet.java:883) ~[spring-webmvc-5.3.27.jar:5.3.27]
	at javax.servlet.http.HttpServlet.service(HttpServlet.java:623) ~[tomcat-embed-core-9.0.75.jar:4.0.FR]
	at org.apache.catalina.core.ApplicationFilterChain.internalDoFilter(ApplicationFilterChain.java:209) ~[tomcat-embed-core-9.0.75.jar:9.0.75]
	at org.apache.catalina.core.ApplicationFilterChain.doFilter(ApplicationFilterChain.java:153) ~[tomcat-embed-core-9.0.75.jar:9.0.75]
	at org.apache.tomcat.websocket.server.WsFilter.doFilter(WsFilter.java:51) ~[tomcat-embed-websocket-9.0.75.jar:9.0.75]
	at org.apache.catalina.core.ApplicationFilterChain.internalDoFilter(ApplicationFilterChain.java:178) ~[tomcat-embed-core-9.0.75.jar:9.0.75]
	at org.apache.catalina.core.ApplicationFilterChain.doFilter(ApplicationFilterChain.java:153) ~[tomcat-embed-core-9.0.75.jar:9.0.75]
	at org.springframework.web.filter.RequestContextFilter.doFilterInternal(RequestContextFilter.java:100) ~[spring-web-5.3.27.jar:5.3.27]
	at org.springframework.web.filter.OncePerRequestFilter.doFilter(OncePerRequestFilter.java:117) ~[spring-web-5.3.27.jar:5.3.27]
	at org.apache.catalina.core.ApplicationFilterChain.internalDoFilter(ApplicationFilterChain.java:178) ~[tomcat-embed-core-9.0.75.jar:9.0.75]
	at org.apache.catalina.core.ApplicationFilterChain.doFilter(ApplicationFilterChain.java:153) ~[tomcat-embed-core-9.0.75.jar:9.0.75]
	at org.springframework.web.filter.FormContentFilter.doFilterInternal(FormContentFilter.java:93) ~[spring-web-5.3.27.jar:5.3.27]
	at org.springframework.web.filter.OncePerRequestFilter.doFilter(OncePerRequestFilter.java:117) ~[spring-web-5.3.27.jar:5.3.27]
	at org.apache.catalina.core.ApplicationFilterChain.internalDoFilter(ApplicationFilterChain.java:178) ~[tomcat-embed-core-9.0.75.jar:9.0.75]
	at org.apache.catalina.core.ApplicationFilterChain.doFilter(ApplicationFilterChain.java:153) ~[tomcat-embed-core-9.0.75.jar:9.0.75]
	at org.springframework.web.filter.CharacterEncodingFilter.doFilterInternal(CharacterEncodingFilter.java:201) ~[spring-web-5.3.27.jar:5.3.27]
	at org.springframework.web.filter.OncePerRequestFilter.doFilter(OncePerRequestFilter.java:117) ~[spring-web-5.3.27.jar:5.3.27]
	at org.apache.catalina.core.ApplicationFilterChain.internalDoFilter(ApplicationFilterChain.java:178) ~[tomcat-embed-core-9.0.75.jar:9.0.75]
	at org.apache.catalina.core.ApplicationFilterChain.doFilter(ApplicationFilterChain.java:153) ~[tomcat-embed-core-9.0.75.jar:9.0.75]
	at org.apache.catalina.core.StandardWrapperValve.invoke(StandardWrapperValve.java:167) ~[tomcat-embed-core-9.0.75.jar:9.0.75]
	at org.apache.catalina.core.StandardContextValve.invoke(StandardContextValve.java:90) ~[tomcat-embed-core-9.0.75.jar:9.0.75]
	at org.apache.catalina.authenticator.AuthenticatorBase.invoke(AuthenticatorBase.java:481) ~[tomcat-embed-core-9.0.75.jar:9.0.75]
	at org.apache.catalina.core.StandardHostValve.invoke(StandardHostValve.java:130) ~[tomcat-embed-core-9.0.75.jar:9.0.75]
	at org.apache.catalina.valves.ErrorReportValve.invoke(ErrorReportValve.java:93) ~[tomcat-embed-core-9.0.75.jar:9.0.75]
	at org.apache.catalina.core.StandardEngineValve.invoke(StandardEngineValve.java:74) ~[tomcat-embed-core-9.0.75.jar:9.0.75]
	at org.apache.catalina.connector.CoyoteAdapter.service(CoyoteAdapter.java:343) ~[tomcat-embed-core-9.0.75.jar:9.0.75]
	at org.apache.coyote.http11.Http11Processor.service(Http11Processor.java:390) ~[tomcat-embed-core-9.0.75.jar:9.0.75]
	at org.apache.coyote.AbstractProcessorLight.process(AbstractProcessorLight.java:63) ~[tomcat-embed-core-9.0.75.jar:9.0.75]
	at org.apache.coyote.AbstractProtocol$ConnectionHandler.process(AbstractProtocol.java:926) ~[tomcat-embed-core-9.0.75.jar:9.0.75]
	at org.apache.tomcat.util.net.NioEndpoint$SocketProcessor.doRun(NioEndpoint.java:1791) ~[tomcat-embed-core-9.0.75.jar:9.0.75]
	at org.apache.tomcat.util.net.SocketProcessorBase.run(SocketProcessorBase.java:52) ~[tomcat-embed-core-9.0.75.jar:9.0.75]
	at org.apache.tomcat.util.threads.ThreadPoolExecutor.runWorker(ThreadPoolExecutor.java:1191) ~[tomcat-embed-core-9.0.75.jar:9.0.75]
	at org.apache.tomcat.util.threads.ThreadPoolExecutor$Worker.run(ThreadPoolExecutor.java:659) ~[tomcat-embed-core-9.0.75.jar:9.0.75]
	at org.apache.tomcat.util.threads.TaskThread$WrappingRunnable.run(TaskThread.java:61) ~[tomcat-embed-core-9.0.75.jar:9.0.75]
	at java.lang.Thread.run(Thread.java:750) ~[?:1.8.0_361]
2023-10-01 22:40:18,165 INFO c.z.c.JwtAuthenticationFilter [http-nio-8080-exec-2] 授权头部字段：null
2023-10-01 22:40:18,165 INFO c.z.c.JwtAuthenticationFilter [http-nio-8080-exec-2] 提取的令牌：null
2023-10-01 22:40:18,165 INFO c.z.u.JwtTokenUtil [http-nio-8080-exec-2] 正在验证JWT令牌...
2023-10-01 22:40:18,165 ERROR c.z.u.JwtTokenUtil [http-nio-8080-exec-2] JWT令牌验证失败: The token is null.
2023-10-01 22:40:18,168 ERROR o.a.c.c.C.[.[.[.[dispatcherServlet] [http-nio-8080-exec-2] Servlet.service() for servlet [dispatcherServlet] threw exception
javax.servlet.ServletException: 令牌无效或不存在
	at com.zzlcxt.config.JwtAuthenticationFilter.preHandle(JwtAuthenticationFilter.java:51) ~[classes/:?]
	at org.springframework.web.servlet.HandlerExecutionChain.applyPreHandle(HandlerExecutionChain.java:148) ~[spring-webmvc-5.3.27.jar:5.3.27]
	at org.springframework.web.servlet.DispatcherServlet.doDispatch(DispatcherServlet.java:1067) ~[spring-webmvc-5.3.27.jar:5.3.27]
	at org.springframework.web.servlet.DispatcherServlet.doService(DispatcherServlet.java:965) ~[spring-webmvc-5.3.27.jar:5.3.27]
	at org.springframework.web.servlet.FrameworkServlet.processRequest(FrameworkServlet.java:1006) ~[spring-webmvc-5.3.27.jar:5.3.27]
	at org.springframework.web.servlet.FrameworkServlet.doPost(FrameworkServlet.java:909) ~[spring-webmvc-5.3.27.jar:5.3.27]
	at javax.servlet.http.HttpServlet.service(HttpServlet.java:555) ~[tomcat-embed-core-9.0.75.jar:4.0.FR]
	at org.springframework.web.servlet.FrameworkServlet.service(FrameworkServlet.java:883) ~[spring-webmvc-5.3.27.jar:5.3.27]
	at javax.servlet.http.HttpServlet.service(HttpServlet.java:623) ~[tomcat-embed-core-9.0.75.jar:4.0.FR]
	at org.apache.catalina.core.ApplicationFilterChain.internalDoFilter(ApplicationFilterChain.java:209) ~[tomcat-embed-core-9.0.75.jar:9.0.75]
	at org.apache.catalina.core.ApplicationFilterChain.doFilter(ApplicationFilterChain.java:153) ~[tomcat-embed-core-9.0.75.jar:9.0.75]
	at org.springframework.web.filter.RequestContextFilter.doFilterInternal(RequestContextFilter.java:100) ~[spring-web-5.3.27.jar:5.3.27]
	at org.springframework.web.filter.OncePerRequestFilter.doFilter(OncePerRequestFilter.java:117) ~[spring-web-5.3.27.jar:5.3.27]
	at org.apache.catalina.core.ApplicationFilterChain.internalDoFilter(ApplicationFilterChain.java:178) ~[tomcat-embed-core-9.0.75.jar:9.0.75]
	at org.apache.catalina.core.ApplicationFilterChain.doFilter(ApplicationFilterChain.java:153) ~[tomcat-embed-core-9.0.75.jar:9.0.75]
	at org.springframework.web.filter.OncePerRequestFilter.doFilter(OncePerRequestFilter.java:102) ~[spring-web-5.3.27.jar:5.3.27]
	at org.apache.catalina.core.ApplicationFilterChain.internalDoFilter(ApplicationFilterChain.java:178) ~[tomcat-embed-core-9.0.75.jar:9.0.75]
	at org.apache.catalina.core.ApplicationFilterChain.doFilter(ApplicationFilterChain.java:153) ~[tomcat-embed-core-9.0.75.jar:9.0.75]
	at org.springframework.web.filter.OncePerRequestFilter.doFilter(OncePerRequestFilter.java:102) ~[spring-web-5.3.27.jar:5.3.27]
	at org.apache.catalina.core.ApplicationFilterChain.internalDoFilter(ApplicationFilterChain.java:178) ~[tomcat-embed-core-9.0.75.jar:9.0.75]
	at org.apache.catalina.core.ApplicationFilterChain.doFilter(ApplicationFilterChain.java:153) ~[tomcat-embed-core-9.0.75.jar:9.0.75]
	at org.apache.catalina.core.ApplicationDispatcher.invoke(ApplicationDispatcher.java:661) ~[tomcat-embed-core-9.0.75.jar:9.0.75]
	at org.apache.catalina.core.ApplicationDispatcher.processRequest(ApplicationDispatcher.java:427) ~[tomcat-embed-core-9.0.75.jar:9.0.75]
	at org.apache.catalina.core.ApplicationDispatcher.doForward(ApplicationDispatcher.java:357) ~[tomcat-embed-core-9.0.75.jar:9.0.75]
	at org.apache.catalina.core.ApplicationDispatcher.forward(ApplicationDispatcher.java:294) ~[tomcat-embed-core-9.0.75.jar:9.0.75]
	at org.apache.catalina.core.StandardHostValve.custom(StandardHostValve.java:373) ~[tomcat-embed-core-9.0.75.jar:9.0.75]
	at org.apache.catalina.core.StandardHostValve.status(StandardHostValve.java:237) ~[tomcat-embed-core-9.0.75.jar:9.0.75]
	at org.apache.catalina.core.StandardHostValve.throwable(StandardHostValve.java:319) ~[tomcat-embed-core-9.0.75.jar:9.0.75]
	at org.apache.catalina.core.StandardHostValve.invoke(StandardHostValve.java:164) ~[tomcat-embed-core-9.0.75.jar:9.0.75]
	at org.apache.catalina.valves.ErrorReportValve.invoke(ErrorReportValve.java:93) ~[tomcat-embed-core-9.0.75.jar:9.0.75]
	at org.apache.catalina.core.StandardEngineValve.invoke(StandardEngineValve.java:74) ~[tomcat-embed-core-9.0.75.jar:9.0.75]
	at org.apache.catalina.connector.CoyoteAdapter.service(CoyoteAdapter.java:343) ~[tomcat-embed-core-9.0.75.jar:9.0.75]
	at org.apache.coyote.http11.Http11Processor.service(Http11Processor.java:390) ~[tomcat-embed-core-9.0.75.jar:9.0.75]
	at org.apache.coyote.AbstractProcessorLight.process(AbstractProcessorLight.java:63) ~[tomcat-embed-core-9.0.75.jar:9.0.75]
	at org.apache.coyote.AbstractProtocol$ConnectionHandler.process(AbstractProtocol.java:926) ~[tomcat-embed-core-9.0.75.jar:9.0.75]
	at org.apache.tomcat.util.net.NioEndpoint$SocketProcessor.doRun(NioEndpoint.java:1791) ~[tomcat-embed-core-9.0.75.jar:9.0.75]
	at org.apache.tomcat.util.net.SocketProcessorBase.run(SocketProcessorBase.java:52) ~[tomcat-embed-core-9.0.75.jar:9.0.75]
	at org.apache.tomcat.util.threads.ThreadPoolExecutor.runWorker(ThreadPoolExecutor.java:1191) ~[tomcat-embed-core-9.0.75.jar:9.0.75]
	at org.apache.tomcat.util.threads.ThreadPoolExecutor$Worker.run(ThreadPoolExecutor.java:659) ~[tomcat-embed-core-9.0.75.jar:9.0.75]
	at org.apache.tomcat.util.threads.TaskThread$WrappingRunnable.run(TaskThread.java:61) ~[tomcat-embed-core-9.0.75.jar:9.0.75]
	at java.lang.Thread.run(Thread.java:750) ~[?:1.8.0_361]
2023-10-01 22:40:18,168 ERROR o.a.c.c.C.[.[localhost] [http-nio-8080-exec-2] Exception Processing ErrorPage[errorCode=0, location=/error]
javax.servlet.ServletException: 令牌无效或不存在
	at com.zzlcxt.config.JwtAuthenticationFilter.preHandle(JwtAuthenticationFilter.java:51) ~[classes/:?]
	at org.springframework.web.servlet.HandlerExecutionChain.applyPreHandle(HandlerExecutionChain.java:148) ~[spring-webmvc-5.3.27.jar:5.3.27]
	at org.springframework.web.servlet.DispatcherServlet.doDispatch(DispatcherServlet.java:1067) ~[spring-webmvc-5.3.27.jar:5.3.27]
	at org.springframework.web.servlet.DispatcherServlet.doService(DispatcherServlet.java:965) ~[spring-webmvc-5.3.27.jar:5.3.27]
	at org.springframework.web.servlet.FrameworkServlet.processRequest(FrameworkServlet.java:1006) ~[spring-webmvc-5.3.27.jar:5.3.27]
	at org.springframework.web.servlet.FrameworkServlet.doPost(FrameworkServlet.java:909) ~[spring-webmvc-5.3.27.jar:5.3.27]
	at javax.servlet.http.HttpServlet.service(HttpServlet.java:555) ~[tomcat-embed-core-9.0.75.jar:4.0.FR]
	at org.springframework.web.servlet.FrameworkServlet.service(FrameworkServlet.java:883) ~[spring-webmvc-5.3.27.jar:5.3.27]
	at javax.servlet.http.HttpServlet.service(HttpServlet.java:623) ~[tomcat-embed-core-9.0.75.jar:4.0.FR]
	at org.apache.catalina.core.ApplicationFilterChain.internalDoFilter(ApplicationFilterChain.java:209) ~[tomcat-embed-core-9.0.75.jar:9.0.75]
	at org.apache.catalina.core.ApplicationFilterChain.doFilter(ApplicationFilterChain.java:153) ~[tomcat-embed-core-9.0.75.jar:9.0.75]
	at org.springframework.web.filter.RequestContextFilter.doFilterInternal(RequestContextFilter.java:100) ~[spring-web-5.3.27.jar:5.3.27]
	at org.springframework.web.filter.OncePerRequestFilter.doFilter(OncePerRequestFilter.java:117) ~[spring-web-5.3.27.jar:5.3.27]
	at org.apache.catalina.core.ApplicationFilterChain.internalDoFilter(ApplicationFilterChain.java:178) ~[tomcat-embed-core-9.0.75.jar:9.0.75]
	at org.apache.catalina.core.ApplicationFilterChain.doFilter(ApplicationFilterChain.java:153) ~[tomcat-embed-core-9.0.75.jar:9.0.75]
	at org.springframework.web.filter.OncePerRequestFilter.doFilter(OncePerRequestFilter.java:102) ~[spring-web-5.3.27.jar:5.3.27]
	at org.apache.catalina.core.ApplicationFilterChain.internalDoFilter(ApplicationFilterChain.java:178) ~[tomcat-embed-core-9.0.75.jar:9.0.75]
	at org.apache.catalina.core.ApplicationFilterChain.doFilter(ApplicationFilterChain.java:153) ~[tomcat-embed-core-9.0.75.jar:9.0.75]
	at org.springframework.web.filter.OncePerRequestFilter.doFilter(OncePerRequestFilter.java:102) ~[spring-web-5.3.27.jar:5.3.27]
	at org.apache.catalina.core.ApplicationFilterChain.internalDoFilter(ApplicationFilterChain.java:178) ~[tomcat-embed-core-9.0.75.jar:9.0.75]
	at org.apache.catalina.core.ApplicationFilterChain.doFilter(ApplicationFilterChain.java:153) ~[tomcat-embed-core-9.0.75.jar:9.0.75]
	at org.apache.catalina.core.ApplicationDispatcher.invoke(ApplicationDispatcher.java:661) ~[tomcat-embed-core-9.0.75.jar:9.0.75]
	at org.apache.catalina.core.ApplicationDispatcher.processRequest(ApplicationDispatcher.java:427) ~[tomcat-embed-core-9.0.75.jar:9.0.75]
	at org.apache.catalina.core.ApplicationDispatcher.doForward(ApplicationDispatcher.java:357) ~[tomcat-embed-core-9.0.75.jar:9.0.75]
	at org.apache.catalina.core.ApplicationDispatcher.forward(ApplicationDispatcher.java:294) ~[tomcat-embed-core-9.0.75.jar:9.0.75]
	at org.apache.catalina.core.StandardHostValve.custom(StandardHostValve.java:373) ~[tomcat-embed-core-9.0.75.jar:9.0.75]
	at org.apache.catalina.core.StandardHostValve.status(StandardHostValve.java:237) ~[tomcat-embed-core-9.0.75.jar:9.0.75]
	at org.apache.catalina.core.StandardHostValve.throwable(StandardHostValve.java:319) ~[tomcat-embed-core-9.0.75.jar:9.0.75]
	at org.apache.catalina.core.StandardHostValve.invoke(StandardHostValve.java:164) ~[tomcat-embed-core-9.0.75.jar:9.0.75]
	at org.apache.catalina.valves.ErrorReportValve.invoke(ErrorReportValve.java:93) ~[tomcat-embed-core-9.0.75.jar:9.0.75]
	at org.apache.catalina.core.StandardEngineValve.invoke(StandardEngineValve.java:74) ~[tomcat-embed-core-9.0.75.jar:9.0.75]
	at org.apache.catalina.connector.CoyoteAdapter.service(CoyoteAdapter.java:343) ~[tomcat-embed-core-9.0.75.jar:9.0.75]
	at org.apache.coyote.http11.Http11Processor.service(Http11Processor.java:390) ~[tomcat-embed-core-9.0.75.jar:9.0.75]
	at org.apache.coyote.AbstractProcessorLight.process(AbstractProcessorLight.java:63) ~[tomcat-embed-core-9.0.75.jar:9.0.75]
	at org.apache.coyote.AbstractProtocol$ConnectionHandler.process(AbstractProtocol.java:926) ~[tomcat-embed-core-9.0.75.jar:9.0.75]
	at org.apache.tomcat.util.net.NioEndpoint$SocketProcessor.doRun(NioEndpoint.java:1791) ~[tomcat-embed-core-9.0.75.jar:9.0.75]
	at org.apache.tomcat.util.net.SocketProcessorBase.run(SocketProcessorBase.java:52) ~[tomcat-embed-core-9.0.75.jar:9.0.75]
	at org.apache.tomcat.util.threads.ThreadPoolExecutor.runWorker(ThreadPoolExecutor.java:1191) ~[tomcat-embed-core-9.0.75.jar:9.0.75]
	at org.apache.tomcat.util.threads.ThreadPoolExecutor$Worker.run(ThreadPoolExecutor.java:659) ~[tomcat-embed-core-9.0.75.jar:9.0.75]
	at org.apache.tomcat.util.threads.TaskThread$WrappingRunnable.run(TaskThread.java:61) ~[tomcat-embed-core-9.0.75.jar:9.0.75]
	at java.lang.Thread.run(Thread.java:750) ~[?:1.8.0_361]
2023-10-01 23:00:24,465 INFO c.z.c.UserController [http-nio-8080-exec-8] 接收到注册用户aicao
2023-10-01 23:00:24,479 INFO c.z.s.ImageService [http-nio-8080-exec-8] 开始查找是否有同名用户aicao
2023-10-01 23:00:24,554 INFO c.z.h.HikariDataSource [http-nio-8080-exec-8] HikariPool-1 - Starting...
2023-10-01 23:00:24,810 INFO c.z.h.HikariDataSource [http-nio-8080-exec-8] HikariPool-1 - Start completed.
2023-10-01 23:00:25,083 INFO c.z.s.ImageService [http-nio-8080-exec-8] 未查询到同名用户
2023-10-01 23:00:25,083 INFO c.z.s.ImageService [http-nio-8080-exec-8] 开始注册用户: aicao
2023-10-01 23:00:25,099 INFO c.z.s.ImageService [http-nio-8080-exec-8] 用户 aicao 已成功注册
2023-10-01 23:00:25,099 INFO c.z.c.UserController [http-nio-8080-exec-8] 用户 aicao 注册成功
2023-10-01 23:00:32,604 INFO c.z.c.UserController [http-nio-8080-exec-4] 接收到用户aicao登录信息
2023-10-01 23:00:32,604 INFO c.z.s.ImageService [http-nio-8080-exec-4] 开始验证用户名aicao 的密码。
2023-10-01 23:00:32,608 INFO c.z.s.ImageService [http-nio-8080-exec-4] 用户名aicao 密码验证成功。
2023-10-01 23:00:32,608 INFO c.z.u.JwtTokenUtil [http-nio-8080-exec-4] 正在创建JWT令牌...
2023-10-01 23:00:32,907 INFO c.z.u.JwtTokenUtil [http-nio-8080-exec-4] JWT令牌已成功创建。
2023-10-01 23:00:32,907 INFO c.z.c.UserController [http-nio-8080-exec-4] 用户aicao登录成功
2023-10-01 23:00:32,980 INFO c.z.c.JwtAuthenticationFilter [http-nio-8080-exec-6] 授权头部字段：Bearer eyJ0eXAiOiJKV1QiLCJhbGciOiJIUzI1NiJ9.eyJpc3MiOiJ6emwiLCJuYW1lIjoiYWljYW8iLCJleHAiOjE2OTYyNTg4MzIsImlhdCI6MTY5NjE3MjQzMn0.cr-QninyIV62NqSMVBhYd4gjcfqkuXhwRxbmQbvNUVo
2023-10-01 23:00:32,980 INFO c.z.c.JwtAuthenticationFilter [http-nio-8080-exec-6] 提取的令牌：eyJ0eXAiOiJKV1QiLCJhbGciOiJIUzI1NiJ9.eyJpc3MiOiJ6emwiLCJuYW1lIjoiYWljYW8iLCJleHAiOjE2OTYyNTg4MzIsImlhdCI6MTY5NjE3MjQzMn0.cr-QninyIV62NqSMVBhYd4gjcfqkuXhwRxbmQbvNUVo
2023-10-01 23:00:32,980 INFO c.z.u.JwtTokenUtil [http-nio-8080-exec-6] 正在验证JWT令牌...
2023-10-01 23:00:33,003 INFO c.z.u.JwtTokenUtil [http-nio-8080-exec-6] JWT令牌验证成功。
2023-10-01 23:00:39,687 INFO c.z.c.JwtAuthenticationFilter [http-nio-8080-exec-3] 授权头部字段：Bearer eyJ0eXAiOiJKV1QiLCJhbGciOiJIUzI1NiJ9.eyJpc3MiOiJ6emwiLCJuYW1lIjoiYWljYW8iLCJleHAiOjE2OTYyNTg4MzIsImlhdCI6MTY5NjE3MjQzMn0.cr-QninyIV62NqSMVBhYd4gjcfqkuXhwRxbmQbvNUVo
2023-10-01 23:00:39,687 INFO c.z.c.JwtAuthenticationFilter [http-nio-8080-exec-3] 提取的令牌：eyJ0eXAiOiJKV1QiLCJhbGciOiJIUzI1NiJ9.eyJpc3MiOiJ6emwiLCJuYW1lIjoiYWljYW8iLCJleHAiOjE2OTYyNTg4MzIsImlhdCI6MTY5NjE3MjQzMn0.cr-QninyIV62NqSMVBhYd4gjcfqkuXhwRxbmQbvNUVo
2023-10-01 23:00:39,687 INFO c.z.u.JwtTokenUtil [http-nio-8080-exec-3] 正在验证JWT令牌...
2023-10-01 23:00:39,687 INFO c.z.u.JwtTokenUtil [http-nio-8080-exec-3] JWT令牌验证成功。
2023-10-01 23:00:39,688 INFO c.z.c.ImageController [http-nio-8080-exec-3] 接收到图片IMG_20230707_151608.jpg
2023-10-01 23:00:39,688 INFO c.z.s.ImageService [http-nio-8080-exec-3] 开始保存图像: IMG_20230707_151608.jpg
2023-10-01 23:00:39,706 INFO c.z.s.ImageService [http-nio-8080-exec-3] 已成功保存图像: IMG_20230707_151608.jpg, 新文件名: 20231001230039689.jpg, 文件路径: E:\14502\Desktop\lovelogvue\lovelog\public\Image\20231001230039689.jpg
2023-10-01 23:00:39,706 INFO c.z.c.ImageController [http-nio-8080-exec-3] 保存图片IMG_20230707_151608.jpg成功
2023-10-01 23:00:47,003 INFO c.z.c.JwtAuthenticationFilter [http-nio-8080-exec-9] 授权头部字段：Bearer eyJ0eXAiOiJKV1QiLCJhbGciOiJIUzI1NiJ9.eyJpc3MiOiJ6emwiLCJuYW1lIjoiYWljYW8iLCJleHAiOjE2OTYyNTg4MzIsImlhdCI6MTY5NjE3MjQzMn0.cr-QninyIV62NqSMVBhYd4gjcfqkuXhwRxbmQbvNUVo
2023-10-01 23:00:47,003 INFO c.z.c.JwtAuthenticationFilter [http-nio-8080-exec-9] 提取的令牌：eyJ0eXAiOiJKV1QiLCJhbGciOiJIUzI1NiJ9.eyJpc3MiOiJ6emwiLCJuYW1lIjoiYWljYW8iLCJleHAiOjE2OTYyNTg4MzIsImlhdCI6MTY5NjE3MjQzMn0.cr-QninyIV62NqSMVBhYd4gjcfqkuXhwRxbmQbvNUVo
2023-10-01 23:00:47,003 INFO c.z.u.JwtTokenUtil [http-nio-8080-exec-9] 正在验证JWT令牌...
2023-10-01 23:00:47,003 INFO c.z.u.JwtTokenUtil [http-nio-8080-exec-9] JWT令牌验证成功。
2023-10-01 23:00:47,004 INFO c.z.c.ImageController [http-nio-8080-exec-9] 接收到图片IMG_20230707_151857.jpg
2023-10-01 23:00:47,004 INFO c.z.s.ImageService [http-nio-8080-exec-9] 开始保存图像: IMG_20230707_151857.jpg
2023-10-01 23:00:47,013 INFO c.z.s.ImageService [http-nio-8080-exec-9] 已成功保存图像: IMG_20230707_151857.jpg, 新文件名: 20231001230047004.jpg, 文件路径: E:\14502\Desktop\lovelogvue\lovelog\public\Image\20231001230047004.jpg
2023-10-01 23:00:47,013 INFO c.z.c.ImageController [http-nio-8080-exec-9] 保存图片IMG_20230707_151857.jpg成功
2023-10-01 23:00:50,238 INFO c.z.c.JwtAuthenticationFilter [http-nio-8080-exec-10] 授权头部字段：Bearer eyJ0eXAiOiJKV1QiLCJhbGciOiJIUzI1NiJ9.eyJpc3MiOiJ6emwiLCJuYW1lIjoiYWljYW8iLCJleHAiOjE2OTYyNTg4MzIsImlhdCI6MTY5NjE3MjQzMn0.cr-QninyIV62NqSMVBhYd4gjcfqkuXhwRxbmQbvNUVo
2023-10-01 23:00:50,238 INFO c.z.c.JwtAuthenticationFilter [http-nio-8080-exec-10] 提取的令牌：eyJ0eXAiOiJKV1QiLCJhbGciOiJIUzI1NiJ9.eyJpc3MiOiJ6emwiLCJuYW1lIjoiYWljYW8iLCJleHAiOjE2OTYyNTg4MzIsImlhdCI6MTY5NjE3MjQzMn0.cr-QninyIV62NqSMVBhYd4gjcfqkuXhwRxbmQbvNUVo
2023-10-01 23:00:50,238 INFO c.z.u.JwtTokenUtil [http-nio-8080-exec-10] 正在验证JWT令牌...
2023-10-01 23:00:50,238 INFO c.z.u.JwtTokenUtil [http-nio-8080-exec-10] JWT令牌验证成功。
2023-10-01 23:01:31,674 INFO c.z.c.JwtAuthenticationFilter [http-nio-8080-exec-1] 授权头部字段：Bearer eyJ0eXAiOiJKV1QiLCJhbGciOiJIUzI1NiJ9.eyJpc3MiOiJ6emwiLCJuYW1lIjoiYWljYW8iLCJleHAiOjE2OTYyNTg4MzIsImlhdCI6MTY5NjE3MjQzMn0.cr-QninyIV62NqSMVBhYd4gjcfqkuXhwRxbmQbvNUVo
2023-10-01 23:01:31,674 INFO c.z.c.JwtAuthenticationFilter [http-nio-8080-exec-1] 提取的令牌：eyJ0eXAiOiJKV1QiLCJhbGciOiJIUzI1NiJ9.eyJpc3MiOiJ6emwiLCJuYW1lIjoiYWljYW8iLCJleHAiOjE2OTYyNTg4MzIsImlhdCI6MTY5NjE3MjQzMn0.cr-QninyIV62NqSMVBhYd4gjcfqkuXhwRxbmQbvNUVo
2023-10-01 23:01:31,674 INFO c.z.u.JwtTokenUtil [http-nio-8080-exec-1] 正在验证JWT令牌...
2023-10-01 23:01:31,674 INFO c.z.u.JwtTokenUtil [http-nio-8080-exec-1] JWT令牌验证成功。
2023-10-01 23:02:22,535 INFO c.z.c.UserController [http-nio-8080-exec-2] 接收到用户啊啊啊啊登录信息
2023-10-01 23:02:22,535 INFO c.z.s.ImageService [http-nio-8080-exec-2] 开始验证用户名啊啊啊啊 的密码。
2023-10-01 23:02:22,537 INFO c.z.s.ImageService [http-nio-8080-exec-2] 用户名啊啊啊啊 密码验证成功。
2023-10-01 23:02:22,537 INFO c.z.u.JwtTokenUtil [http-nio-8080-exec-2] 正在创建JWT令牌...
2023-10-01 23:02:22,537 INFO c.z.u.JwtTokenUtil [http-nio-8080-exec-2] JWT令牌已成功创建。
2023-10-01 23:02:22,537 INFO c.z.c.UserController [http-nio-8080-exec-2] 用户啊啊啊啊登录成功
2023-10-01 23:02:22,604 INFO c.z.c.JwtAuthenticationFilter [http-nio-8080-exec-8] 授权头部字段：Bearer eyJ0eXAiOiJKV1QiLCJhbGciOiJIUzI1NiJ9.eyJpc3MiOiJ6emwiLCJuYW1lIjoi5ZWK5ZWK5ZWK5ZWKIiwiZXhwIjoxNjk2MjU4OTQyLCJpYXQiOjE2OTYxNzI1NDJ9.TI-1s3lVPkYoiN-nX1dHBBDoLjDg9ljl7wR8oHTc1RM
2023-10-01 23:02:22,604 INFO c.z.c.JwtAuthenticationFilter [http-nio-8080-exec-8] 提取的令牌：eyJ0eXAiOiJKV1QiLCJhbGciOiJIUzI1NiJ9.eyJpc3MiOiJ6emwiLCJuYW1lIjoi5ZWK5ZWK5ZWK5ZWKIiwiZXhwIjoxNjk2MjU4OTQyLCJpYXQiOjE2OTYxNzI1NDJ9.TI-1s3lVPkYoiN-nX1dHBBDoLjDg9ljl7wR8oHTc1RM
2023-10-01 23:02:22,604 INFO c.z.u.JwtTokenUtil [http-nio-8080-exec-8] 正在验证JWT令牌...
2023-10-01 23:02:22,604 INFO c.z.u.JwtTokenUtil [http-nio-8080-exec-8] JWT令牌验证成功。
2023-10-01 23:03:56,391 INFO c.z.c.JwtAuthenticationFilter [http-nio-8080-exec-5] 授权头部字段：Bearer eyJ0eXAiOiJKV1QiLCJhbGciOiJIUzI1NiJ9.eyJpc3MiOiJ6emwiLCJuYW1lIjoi5ZWK5ZWK5ZWK5ZWKIiwiZXhwIjoxNjk2MjU4OTQyLCJpYXQiOjE2OTYxNzI1NDJ9.TI-1s3lVPkYoiN-nX1dHBBDoLjDg9ljl7wR8oHTc1RM
2023-10-01 23:03:56,391 INFO c.z.c.JwtAuthenticationFilter [http-nio-8080-exec-5] 提取的令牌：eyJ0eXAiOiJKV1QiLCJhbGciOiJIUzI1NiJ9.eyJpc3MiOiJ6emwiLCJuYW1lIjoi5ZWK5ZWK5ZWK5ZWKIiwiZXhwIjoxNjk2MjU4OTQyLCJpYXQiOjE2OTYxNzI1NDJ9.TI-1s3lVPkYoiN-nX1dHBBDoLjDg9ljl7wR8oHTc1RM
2023-10-01 23:03:56,391 INFO c.z.u.JwtTokenUtil [http-nio-8080-exec-5] 正在验证JWT令牌...
2023-10-01 23:03:56,391 INFO c.z.u.JwtTokenUtil [http-nio-8080-exec-5] JWT令牌验证成功。
2023-10-01 23:25:53,131 INFO c.z.c.JwtAuthenticationFilter [http-nio-8080-exec-7] 授权头部字段：Bearer eyJ0eXAiOiJKV1QiLCJhbGciOiJIUzI1NiJ9.eyJpc3MiOiJ6emwiLCJuYW1lIjoi5ZWK5ZWK5ZWK5ZWKIiwiZXhwIjoxNjk2MjU4OTQyLCJpYXQiOjE2OTYxNzI1NDJ9.TI-1s3lVPkYoiN-nX1dHBBDoLjDg9ljl7wR8oHTc1RM
2023-10-01 23:25:53,131 INFO c.z.c.JwtAuthenticationFilter [http-nio-8080-exec-7] 提取的令牌：eyJ0eXAiOiJKV1QiLCJhbGciOiJIUzI1NiJ9.eyJpc3MiOiJ6emwiLCJuYW1lIjoi5ZWK5ZWK5ZWK5ZWKIiwiZXhwIjoxNjk2MjU4OTQyLCJpYXQiOjE2OTYxNzI1NDJ9.TI-1s3lVPkYoiN-nX1dHBBDoLjDg9ljl7wR8oHTc1RM
2023-10-01 23:25:53,131 INFO c.z.u.JwtTokenUtil [http-nio-8080-exec-7] 正在验证JWT令牌...
2023-10-01 23:25:53,132 INFO c.z.u.JwtTokenUtil [http-nio-8080-exec-7] JWT令牌验证成功。
