2023-10-07 20:07:41,378 INFO c.z.LoveLogApplication [main] Starting LoveLogApplication using Java 1.8.0_361 on DESKTOP-96QSMPD with PID 3524 (E:\14502\Documents\project\LoveLog\target\classes started by 14502 in E:\14502\Documents\project\LoveLog)
2023-10-07 20:07:41,385 DEBUG c.z.LoveLogApplication [main] Running with Spring Boot v2.7.12, Spring v5.3.27
2023-10-07 20:07:41,385 INFO c.z.LoveLogApplication [main] No active profile set, falling back to 1 default profile: "default"
2023-10-07 20:07:42,120 INFO o.s.d.r.c.RepositoryConfigurationDelegate [main] Multiple Spring Data modules found, entering strict repository configuration mode
2023-10-07 20:07:42,121 INFO o.s.d.r.c.RepositoryConfigurationDelegate [main] Bootstrapping Spring Data Redis repositories in DEFAULT mode.
2023-10-07 20:07:42,144 INFO o.s.d.r.c.RepositoryConfigurationDelegate [main] Finished Spring Data repository scanning in 11 ms. Found 0 Redis repository interfaces.
2023-10-07 20:07:42,705 INFO o.s.b.w.e.t.TomcatWebServer [main] Tomcat initialized with port(s): 8080 (http)
2023-10-07 20:07:42,711 INFO o.a.c.h.Http11NioProtocol [main] Initializing ProtocolHandler ["http-nio-8080"]
2023-10-07 20:07:42,712 INFO o.a.c.c.StandardService [main] Starting service [Tomcat]
2023-10-07 20:07:42,712 INFO o.a.c.c.StandardEngine [main] Starting Servlet engine: [Apache Tomcat/9.0.75]
2023-10-07 20:07:42,872 INFO o.a.c.c.C.[.[.[/] [main] Initializing Spring embedded WebApplicationContext
2023-10-07 20:07:42,872 INFO o.s.b.w.s.c.ServletWebServerApplicationContext [main] Root WebApplicationContext: initialization completed in 1444 ms
2023-10-07 20:07:43,987 INFO c.z.c.RedisConfig [main] 初始化 RedisCacheManager
2023-10-07 20:07:44,267 INFO o.a.c.h.Http11NioProtocol [main] Starting ProtocolHandler ["http-nio-8080"]
2023-10-07 20:07:44,290 INFO o.s.b.w.e.t.TomcatWebServer [main] Tomcat started on port(s): 8080 (http) with context path ''
2023-10-07 20:07:44,465 INFO c.z.LoveLogApplication [main] Started LoveLogApplication in 3.515 seconds (JVM running for 4.667)
2023-10-07 20:07:57,965 INFO o.a.c.c.C.[.[.[/] [http-nio-8080-exec-1] Initializing Spring DispatcherServlet 'dispatcherServlet'
2023-10-07 20:07:57,965 INFO o.s.w.s.DispatcherServlet [http-nio-8080-exec-1] Initializing Servlet 'dispatcherServlet'
2023-10-07 20:07:57,966 INFO o.s.w.s.DispatcherServlet [http-nio-8080-exec-1] Completed initialization in 1 ms
2023-10-07 20:07:57,996 INFO c.z.c.JwtAuthenticationFilter [http-nio-8080-exec-5] 授权头部字段：Bearer eyJ0eXAiOiJKV1QiLCJhbGciOiJIUzI1NiJ9.eyJpc3MiOiJ6emwiLCJuYW1lIjoi5ZWK5ZWK5ZWK5ZWKIiwiZXhwIjoxNjk2NzUxNTU2LCJpYXQiOjE2OTY2NjUxNTZ9.8O-WmiNJumOtZRGUsYlsbs8dfVmgCJ9dSFsTyJNrnJA
2023-10-07 20:07:57,996 INFO c.z.c.JwtAuthenticationFilter [http-nio-8080-exec-5] 提取的令牌：eyJ0eXAiOiJKV1QiLCJhbGciOiJIUzI1NiJ9.eyJpc3MiOiJ6emwiLCJuYW1lIjoi5ZWK5ZWK5ZWK5ZWKIiwiZXhwIjoxNjk2NzUxNTU2LCJpYXQiOjE2OTY2NjUxNTZ9.8O-WmiNJumOtZRGUsYlsbs8dfVmgCJ9dSFsTyJNrnJA
2023-10-07 20:07:57,996 INFO c.z.u.JwtTokenUtil [http-nio-8080-exec-5] 正在验证JWT令牌...
2023-10-07 20:07:58,244 INFO c.z.u.JwtTokenUtil [http-nio-8080-exec-5] JWT令牌验证成功。
2023-10-07 20:07:58,261 INFO c.z.c.ImageController [http-nio-8080-exec-5] 开始删除指定文件名{"filenewname":"20230920200528916.jpg"}的图片
2023-10-07 20:07:58,266 INFO c.z.s.ImageService [http-nio-8080-exec-5] 开始删除指定文件名{"filenewname":"20230920200528916.jpg"}对应的图片
2023-10-07 20:07:58,298 INFO c.z.h.HikariDataSource [http-nio-8080-exec-5] HikariPool-1 - Starting...
2023-10-07 20:07:58,417 INFO c.z.h.HikariDataSource [http-nio-8080-exec-5] HikariPool-1 - Start completed.
2023-10-07 20:07:58,444 WARN c.z.s.ImageService [http-nio-8080-exec-5] 未找到指定文件名{"filenewname":"20230920200528916.jpg"}的图片，无法执行删除操作
2023-10-07 20:07:58,444 WARN c.z.c.ImageController [http-nio-8080-exec-5] 没有找到对应文件: {"filenewname":"20230920200528916.jpg"}
2023-10-07 20:08:28,038 INFO c.z.h.HikariDataSource [SpringApplicationShutdownHook] HikariPool-1 - Shutdown initiated...
2023-10-07 20:08:28,046 INFO c.z.h.HikariDataSource [SpringApplicationShutdownHook] HikariPool-1 - Shutdown completed.
