2023-09-20 19:43:05,180 INFO c.z.LoveLogApplication [main] Starting LoveLogApplication using Java 1.8.0_361 on DESKTOP-96QSMPD with PID 21712 (E:\14502\Documents\project\LoveLog\target\classes started by 14502 in E:\14502\Documents\project\LoveLog)
2023-09-20 19:43:05,186 DEBUG c.z.LoveLogApplication [main] Running with Spring Boot v2.7.12, Spring v5.3.27
2023-09-20 19:43:05,186 INFO c.z.LoveLogApplication [main] No active profile set, falling back to 1 default profile: "default"
2023-09-20 19:43:05,995 INFO o.s.d.r.c.RepositoryConfigurationDelegate [main] Multiple Spring Data modules found, entering strict repository configuration mode
2023-09-20 19:43:06,005 INFO o.s.d.r.c.RepositoryConfigurationDelegate [main] Bootstrapping Spring Data Redis repositories in DEFAULT mode.
2023-09-20 19:43:06,027 INFO o.s.d.r.c.RepositoryConfigurationDelegate [main] Finished Spring Data repository scanning in 11 ms. Found 0 Redis repository interfaces.
2023-09-20 19:43:06,567 INFO o.s.b.w.e.t.TomcatWebServer [main] Tomcat initialized with port(s): 8080 (http)
2023-09-20 19:43:06,574 INFO o.a.c.h.Http11NioProtocol [main] Initializing ProtocolHandler ["http-nio-8080"]
2023-09-20 19:43:06,574 INFO o.a.c.c.StandardService [main] Starting service [Tomcat]
2023-09-20 19:43:06,575 INFO o.a.c.c.StandardEngine [main] Starting Servlet engine: [Apache Tomcat/9.0.75]
2023-09-20 19:43:07,181 INFO o.a.c.c.C.[.[.[/] [main] Initializing Spring embedded WebApplicationContext
2023-09-20 19:43:07,181 INFO o.s.b.w.s.c.ServletWebServerApplicationContext [main] Root WebApplicationContext: initialization completed in 1964 ms
2023-09-20 19:43:08,248 INFO c.z.c.RedisConfig [main] 初始化 RedisCacheManager
2023-09-20 19:43:08,526 INFO o.a.c.h.Http11NioProtocol [main] Starting ProtocolHandler ["http-nio-8080"]
2023-09-20 19:43:08,539 INFO o.s.b.w.e.t.TomcatWebServer [main] Tomcat started on port(s): 8080 (http) with context path ''
2023-09-20 19:43:08,704 INFO c.z.LoveLogApplication [main] Started LoveLogApplication in 3.935 seconds (JVM running for 8.285)
2023-09-20 19:43:21,528 INFO o.a.c.c.C.[.[.[/] [http-nio-8080-exec-1] Initializing Spring DispatcherServlet 'dispatcherServlet'
2023-09-20 19:43:21,528 INFO o.s.w.s.DispatcherServlet [http-nio-8080-exec-1] Initializing Servlet 'dispatcherServlet'
2023-09-20 19:43:21,530 INFO o.s.w.s.DispatcherServlet [http-nio-8080-exec-1] Completed initialization in 2 ms
2023-09-20 19:43:21,568 ERROR o.a.c.c.C.[.[.[.[dispatcherServlet] [http-nio-8080-exec-1] Servlet.service() for servlet [dispatcherServlet] in context with path [] threw exception [Request processing failed; nested exception is org.springframework.web.multipart.MultipartException: Failed to parse multipart servlet request; nested exception is java.io.IOException: org.apache.tomcat.util.http.fileupload.FileUploadException: the request was rejected because no multipart boundary was found] with root cause
org.apache.tomcat.util.http.fileupload.FileUploadException: the request was rejected because no multipart boundary was found
	at org.apache.tomcat.util.http.fileupload.impl.FileItemIteratorImpl.init(FileItemIteratorImpl.java:189) ~[tomcat-embed-core-9.0.75.jar:9.0.75]
	at org.apache.tomcat.util.http.fileupload.impl.FileItemIteratorImpl.getMultiPartStream(FileItemIteratorImpl.java:205) ~[tomcat-embed-core-9.0.75.jar:9.0.75]
	at org.apache.tomcat.util.http.fileupload.impl.FileItemIteratorImpl.findNextItem(FileItemIteratorImpl.java:224) ~[tomcat-embed-core-9.0.75.jar:9.0.75]
	at org.apache.tomcat.util.http.fileupload.impl.FileItemIteratorImpl.<init>(FileItemIteratorImpl.java:142) ~[tomcat-embed-core-9.0.75.jar:9.0.75]
	at org.apache.tomcat.util.http.fileupload.FileUploadBase.getItemIterator(FileUploadBase.java:277) ~[tomcat-embed-core-9.0.75.jar:9.0.75]
	at org.apache.tomcat.util.http.fileupload.FileUploadBase.parseRequest(FileUploadBase.java:301) ~[tomcat-embed-core-9.0.75.jar:9.0.75]
	at org.apache.catalina.connector.Request.parseParts(Request.java:2849) ~[tomcat-embed-core-9.0.75.jar:9.0.75]
	at org.apache.catalina.connector.Request.getParts(Request.java:2750) ~[tomcat-embed-core-9.0.75.jar:9.0.75]
	at org.apache.catalina.connector.RequestFacade.getParts(RequestFacade.java:796) ~[tomcat-embed-core-9.0.75.jar:9.0.75]
	at org.springframework.web.multipart.support.StandardMultipartHttpServletRequest.parseRequest(StandardMultipartHttpServletRequest.java:95) ~[spring-web-5.3.27.jar:5.3.27]
	at org.springframework.web.multipart.support.StandardMultipartHttpServletRequest.<init>(StandardMultipartHttpServletRequest.java:88) ~[spring-web-5.3.27.jar:5.3.27]
	at org.springframework.web.multipart.support.StandardServletMultipartResolver.resolveMultipart(StandardServletMultipartResolver.java:122) ~[spring-web-5.3.27.jar:5.3.27]
	at org.springframework.web.servlet.DispatcherServlet.checkMultipart(DispatcherServlet.java:1210) ~[spring-webmvc-5.3.27.jar:5.3.27]
	at org.springframework.web.servlet.DispatcherServlet.doDispatch(DispatcherServlet.java:1044) ~[spring-webmvc-5.3.27.jar:5.3.27]
	at org.springframework.web.servlet.DispatcherServlet.doService(DispatcherServlet.java:965) ~[spring-webmvc-5.3.27.jar:5.3.27]
	at org.springframework.web.servlet.FrameworkServlet.processRequest(FrameworkServlet.java:1006) ~[spring-webmvc-5.3.27.jar:5.3.27]
	at org.springframework.web.servlet.FrameworkServlet.doPost(FrameworkServlet.java:909) ~[spring-webmvc-5.3.27.jar:5.3.27]
	at javax.servlet.http.HttpServlet.service(HttpServlet.java:555) ~[tomcat-embed-core-9.0.75.jar:4.0.FR]
	at org.springframework.web.servlet.FrameworkServlet.service(FrameworkServlet.java:883) ~[spring-webmvc-5.3.27.jar:5.3.27]
	at javax.servlet.http.HttpServlet.service(HttpServlet.java:623) ~[tomcat-embed-core-9.0.75.jar:4.0.FR]
	at org.apache.catalina.core.ApplicationFilterChain.internalDoFilter(ApplicationFilterChain.java:209) ~[tomcat-embed-core-9.0.75.jar:9.0.75]
	at org.apache.catalina.core.ApplicationFilterChain.doFilter(ApplicationFilterChain.java:153) ~[tomcat-embed-core-9.0.75.jar:9.0.75]
	at org.apache.tomcat.websocket.server.WsFilter.doFilter(WsFilter.java:51) ~[tomcat-embed-websocket-9.0.75.jar:9.0.75]
	at org.apache.catalina.core.ApplicationFilterChain.internalDoFilter(ApplicationFilterChain.java:178) ~[tomcat-embed-core-9.0.75.jar:9.0.75]
	at org.apache.catalina.core.ApplicationFilterChain.doFilter(ApplicationFilterChain.java:153) ~[tomcat-embed-core-9.0.75.jar:9.0.75]
	at org.springframework.web.filter.RequestContextFilter.doFilterInternal(RequestContextFilter.java:100) ~[spring-web-5.3.27.jar:5.3.27]
	at org.springframework.web.filter.OncePerRequestFilter.doFilter(OncePerRequestFilter.java:117) ~[spring-web-5.3.27.jar:5.3.27]
	at org.apache.catalina.core.ApplicationFilterChain.internalDoFilter(ApplicationFilterChain.java:178) ~[tomcat-embed-core-9.0.75.jar:9.0.75]
	at org.apache.catalina.core.ApplicationFilterChain.doFilter(ApplicationFilterChain.java:153) ~[tomcat-embed-core-9.0.75.jar:9.0.75]
	at org.springframework.web.filter.FormContentFilter.doFilterInternal(FormContentFilter.java:93) ~[spring-web-5.3.27.jar:5.3.27]
	at org.springframework.web.filter.OncePerRequestFilter.doFilter(OncePerRequestFilter.java:117) ~[spring-web-5.3.27.jar:5.3.27]
	at org.apache.catalina.core.ApplicationFilterChain.internalDoFilter(ApplicationFilterChain.java:178) ~[tomcat-embed-core-9.0.75.jar:9.0.75]
	at org.apache.catalina.core.ApplicationFilterChain.doFilter(ApplicationFilterChain.java:153) ~[tomcat-embed-core-9.0.75.jar:9.0.75]
	at org.springframework.web.filter.CharacterEncodingFilter.doFilterInternal(CharacterEncodingFilter.java:201) ~[spring-web-5.3.27.jar:5.3.27]
	at org.springframework.web.filter.OncePerRequestFilter.doFilter(OncePerRequestFilter.java:117) ~[spring-web-5.3.27.jar:5.3.27]
	at org.apache.catalina.core.ApplicationFilterChain.internalDoFilter(ApplicationFilterChain.java:178) ~[tomcat-embed-core-9.0.75.jar:9.0.75]
	at org.apache.catalina.core.ApplicationFilterChain.doFilter(ApplicationFilterChain.java:153) ~[tomcat-embed-core-9.0.75.jar:9.0.75]
	at org.apache.catalina.core.StandardWrapperValve.invoke(StandardWrapperValve.java:167) ~[tomcat-embed-core-9.0.75.jar:9.0.75]
	at org.apache.catalina.core.StandardContextValve.invoke(StandardContextValve.java:90) ~[tomcat-embed-core-9.0.75.jar:9.0.75]
	at org.apache.catalina.authenticator.AuthenticatorBase.invoke(AuthenticatorBase.java:481) ~[tomcat-embed-core-9.0.75.jar:9.0.75]
	at org.apache.catalina.core.StandardHostValve.invoke(StandardHostValve.java:130) ~[tomcat-embed-core-9.0.75.jar:9.0.75]
	at org.apache.catalina.valves.ErrorReportValve.invoke(ErrorReportValve.java:93) ~[tomcat-embed-core-9.0.75.jar:9.0.75]
	at org.apache.catalina.core.StandardEngineValve.invoke(StandardEngineValve.java:74) ~[tomcat-embed-core-9.0.75.jar:9.0.75]
	at org.apache.catalina.connector.CoyoteAdapter.service(CoyoteAdapter.java:343) ~[tomcat-embed-core-9.0.75.jar:9.0.75]
	at org.apache.coyote.http11.Http11Processor.service(Http11Processor.java:390) ~[tomcat-embed-core-9.0.75.jar:9.0.75]
	at org.apache.coyote.AbstractProcessorLight.process(AbstractProcessorLight.java:63) ~[tomcat-embed-core-9.0.75.jar:9.0.75]
	at org.apache.coyote.AbstractProtocol$ConnectionHandler.process(AbstractProtocol.java:926) ~[tomcat-embed-core-9.0.75.jar:9.0.75]
	at org.apache.tomcat.util.net.NioEndpoint$SocketProcessor.doRun(NioEndpoint.java:1791) ~[tomcat-embed-core-9.0.75.jar:9.0.75]
	at org.apache.tomcat.util.net.SocketProcessorBase.run(SocketProcessorBase.java:52) ~[tomcat-embed-core-9.0.75.jar:9.0.75]
	at org.apache.tomcat.util.threads.ThreadPoolExecutor.runWorker(ThreadPoolExecutor.java:1191) ~[tomcat-embed-core-9.0.75.jar:9.0.75]
	at org.apache.tomcat.util.threads.ThreadPoolExecutor$Worker.run(ThreadPoolExecutor.java:659) ~[tomcat-embed-core-9.0.75.jar:9.0.75]
	at org.apache.tomcat.util.threads.TaskThread$WrappingRunnable.run(TaskThread.java:61) ~[tomcat-embed-core-9.0.75.jar:9.0.75]
	at java.lang.Thread.run(Thread.java:750) ~[?:1.8.0_361]
2023-09-20 19:43:21,643 INFO c.z.c.JwtAuthenticationFilter [http-nio-8080-exec-1] 授权头部字段：Bearer eyJ0eXAiOiJKV1QiLCJhbGciOiJIUzI1NiJ9.eyJpc3MiOiJ6emwiLCJuYW1lIjoi5ZWK5ZWK5ZWK5ZWKIiwiZXhwIjoxNjk1Mjk1MTQ0LCJpYXQiOjE2OTUyMDg3NDR9.niAvD-YFziMjkRKkkThGxlmO8EKBiAiW6LF1HFfcIJs
2023-09-20 19:43:21,643 INFO c.z.c.JwtAuthenticationFilter [http-nio-8080-exec-1] 提取的令牌：eyJ0eXAiOiJKV1QiLCJhbGciOiJIUzI1NiJ9.eyJpc3MiOiJ6emwiLCJuYW1lIjoi5ZWK5ZWK5ZWK5ZWKIiwiZXhwIjoxNjk1Mjk1MTQ0LCJpYXQiOjE2OTUyMDg3NDR9.niAvD-YFziMjkRKkkThGxlmO8EKBiAiW6LF1HFfcIJs
2023-09-20 19:43:21,643 INFO c.z.u.JwtTokenUtil [http-nio-8080-exec-1] 正在验证JWT令牌...
2023-09-20 19:43:22,029 INFO c.z.u.JwtTokenUtil [http-nio-8080-exec-1] JWT令牌验证成功。
2023-09-20 19:44:29,234 INFO c.z.c.JwtAuthenticationFilter [http-nio-8080-exec-4] 授权头部字段：Bearer eyJ0eXAiOiJKV1QiLCJhbGciOiJIUzI1NiJ9.eyJpc3MiOiJ6emwiLCJuYW1lIjoi5ZWK5ZWK5ZWK5ZWKIiwiZXhwIjoxNjk1Mjk1MTQ0LCJpYXQiOjE2OTUyMDg3NDR9.niAvD-YFziMjkRKkkThGxlmO8EKBiAiW6LF1HFfcIJs
2023-09-20 19:44:29,234 INFO c.z.c.JwtAuthenticationFilter [http-nio-8080-exec-4] 提取的令牌：eyJ0eXAiOiJKV1QiLCJhbGciOiJIUzI1NiJ9.eyJpc3MiOiJ6emwiLCJuYW1lIjoi5ZWK5ZWK5ZWK5ZWKIiwiZXhwIjoxNjk1Mjk1MTQ0LCJpYXQiOjE2OTUyMDg3NDR9.niAvD-YFziMjkRKkkThGxlmO8EKBiAiW6LF1HFfcIJs
2023-09-20 19:44:29,234 INFO c.z.u.JwtTokenUtil [http-nio-8080-exec-4] 正在验证JWT令牌...
2023-09-20 19:44:29,235 INFO c.z.u.JwtTokenUtil [http-nio-8080-exec-4] JWT令牌验证成功。
2023-09-20 19:44:29,314 INFO c.z.h.HikariDataSource [http-nio-8080-exec-4] HikariPool-1 - Starting...
2023-09-20 19:44:29,462 INFO c.z.h.HikariDataSource [http-nio-8080-exec-4] HikariPool-1 - Start completed.
2023-09-20 19:44:36,087 INFO c.z.c.JwtAuthenticationFilter [http-nio-8080-exec-7] 授权头部字段：Bearer eyJ0eXAiOiJKV1QiLCJhbGciOiJIUzI1NiJ9.eyJpc3MiOiJ6emwiLCJuYW1lIjoi5ZWK5ZWK5ZWK5ZWKIiwiZXhwIjoxNjk1Mjk1MTQ0LCJpYXQiOjE2OTUyMDg3NDR9.niAvD-YFziMjkRKkkThGxlmO8EKBiAiW6LF1HFfcIJs
2023-09-20 19:44:36,087 INFO c.z.c.JwtAuthenticationFilter [http-nio-8080-exec-7] 提取的令牌：eyJ0eXAiOiJKV1QiLCJhbGciOiJIUzI1NiJ9.eyJpc3MiOiJ6emwiLCJuYW1lIjoi5ZWK5ZWK5ZWK5ZWKIiwiZXhwIjoxNjk1Mjk1MTQ0LCJpYXQiOjE2OTUyMDg3NDR9.niAvD-YFziMjkRKkkThGxlmO8EKBiAiW6LF1HFfcIJs
2023-09-20 19:44:36,087 INFO c.z.u.JwtTokenUtil [http-nio-8080-exec-7] 正在验证JWT令牌...
2023-09-20 19:44:36,088 INFO c.z.u.JwtTokenUtil [http-nio-8080-exec-7] JWT令牌验证成功。
2023-09-20 19:46:55,872 INFO c.z.c.JwtAuthenticationFilter [http-nio-8080-exec-2] 授权头部字段：Bearer eyJ0eXAiOiJKV1QiLCJhbGciOiJIUzI1NiJ9.eyJpc3MiOiJ6emwiLCJuYW1lIjoi5ZWK5ZWK5ZWK5ZWKIiwiZXhwIjoxNjk1Mjk1MTQ0LCJpYXQiOjE2OTUyMDg3NDR9.niAvD-YFziMjkRKkkThGxlmO8EKBiAiW6LF1HFfcIJs
2023-09-20 19:46:55,872 INFO c.z.c.JwtAuthenticationFilter [http-nio-8080-exec-2] 提取的令牌：eyJ0eXAiOiJKV1QiLCJhbGciOiJIUzI1NiJ9.eyJpc3MiOiJ6emwiLCJuYW1lIjoi5ZWK5ZWK5ZWK5ZWKIiwiZXhwIjoxNjk1Mjk1MTQ0LCJpYXQiOjE2OTUyMDg3NDR9.niAvD-YFziMjkRKkkThGxlmO8EKBiAiW6LF1HFfcIJs
2023-09-20 19:46:55,872 INFO c.z.u.JwtTokenUtil [http-nio-8080-exec-2] 正在验证JWT令牌...
2023-09-20 19:46:55,872 INFO c.z.u.JwtTokenUtil [http-nio-8080-exec-2] JWT令牌验证成功。
2023-09-20 19:47:07,955 INFO c.z.c.JwtAuthenticationFilter [http-nio-8080-exec-6] 授权头部字段：Bearer eyJ0eXAiOiJKV1QiLCJhbGciOiJIUzI1NiJ9.eyJpc3MiOiJ6emwiLCJuYW1lIjoi5ZWK5ZWK5ZWK5ZWKIiwiZXhwIjoxNjk1Mjk1MTQ0LCJpYXQiOjE2OTUyMDg3NDR9.niAvD-YFziMjkRKkkThGxlmO8EKBiAiW6LF1HFfcIJs
2023-09-20 19:47:07,955 INFO c.z.c.JwtAuthenticationFilter [http-nio-8080-exec-6] 提取的令牌：eyJ0eXAiOiJKV1QiLCJhbGciOiJIUzI1NiJ9.eyJpc3MiOiJ6emwiLCJuYW1lIjoi5ZWK5ZWK5ZWK5ZWKIiwiZXhwIjoxNjk1Mjk1MTQ0LCJpYXQiOjE2OTUyMDg3NDR9.niAvD-YFziMjkRKkkThGxlmO8EKBiAiW6LF1HFfcIJs
2023-09-20 19:47:07,955 INFO c.z.u.JwtTokenUtil [http-nio-8080-exec-6] 正在验证JWT令牌...
2023-09-20 19:47:07,956 INFO c.z.u.JwtTokenUtil [http-nio-8080-exec-6] JWT令牌验证成功。
2023-09-20 19:47:58,417 INFO c.z.c.JwtAuthenticationFilter [http-nio-8080-exec-8] 授权头部字段：Bearer eyJ0eXAiOiJKV1QiLCJhbGciOiJIUzI1NiJ9.eyJpc3MiOiJ6emwiLCJuYW1lIjoi5ZWK5ZWK5ZWK5ZWKIiwiZXhwIjoxNjk1Mjk1MTQ0LCJpYXQiOjE2OTUyMDg3NDR9.niAvD-YFziMjkRKkkThGxlmO8EKBiAiW6LF1HFfcIJs
2023-09-20 19:47:58,417 INFO c.z.c.JwtAuthenticationFilter [http-nio-8080-exec-8] 提取的令牌：eyJ0eXAiOiJKV1QiLCJhbGciOiJIUzI1NiJ9.eyJpc3MiOiJ6emwiLCJuYW1lIjoi5ZWK5ZWK5ZWK5ZWKIiwiZXhwIjoxNjk1Mjk1MTQ0LCJpYXQiOjE2OTUyMDg3NDR9.niAvD-YFziMjkRKkkThGxlmO8EKBiAiW6LF1HFfcIJs
2023-09-20 19:47:58,417 INFO c.z.u.JwtTokenUtil [http-nio-8080-exec-8] 正在验证JWT令牌...
2023-09-20 19:47:58,417 INFO c.z.u.JwtTokenUtil [http-nio-8080-exec-8] JWT令牌验证成功。
2023-09-20 19:48:03,945 INFO c.z.c.JwtAuthenticationFilter [http-nio-8080-exec-3] 授权头部字段：Bearer eyJ0eXAiOiJKV1QiLCJhbGciOiJIUzI1NiJ9.eyJpc3MiOiJ6emwiLCJuYW1lIjoi5ZWK5ZWK5ZWK5ZWKIiwiZXhwIjoxNjk1Mjk1MTQ0LCJpYXQiOjE2OTUyMDg3NDR9.niAvD-YFziMjkRKkkThGxlmO8EKBiAiW6LF1HFfcIJs
2023-09-20 19:48:03,945 INFO c.z.c.JwtAuthenticationFilter [http-nio-8080-exec-3] 提取的令牌：eyJ0eXAiOiJKV1QiLCJhbGciOiJIUzI1NiJ9.eyJpc3MiOiJ6emwiLCJuYW1lIjoi5ZWK5ZWK5ZWK5ZWKIiwiZXhwIjoxNjk1Mjk1MTQ0LCJpYXQiOjE2OTUyMDg3NDR9.niAvD-YFziMjkRKkkThGxlmO8EKBiAiW6LF1HFfcIJs
2023-09-20 19:48:03,945 INFO c.z.u.JwtTokenUtil [http-nio-8080-exec-3] 正在验证JWT令牌...
2023-09-20 19:48:03,945 INFO c.z.u.JwtTokenUtil [http-nio-8080-exec-3] JWT令牌验证成功。
2023-09-20 19:57:42,234 INFO c.z.c.JwtAuthenticationFilter [http-nio-8080-exec-1] 授权头部字段：Bearer eyJ0eXAiOiJKV1QiLCJhbGciOiJIUzI1NiJ9.eyJpc3MiOiJ6emwiLCJuYW1lIjoi5ZWK5ZWK5ZWK5ZWKIiwiZXhwIjoxNjk1Mjk1MTQ0LCJpYXQiOjE2OTUyMDg3NDR9.niAvD-YFziMjkRKkkThGxlmO8EKBiAiW6LF1HFfcIJs
2023-09-20 19:57:42,234 INFO c.z.c.JwtAuthenticationFilter [http-nio-8080-exec-1] 提取的令牌：eyJ0eXAiOiJKV1QiLCJhbGciOiJIUzI1NiJ9.eyJpc3MiOiJ6emwiLCJuYW1lIjoi5ZWK5ZWK5ZWK5ZWKIiwiZXhwIjoxNjk1Mjk1MTQ0LCJpYXQiOjE2OTUyMDg3NDR9.niAvD-YFziMjkRKkkThGxlmO8EKBiAiW6LF1HFfcIJs
2023-09-20 19:57:42,234 INFO c.z.u.JwtTokenUtil [http-nio-8080-exec-1] 正在验证JWT令牌...
2023-09-20 19:57:42,235 INFO c.z.u.JwtTokenUtil [http-nio-8080-exec-1] JWT令牌验证成功。
2023-09-20 19:57:44,887 INFO c.z.c.JwtAuthenticationFilter [http-nio-8080-exec-4] 授权头部字段：Bearer eyJ0eXAiOiJKV1QiLCJhbGciOiJIUzI1NiJ9.eyJpc3MiOiJ6emwiLCJuYW1lIjoi5ZWK5ZWK5ZWK5ZWKIiwiZXhwIjoxNjk1Mjk1MTQ0LCJpYXQiOjE2OTUyMDg3NDR9.niAvD-YFziMjkRKkkThGxlmO8EKBiAiW6LF1HFfcIJs
2023-09-20 19:57:44,887 INFO c.z.c.JwtAuthenticationFilter [http-nio-8080-exec-4] 提取的令牌：eyJ0eXAiOiJKV1QiLCJhbGciOiJIUzI1NiJ9.eyJpc3MiOiJ6emwiLCJuYW1lIjoi5ZWK5ZWK5ZWK5ZWKIiwiZXhwIjoxNjk1Mjk1MTQ0LCJpYXQiOjE2OTUyMDg3NDR9.niAvD-YFziMjkRKkkThGxlmO8EKBiAiW6LF1HFfcIJs
2023-09-20 19:57:44,887 INFO c.z.u.JwtTokenUtil [http-nio-8080-exec-4] 正在验证JWT令牌...
2023-09-20 19:57:44,887 INFO c.z.u.JwtTokenUtil [http-nio-8080-exec-4] JWT令牌验证成功。
2023-09-20 20:00:34,337 INFO c.z.c.JwtAuthenticationFilter [http-nio-8080-exec-5] 授权头部字段：Bearer eyJ0eXAiOiJKV1QiLCJhbGciOiJIUzI1NiJ9.eyJpc3MiOiJ6emwiLCJuYW1lIjoi5ZWK5ZWK5ZWK5ZWKIiwiZXhwIjoxNjk1Mjk1MTQ0LCJpYXQiOjE2OTUyMDg3NDR9.niAvD-YFziMjkRKkkThGxlmO8EKBiAiW6LF1HFfcIJs
2023-09-20 20:00:34,337 INFO c.z.c.JwtAuthenticationFilter [http-nio-8080-exec-5] 提取的令牌：eyJ0eXAiOiJKV1QiLCJhbGciOiJIUzI1NiJ9.eyJpc3MiOiJ6emwiLCJuYW1lIjoi5ZWK5ZWK5ZWK5ZWKIiwiZXhwIjoxNjk1Mjk1MTQ0LCJpYXQiOjE2OTUyMDg3NDR9.niAvD-YFziMjkRKkkThGxlmO8EKBiAiW6LF1HFfcIJs
2023-09-20 20:00:34,337 INFO c.z.u.JwtTokenUtil [http-nio-8080-exec-5] 正在验证JWT令牌...
2023-09-20 20:00:34,338 INFO c.z.u.JwtTokenUtil [http-nio-8080-exec-5] JWT令牌验证成功。
2023-09-20 20:00:41,276 INFO c.z.c.JwtAuthenticationFilter [http-nio-8080-exec-2] 授权头部字段：Bearer eyJ0eXAiOiJKV1QiLCJhbGciOiJIUzI1NiJ9.eyJpc3MiOiJ6emwiLCJuYW1lIjoi5ZWK5ZWK5ZWK5ZWKIiwiZXhwIjoxNjk1Mjk1MTQ0LCJpYXQiOjE2OTUyMDg3NDR9.niAvD-YFziMjkRKkkThGxlmO8EKBiAiW6LF1HFfcIJs
2023-09-20 20:00:41,276 INFO c.z.c.JwtAuthenticationFilter [http-nio-8080-exec-2] 提取的令牌：eyJ0eXAiOiJKV1QiLCJhbGciOiJIUzI1NiJ9.eyJpc3MiOiJ6emwiLCJuYW1lIjoi5ZWK5ZWK5ZWK5ZWKIiwiZXhwIjoxNjk1Mjk1MTQ0LCJpYXQiOjE2OTUyMDg3NDR9.niAvD-YFziMjkRKkkThGxlmO8EKBiAiW6LF1HFfcIJs
2023-09-20 20:00:41,276 INFO c.z.u.JwtTokenUtil [http-nio-8080-exec-2] 正在验证JWT令牌...
2023-09-20 20:00:41,276 INFO c.z.u.JwtTokenUtil [http-nio-8080-exec-2] JWT令牌验证成功。
2023-09-20 20:03:00,468 INFO c.z.c.JwtAuthenticationFilter [http-nio-8080-exec-8] 授权头部字段：Bearer eyJ0eXAiOiJKV1QiLCJhbGciOiJIUzI1NiJ9.eyJpc3MiOiJ6emwiLCJuYW1lIjoi5ZWK5ZWK5ZWK5ZWKIiwiZXhwIjoxNjk1Mjk1MTQ0LCJpYXQiOjE2OTUyMDg3NDR9.niAvD-YFziMjkRKkkThGxlmO8EKBiAiW6LF1HFfcIJs
2023-09-20 20:03:00,468 INFO c.z.c.JwtAuthenticationFilter [http-nio-8080-exec-8] 提取的令牌：eyJ0eXAiOiJKV1QiLCJhbGciOiJIUzI1NiJ9.eyJpc3MiOiJ6emwiLCJuYW1lIjoi5ZWK5ZWK5ZWK5ZWKIiwiZXhwIjoxNjk1Mjk1MTQ0LCJpYXQiOjE2OTUyMDg3NDR9.niAvD-YFziMjkRKkkThGxlmO8EKBiAiW6LF1HFfcIJs
2023-09-20 20:03:00,468 INFO c.z.u.JwtTokenUtil [http-nio-8080-exec-8] 正在验证JWT令牌...
2023-09-20 20:03:00,469 INFO c.z.u.JwtTokenUtil [http-nio-8080-exec-8] JWT令牌验证成功。
2023-09-20 20:03:03,092 INFO c.z.c.JwtAuthenticationFilter [http-nio-8080-exec-3] 授权头部字段：Bearer eyJ0eXAiOiJKV1QiLCJhbGciOiJIUzI1NiJ9.eyJpc3MiOiJ6emwiLCJuYW1lIjoi5ZWK5ZWK5ZWK5ZWKIiwiZXhwIjoxNjk1Mjk1MTQ0LCJpYXQiOjE2OTUyMDg3NDR9.niAvD-YFziMjkRKkkThGxlmO8EKBiAiW6LF1HFfcIJs
2023-09-20 20:03:03,092 INFO c.z.c.JwtAuthenticationFilter [http-nio-8080-exec-3] 提取的令牌：eyJ0eXAiOiJKV1QiLCJhbGciOiJIUzI1NiJ9.eyJpc3MiOiJ6emwiLCJuYW1lIjoi5ZWK5ZWK5ZWK5ZWKIiwiZXhwIjoxNjk1Mjk1MTQ0LCJpYXQiOjE2OTUyMDg3NDR9.niAvD-YFziMjkRKkkThGxlmO8EKBiAiW6LF1HFfcIJs
2023-09-20 20:03:03,092 INFO c.z.u.JwtTokenUtil [http-nio-8080-exec-3] 正在验证JWT令牌...
2023-09-20 20:03:03,092 INFO c.z.u.JwtTokenUtil [http-nio-8080-exec-3] JWT令牌验证成功。
2023-09-20 20:04:29,160 INFO c.z.c.JwtAuthenticationFilter [http-nio-8080-exec-10] 授权头部字段：Bearer eyJ0eXAiOiJKV1QiLCJhbGciOiJIUzI1NiJ9.eyJpc3MiOiJ6emwiLCJuYW1lIjoi5ZWK5ZWK5ZWK5ZWKIiwiZXhwIjoxNjk1Mjk1MTQ0LCJpYXQiOjE2OTUyMDg3NDR9.niAvD-YFziMjkRKkkThGxlmO8EKBiAiW6LF1HFfcIJs
2023-09-20 20:04:29,160 INFO c.z.c.JwtAuthenticationFilter [http-nio-8080-exec-10] 提取的令牌：eyJ0eXAiOiJKV1QiLCJhbGciOiJIUzI1NiJ9.eyJpc3MiOiJ6emwiLCJuYW1lIjoi5ZWK5ZWK5ZWK5ZWKIiwiZXhwIjoxNjk1Mjk1MTQ0LCJpYXQiOjE2OTUyMDg3NDR9.niAvD-YFziMjkRKkkThGxlmO8EKBiAiW6LF1HFfcIJs
2023-09-20 20:04:29,160 INFO c.z.u.JwtTokenUtil [http-nio-8080-exec-10] 正在验证JWT令牌...
2023-09-20 20:04:29,160 INFO c.z.u.JwtTokenUtil [http-nio-8080-exec-10] JWT令牌验证成功。
2023-09-20 20:04:37,093 INFO c.z.c.JwtAuthenticationFilter [http-nio-8080-exec-1] 授权头部字段：Bearer eyJ0eXAiOiJKV1QiLCJhbGciOiJIUzI1NiJ9.eyJpc3MiOiJ6emwiLCJuYW1lIjoi5ZWK5ZWK5ZWK5ZWKIiwiZXhwIjoxNjk1Mjk1MTQ0LCJpYXQiOjE2OTUyMDg3NDR9.niAvD-YFziMjkRKkkThGxlmO8EKBiAiW6LF1HFfcIJs
2023-09-20 20:04:37,093 INFO c.z.c.JwtAuthenticationFilter [http-nio-8080-exec-1] 提取的令牌：eyJ0eXAiOiJKV1QiLCJhbGciOiJIUzI1NiJ9.eyJpc3MiOiJ6emwiLCJuYW1lIjoi5ZWK5ZWK5ZWK5ZWKIiwiZXhwIjoxNjk1Mjk1MTQ0LCJpYXQiOjE2OTUyMDg3NDR9.niAvD-YFziMjkRKkkThGxlmO8EKBiAiW6LF1HFfcIJs
2023-09-20 20:04:37,094 INFO c.z.u.JwtTokenUtil [http-nio-8080-exec-1] 正在验证JWT令牌...
2023-09-20 20:04:37,094 INFO c.z.u.JwtTokenUtil [http-nio-8080-exec-1] JWT令牌验证成功。
2023-09-20 20:04:57,075 INFO c.z.c.JwtAuthenticationFilter [http-nio-8080-exec-5] 授权头部字段：Bearer eyJ0eXAiOiJKV1QiLCJhbGciOiJIUzI1NiJ9.eyJpc3MiOiJ6emwiLCJuYW1lIjoi5ZWK5ZWK5ZWK5ZWKIiwiZXhwIjoxNjk1Mjk1MTQ0LCJpYXQiOjE2OTUyMDg3NDR9.niAvD-YFziMjkRKkkThGxlmO8EKBiAiW6LF1HFfcIJs
2023-09-20 20:04:57,075 INFO c.z.c.JwtAuthenticationFilter [http-nio-8080-exec-5] 提取的令牌：eyJ0eXAiOiJKV1QiLCJhbGciOiJIUzI1NiJ9.eyJpc3MiOiJ6emwiLCJuYW1lIjoi5ZWK5ZWK5ZWK5ZWKIiwiZXhwIjoxNjk1Mjk1MTQ0LCJpYXQiOjE2OTUyMDg3NDR9.niAvD-YFziMjkRKkkThGxlmO8EKBiAiW6LF1HFfcIJs
2023-09-20 20:04:57,075 INFO c.z.u.JwtTokenUtil [http-nio-8080-exec-5] 正在验证JWT令牌...
2023-09-20 20:04:57,076 INFO c.z.u.JwtTokenUtil [http-nio-8080-exec-5] JWT令牌验证成功。
2023-09-20 20:04:57,077 INFO c.z.c.ImageController [http-nio-8080-exec-5] 接收到图片IMG_20230707_141320 - 副本.jpg
2023-09-20 20:04:57,077 INFO c.z.s.ImageService [http-nio-8080-exec-5] 开始保存图像: IMG_20230707_141320 - 副本.jpg
2023-09-20 20:04:57,100 INFO c.z.c.JwtAuthenticationFilter [http-nio-8080-exec-4] 授权头部字段：Bearer eyJ0eXAiOiJKV1QiLCJhbGciOiJIUzI1NiJ9.eyJpc3MiOiJ6emwiLCJuYW1lIjoi5ZWK5ZWK5ZWK5ZWKIiwiZXhwIjoxNjk1Mjk1MTQ0LCJpYXQiOjE2OTUyMDg3NDR9.niAvD-YFziMjkRKkkThGxlmO8EKBiAiW6LF1HFfcIJs
2023-09-20 20:04:57,100 INFO c.z.c.JwtAuthenticationFilter [http-nio-8080-exec-4] 提取的令牌：eyJ0eXAiOiJKV1QiLCJhbGciOiJIUzI1NiJ9.eyJpc3MiOiJ6emwiLCJuYW1lIjoi5ZWK5ZWK5ZWK5ZWKIiwiZXhwIjoxNjk1Mjk1MTQ0LCJpYXQiOjE2OTUyMDg3NDR9.niAvD-YFziMjkRKkkThGxlmO8EKBiAiW6LF1HFfcIJs
2023-09-20 20:04:57,100 INFO c.z.u.JwtTokenUtil [http-nio-8080-exec-4] 正在验证JWT令牌...
2023-09-20 20:04:57,101 INFO c.z.u.JwtTokenUtil [http-nio-8080-exec-4] JWT令牌验证成功。
2023-09-20 20:04:57,102 INFO c.z.c.ImageController [http-nio-8080-exec-4] 接收到图片IMG_20230707_144806.jpg
2023-09-20 20:04:57,103 INFO c.z.s.ImageService [http-nio-8080-exec-4] 开始保存图像: IMG_20230707_144806.jpg
2023-09-20 20:04:57,120 INFO c.z.s.ImageService [http-nio-8080-exec-5] 已成功保存图像: IMG_20230707_141320 - 副本.jpg, 新文件名: 20230920200457079.jpg, 文件路径: E:\14502\Desktop\lovelogvue\lovelog\public\Image\20230920200457079.jpg
2023-09-20 20:04:57,120 INFO c.z.c.ImageController [http-nio-8080-exec-5] 保存图片IMG_20230707_141320 - 副本.jpg成功
2023-09-20 20:04:57,122 INFO c.z.s.ImageService [http-nio-8080-exec-4] 已成功保存图像: IMG_20230707_144806.jpg, 新文件名: 20230920200457103.jpg, 文件路径: E:\14502\Desktop\lovelogvue\lovelog\public\Image\20230920200457103.jpg
2023-09-20 20:04:57,122 INFO c.z.c.ImageController [http-nio-8080-exec-4] 保存图片IMG_20230707_144806.jpg成功
2023-09-20 20:04:57,156 INFO c.z.c.JwtAuthenticationFilter [http-nio-8080-exec-10] 授权头部字段：Bearer eyJ0eXAiOiJKV1QiLCJhbGciOiJIUzI1NiJ9.eyJpc3MiOiJ6emwiLCJuYW1lIjoi5ZWK5ZWK5ZWK5ZWKIiwiZXhwIjoxNjk1Mjk1MTQ0LCJpYXQiOjE2OTUyMDg3NDR9.niAvD-YFziMjkRKkkThGxlmO8EKBiAiW6LF1HFfcIJs
2023-09-20 20:04:57,156 INFO c.z.c.JwtAuthenticationFilter [http-nio-8080-exec-10] 提取的令牌：eyJ0eXAiOiJKV1QiLCJhbGciOiJIUzI1NiJ9.eyJpc3MiOiJ6emwiLCJuYW1lIjoi5ZWK5ZWK5ZWK5ZWKIiwiZXhwIjoxNjk1Mjk1MTQ0LCJpYXQiOjE2OTUyMDg3NDR9.niAvD-YFziMjkRKkkThGxlmO8EKBiAiW6LF1HFfcIJs
2023-09-20 20:04:57,156 INFO c.z.u.JwtTokenUtil [http-nio-8080-exec-10] 正在验证JWT令牌...
2023-09-20 20:04:57,157 INFO c.z.u.JwtTokenUtil [http-nio-8080-exec-10] JWT令牌验证成功。
2023-09-20 20:04:57,157 INFO c.z.c.ImageController [http-nio-8080-exec-10] 接收到图片IMG_20230707_144754.jpg
2023-09-20 20:04:57,157 INFO c.z.c.JwtAuthenticationFilter [http-nio-8080-exec-2] 授权头部字段：Bearer eyJ0eXAiOiJKV1QiLCJhbGciOiJIUzI1NiJ9.eyJpc3MiOiJ6emwiLCJuYW1lIjoi5ZWK5ZWK5ZWK5ZWKIiwiZXhwIjoxNjk1Mjk1MTQ0LCJpYXQiOjE2OTUyMDg3NDR9.niAvD-YFziMjkRKkkThGxlmO8EKBiAiW6LF1HFfcIJs
2023-09-20 20:04:57,157 INFO c.z.c.JwtAuthenticationFilter [http-nio-8080-exec-2] 提取的令牌：eyJ0eXAiOiJKV1QiLCJhbGciOiJIUzI1NiJ9.eyJpc3MiOiJ6emwiLCJuYW1lIjoi5ZWK5ZWK5ZWK5ZWKIiwiZXhwIjoxNjk1Mjk1MTQ0LCJpYXQiOjE2OTUyMDg3NDR9.niAvD-YFziMjkRKkkThGxlmO8EKBiAiW6LF1HFfcIJs
2023-09-20 20:04:57,157 INFO c.z.u.JwtTokenUtil [http-nio-8080-exec-2] 正在验证JWT令牌...
2023-09-20 20:04:57,158 INFO c.z.s.ImageService [http-nio-8080-exec-10] 开始保存图像: IMG_20230707_144754.jpg
2023-09-20 20:04:57,158 INFO c.z.u.JwtTokenUtil [http-nio-8080-exec-2] JWT令牌验证成功。
2023-09-20 20:04:57,158 INFO c.z.c.ImageController [http-nio-8080-exec-2] 接收到图片IMG_20230707_151854.jpg
2023-09-20 20:04:57,158 INFO c.z.s.ImageService [http-nio-8080-exec-2] 开始保存图像: IMG_20230707_151854.jpg
2023-09-20 20:04:57,162 ERROR c.z.s.ImageService [http-nio-8080-exec-10] 保存图像时出错: IMG_20230707_144754.jpg
java.io.FileNotFoundException: C:\Users\14502\AppData\Local\Temp\tomcat.8080.861358125572929201\work\Tomcat\localhost\ROOT\upload_25840f28_c64f_44a7_9b38_e7293cf7e0c4_00000000.tmp (系统找不到指定的文件。)
	at java.io.FileInputStream.open0(Native Method) ~[?:1.8.0_361]
	at java.io.FileInputStream.open(FileInputStream.java:195) ~[?:1.8.0_361]
	at java.io.FileInputStream.<init>(FileInputStream.java:138) ~[?:1.8.0_361]
	at org.apache.tomcat.util.http.fileupload.disk.DiskFileItem.getInputStream(DiskFileItem.java:198) ~[tomcat-embed-core-9.0.75.jar:9.0.75]
	at org.apache.catalina.core.ApplicationPart.getInputStream(ApplicationPart.java:97) ~[tomcat-embed-core-9.0.75.jar:9.0.75]
	at org.springframework.web.multipart.support.StandardMultipartHttpServletRequest$StandardMultipartFile.transferTo(StandardMultipartHttpServletRequest.java:267) ~[spring-web-5.3.27.jar:5.3.27]
	at com.zzlcxt.service.impl.ImageServiceImpl.saveImage(ImageServiceImpl.java:70) ~[classes/:?]
	at com.zzlcxt.service.impl.ImageServiceImpl$$FastClassBySpringCGLIB$$77e91761.invoke(<generated>) ~[classes/:?]
	at org.springframework.cglib.proxy.MethodProxy.invoke(MethodProxy.java:218) ~[spring-core-5.3.27.jar:5.3.27]
	at org.springframework.aop.framework.CglibAopProxy.invokeMethod(CglibAopProxy.java:386) ~[spring-aop-5.3.27.jar:5.3.27]
	at org.springframework.aop.framework.CglibAopProxy.access$000(CglibAopProxy.java:85) ~[spring-aop-5.3.27.jar:5.3.27]
	at org.springframework.aop.framework.CglibAopProxy$DynamicAdvisedInterceptor.intercept(CglibAopProxy.java:704) ~[spring-aop-5.3.27.jar:5.3.27]
	at com.zzlcxt.service.impl.ImageServiceImpl$$EnhancerBySpringCGLIB$$a9eb5655.saveImage(<generated>) ~[classes/:?]
	at com.zzlcxt.controller.ImageController.uploadFile(ImageController.java:45) ~[classes/:?]
	at sun.reflect.NativeMethodAccessorImpl.invoke0(Native Method) ~[?:1.8.0_361]
	at sun.reflect.NativeMethodAccessorImpl.invoke(NativeMethodAccessorImpl.java:62) ~[?:1.8.0_361]
	at sun.reflect.DelegatingMethodAccessorImpl.invoke(DelegatingMethodAccessorImpl.java:43) ~[?:1.8.0_361]
	at java.lang.reflect.Method.invoke(Method.java:498) ~[?:1.8.0_361]
	at org.springframework.web.method.support.InvocableHandlerMethod.doInvoke(InvocableHandlerMethod.java:205) ~[spring-web-5.3.27.jar:5.3.27]
	at org.springframework.web.method.support.InvocableHandlerMethod.invokeForRequest(InvocableHandlerMethod.java:150) ~[spring-web-5.3.27.jar:5.3.27]
	at org.springframework.web.servlet.mvc.method.annotation.ServletInvocableHandlerMethod.invokeAndHandle(ServletInvocableHandlerMethod.java:117) ~[spring-webmvc-5.3.27.jar:5.3.27]
	at org.springframework.web.servlet.mvc.method.annotation.RequestMappingHandlerAdapter.invokeHandlerMethod(RequestMappingHandlerAdapter.java:895) ~[spring-webmvc-5.3.27.jar:5.3.27]
	at org.springframework.web.servlet.mvc.method.annotation.RequestMappingHandlerAdapter.handleInternal(RequestMappingHandlerAdapter.java:808) ~[spring-webmvc-5.3.27.jar:5.3.27]
	at org.springframework.web.servlet.mvc.method.AbstractHandlerMethodAdapter.handle(AbstractHandlerMethodAdapter.java:87) ~[spring-webmvc-5.3.27.jar:5.3.27]
	at org.springframework.web.servlet.DispatcherServlet.doDispatch(DispatcherServlet.java:1072) ~[spring-webmvc-5.3.27.jar:5.3.27]
	at org.springframework.web.servlet.DispatcherServlet.doService(DispatcherServlet.java:965) ~[spring-webmvc-5.3.27.jar:5.3.27]
	at org.springframework.web.servlet.FrameworkServlet.processRequest(FrameworkServlet.java:1006) ~[spring-webmvc-5.3.27.jar:5.3.27]
	at org.springframework.web.servlet.FrameworkServlet.doPost(FrameworkServlet.java:909) ~[spring-webmvc-5.3.27.jar:5.3.27]
	at javax.servlet.http.HttpServlet.service(HttpServlet.java:555) ~[tomcat-embed-core-9.0.75.jar:4.0.FR]
	at org.springframework.web.servlet.FrameworkServlet.service(FrameworkServlet.java:883) ~[spring-webmvc-5.3.27.jar:5.3.27]
	at javax.servlet.http.HttpServlet.service(HttpServlet.java:623) ~[tomcat-embed-core-9.0.75.jar:4.0.FR]
	at org.apache.catalina.core.ApplicationFilterChain.internalDoFilter(ApplicationFilterChain.java:209) ~[tomcat-embed-core-9.0.75.jar:9.0.75]
	at org.apache.catalina.core.ApplicationFilterChain.doFilter(ApplicationFilterChain.java:153) ~[tomcat-embed-core-9.0.75.jar:9.0.75]
	at org.apache.tomcat.websocket.server.WsFilter.doFilter(WsFilter.java:51) ~[tomcat-embed-websocket-9.0.75.jar:9.0.75]
	at org.apache.catalina.core.ApplicationFilterChain.internalDoFilter(ApplicationFilterChain.java:178) ~[tomcat-embed-core-9.0.75.jar:9.0.75]
	at org.apache.catalina.core.ApplicationFilterChain.doFilter(ApplicationFilterChain.java:153) ~[tomcat-embed-core-9.0.75.jar:9.0.75]
	at org.springframework.web.filter.RequestContextFilter.doFilterInternal(RequestContextFilter.java:100) ~[spring-web-5.3.27.jar:5.3.27]
	at org.springframework.web.filter.OncePerRequestFilter.doFilter(OncePerRequestFilter.java:117) ~[spring-web-5.3.27.jar:5.3.27]
	at org.apache.catalina.core.ApplicationFilterChain.internalDoFilter(ApplicationFilterChain.java:178) ~[tomcat-embed-core-9.0.75.jar:9.0.75]
	at org.apache.catalina.core.ApplicationFilterChain.doFilter(ApplicationFilterChain.java:153) ~[tomcat-embed-core-9.0.75.jar:9.0.75]
	at org.springframework.web.filter.FormContentFilter.doFilterInternal(FormContentFilter.java:93) ~[spring-web-5.3.27.jar:5.3.27]
	at org.springframework.web.filter.OncePerRequestFilter.doFilter(OncePerRequestFilter.java:117) ~[spring-web-5.3.27.jar:5.3.27]
	at org.apache.catalina.core.ApplicationFilterChain.internalDoFilter(ApplicationFilterChain.java:178) ~[tomcat-embed-core-9.0.75.jar:9.0.75]
	at org.apache.catalina.core.ApplicationFilterChain.doFilter(ApplicationFilterChain.java:153) ~[tomcat-embed-core-9.0.75.jar:9.0.75]
	at org.springframework.web.filter.CharacterEncodingFilter.doFilterInternal(CharacterEncodingFilter.java:201) ~[spring-web-5.3.27.jar:5.3.27]
	at org.springframework.web.filter.OncePerRequestFilter.doFilter(OncePerRequestFilter.java:117) ~[spring-web-5.3.27.jar:5.3.27]
	at org.apache.catalina.core.ApplicationFilterChain.internalDoFilter(ApplicationFilterChain.java:178) ~[tomcat-embed-core-9.0.75.jar:9.0.75]
	at org.apache.catalina.core.ApplicationFilterChain.doFilter(ApplicationFilterChain.java:153) ~[tomcat-embed-core-9.0.75.jar:9.0.75]
	at org.apache.catalina.core.StandardWrapperValve.invoke(StandardWrapperValve.java:167) ~[tomcat-embed-core-9.0.75.jar:9.0.75]
	at org.apache.catalina.core.StandardContextValve.invoke(StandardContextValve.java:90) ~[tomcat-embed-core-9.0.75.jar:9.0.75]
	at org.apache.catalina.authenticator.AuthenticatorBase.invoke(AuthenticatorBase.java:481) ~[tomcat-embed-core-9.0.75.jar:9.0.75]
	at org.apache.catalina.core.StandardHostValve.invoke(StandardHostValve.java:130) ~[tomcat-embed-core-9.0.75.jar:9.0.75]
	at org.apache.catalina.valves.ErrorReportValve.invoke(ErrorReportValve.java:93) ~[tomcat-embed-core-9.0.75.jar:9.0.75]
	at org.apache.catalina.core.StandardEngineValve.invoke(StandardEngineValve.java:74) ~[tomcat-embed-core-9.0.75.jar:9.0.75]
	at org.apache.catalina.connector.CoyoteAdapter.service(CoyoteAdapter.java:343) ~[tomcat-embed-core-9.0.75.jar:9.0.75]
	at org.apache.coyote.http11.Http11Processor.service(Http11Processor.java:390) ~[tomcat-embed-core-9.0.75.jar:9.0.75]
	at org.apache.coyote.AbstractProcessorLight.process(AbstractProcessorLight.java:63) ~[tomcat-embed-core-9.0.75.jar:9.0.75]
	at org.apache.coyote.AbstractProtocol$ConnectionHandler.process(AbstractProtocol.java:926) ~[tomcat-embed-core-9.0.75.jar:9.0.75]
	at org.apache.tomcat.util.net.NioEndpoint$SocketProcessor.doRun(NioEndpoint.java:1791) ~[tomcat-embed-core-9.0.75.jar:9.0.75]
	at org.apache.tomcat.util.net.SocketProcessorBase.run(SocketProcessorBase.java:52) ~[tomcat-embed-core-9.0.75.jar:9.0.75]
	at org.apache.tomcat.util.threads.ThreadPoolExecutor.runWorker(ThreadPoolExecutor.java:1191) ~[tomcat-embed-core-9.0.75.jar:9.0.75]
	at org.apache.tomcat.util.threads.ThreadPoolExecutor$Worker.run(ThreadPoolExecutor.java:659) ~[tomcat-embed-core-9.0.75.jar:9.0.75]
	at org.apache.tomcat.util.threads.TaskThread$WrappingRunnable.run(TaskThread.java:61) ~[tomcat-embed-core-9.0.75.jar:9.0.75]
	at java.lang.Thread.run(Thread.java:750) ~[?:1.8.0_361]
2023-09-20 20:04:57,163 ERROR c.z.c.ImageController [http-nio-8080-exec-10] 文件上传失败, 异常信息: C:\Users\14502\AppData\Local\Temp\tomcat.8080.861358125572929201\work\Tomcat\localhost\ROOT\upload_25840f28_c64f_44a7_9b38_e7293cf7e0c4_00000000.tmp (系统找不到指定的文件。)
2023-09-20 20:04:57,168 INFO c.z.c.JwtAuthenticationFilter [http-nio-8080-exec-6] 授权头部字段：Bearer eyJ0eXAiOiJKV1QiLCJhbGciOiJIUzI1NiJ9.eyJpc3MiOiJ6emwiLCJuYW1lIjoi5ZWK5ZWK5ZWK5ZWKIiwiZXhwIjoxNjk1Mjk1MTQ0LCJpYXQiOjE2OTUyMDg3NDR9.niAvD-YFziMjkRKkkThGxlmO8EKBiAiW6LF1HFfcIJs
2023-09-20 20:04:57,168 INFO c.z.c.JwtAuthenticationFilter [http-nio-8080-exec-6] 提取的令牌：eyJ0eXAiOiJKV1QiLCJhbGciOiJIUzI1NiJ9.eyJpc3MiOiJ6emwiLCJuYW1lIjoi5ZWK5ZWK5ZWK5ZWKIiwiZXhwIjoxNjk1Mjk1MTQ0LCJpYXQiOjE2OTUyMDg3NDR9.niAvD-YFziMjkRKkkThGxlmO8EKBiAiW6LF1HFfcIJs
2023-09-20 20:04:57,168 INFO c.z.u.JwtTokenUtil [http-nio-8080-exec-6] 正在验证JWT令牌...
2023-09-20 20:04:57,168 INFO c.z.u.JwtTokenUtil [http-nio-8080-exec-6] JWT令牌验证成功。
2023-09-20 20:04:57,169 INFO c.z.c.ImageController [http-nio-8080-exec-6] 接收到图片IMG_20230707_141312 - 副本.jpg
2023-09-20 20:04:57,169 INFO c.z.s.ImageService [http-nio-8080-exec-6] 开始保存图像: IMG_20230707_141312 - 副本.jpg
2023-09-20 20:04:57,173 INFO c.z.c.JwtAuthenticationFilter [http-nio-8080-exec-8] 授权头部字段：Bearer eyJ0eXAiOiJKV1QiLCJhbGciOiJIUzI1NiJ9.eyJpc3MiOiJ6emwiLCJuYW1lIjoi5ZWK5ZWK5ZWK5ZWKIiwiZXhwIjoxNjk1Mjk1MTQ0LCJpYXQiOjE2OTUyMDg3NDR9.niAvD-YFziMjkRKkkThGxlmO8EKBiAiW6LF1HFfcIJs
2023-09-20 20:04:57,173 INFO c.z.c.JwtAuthenticationFilter [http-nio-8080-exec-8] 提取的令牌：eyJ0eXAiOiJKV1QiLCJhbGciOiJIUzI1NiJ9.eyJpc3MiOiJ6emwiLCJuYW1lIjoi5ZWK5ZWK5ZWK5ZWKIiwiZXhwIjoxNjk1Mjk1MTQ0LCJpYXQiOjE2OTUyMDg3NDR9.niAvD-YFziMjkRKkkThGxlmO8EKBiAiW6LF1HFfcIJs
2023-09-20 20:04:57,173 INFO c.z.u.JwtTokenUtil [http-nio-8080-exec-8] 正在验证JWT令牌...
2023-09-20 20:04:57,173 INFO c.z.u.JwtTokenUtil [http-nio-8080-exec-8] JWT令牌验证成功。
2023-09-20 20:04:57,174 INFO c.z.c.ImageController [http-nio-8080-exec-8] 接收到图片IMG_20230707_141315 - 副本.jpg
2023-09-20 20:04:57,174 INFO c.z.s.ImageService [http-nio-8080-exec-8] 开始保存图像: IMG_20230707_141315 - 副本.jpg
2023-09-20 20:04:57,195 INFO c.z.c.JwtAuthenticationFilter [http-nio-8080-exec-1] 授权头部字段：Bearer eyJ0eXAiOiJKV1QiLCJhbGciOiJIUzI1NiJ9.eyJpc3MiOiJ6emwiLCJuYW1lIjoi5ZWK5ZWK5ZWK5ZWKIiwiZXhwIjoxNjk1Mjk1MTQ0LCJpYXQiOjE2OTUyMDg3NDR9.niAvD-YFziMjkRKkkThGxlmO8EKBiAiW6LF1HFfcIJs
2023-09-20 20:04:57,195 INFO c.z.c.JwtAuthenticationFilter [http-nio-8080-exec-1] 提取的令牌：eyJ0eXAiOiJKV1QiLCJhbGciOiJIUzI1NiJ9.eyJpc3MiOiJ6emwiLCJuYW1lIjoi5ZWK5ZWK5ZWK5ZWKIiwiZXhwIjoxNjk1Mjk1MTQ0LCJpYXQiOjE2OTUyMDg3NDR9.niAvD-YFziMjkRKkkThGxlmO8EKBiAiW6LF1HFfcIJs
2023-09-20 20:04:57,195 INFO c.z.u.JwtTokenUtil [http-nio-8080-exec-1] 正在验证JWT令牌...
2023-09-20 20:04:57,195 INFO c.z.u.JwtTokenUtil [http-nio-8080-exec-1] JWT令牌验证成功。
2023-09-20 20:04:57,196 INFO c.z.c.ImageController [http-nio-8080-exec-1] 接收到图片IMG_20230707_144804.jpg
2023-09-20 20:04:57,196 INFO c.z.s.ImageService [http-nio-8080-exec-1] 开始保存图像: IMG_20230707_144804.jpg
2023-09-20 20:04:57,197 INFO c.z.s.ImageService [http-nio-8080-exec-2] 已成功保存图像: IMG_20230707_151854.jpg, 新文件名: 20230920200457158.jpg, 文件路径: E:\14502\Desktop\lovelogvue\lovelog\public\Image\20230920200457158.jpg
2023-09-20 20:04:57,197 INFO c.z.c.ImageController [http-nio-8080-exec-2] 保存图片IMG_20230707_151854.jpg成功
2023-09-20 20:04:57,199 INFO c.z.s.ImageService [http-nio-8080-exec-8] 已成功保存图像: IMG_20230707_141315 - 副本.jpg, 新文件名: 20230920200457174.jpg, 文件路径: E:\14502\Desktop\lovelogvue\lovelog\public\Image\20230920200457174.jpg
2023-09-20 20:04:57,199 INFO c.z.s.ImageService [http-nio-8080-exec-6] 已成功保存图像: IMG_20230707_141312 - 副本.jpg, 新文件名: 20230920200457169.jpg, 文件路径: E:\14502\Desktop\lovelogvue\lovelog\public\Image\20230920200457169.jpg
2023-09-20 20:04:57,199 INFO c.z.c.ImageController [http-nio-8080-exec-8] 保存图片IMG_20230707_141315 - 副本.jpg成功
2023-09-20 20:04:57,199 INFO c.z.c.ImageController [http-nio-8080-exec-6] 保存图片IMG_20230707_141312 - 副本.jpg成功
2023-09-20 20:04:57,211 INFO c.z.s.ImageService [http-nio-8080-exec-1] 已成功保存图像: IMG_20230707_144804.jpg, 新文件名: 20230920200457196.jpg, 文件路径: E:\14502\Desktop\lovelogvue\lovelog\public\Image\20230920200457196.jpg
2023-09-20 20:04:57,211 INFO c.z.c.ImageController [http-nio-8080-exec-1] 保存图片IMG_20230707_144804.jpg成功
2023-09-20 20:04:57,227 INFO c.z.c.JwtAuthenticationFilter [http-nio-8080-exec-7] 授权头部字段：Bearer eyJ0eXAiOiJKV1QiLCJhbGciOiJIUzI1NiJ9.eyJpc3MiOiJ6emwiLCJuYW1lIjoi5ZWK5ZWK5ZWK5ZWKIiwiZXhwIjoxNjk1Mjk1MTQ0LCJpYXQiOjE2OTUyMDg3NDR9.niAvD-YFziMjkRKkkThGxlmO8EKBiAiW6LF1HFfcIJs
2023-09-20 20:04:57,227 INFO c.z.c.JwtAuthenticationFilter [http-nio-8080-exec-7] 提取的令牌：eyJ0eXAiOiJKV1QiLCJhbGciOiJIUzI1NiJ9.eyJpc3MiOiJ6emwiLCJuYW1lIjoi5ZWK5ZWK5ZWK5ZWKIiwiZXhwIjoxNjk1Mjk1MTQ0LCJpYXQiOjE2OTUyMDg3NDR9.niAvD-YFziMjkRKkkThGxlmO8EKBiAiW6LF1HFfcIJs
2023-09-20 20:04:57,227 INFO c.z.u.JwtTokenUtil [http-nio-8080-exec-7] 正在验证JWT令牌...
2023-09-20 20:04:57,228 INFO c.z.u.JwtTokenUtil [http-nio-8080-exec-7] JWT令牌验证成功。
2023-09-20 20:04:57,228 INFO c.z.c.ImageController [http-nio-8080-exec-7] 接收到图片IMG_20230707_151609.jpg
2023-09-20 20:04:57,228 INFO c.z.s.ImageService [http-nio-8080-exec-7] 开始保存图像: IMG_20230707_151609.jpg
2023-09-20 20:04:57,236 INFO c.z.s.ImageService [http-nio-8080-exec-7] 已成功保存图像: IMG_20230707_151609.jpg, 新文件名: 20230920200457228.jpg, 文件路径: E:\14502\Desktop\lovelogvue\lovelog\public\Image\20230920200457228.jpg
2023-09-20 20:04:57,236 INFO c.z.c.ImageController [http-nio-8080-exec-7] 保存图片IMG_20230707_151609.jpg成功
2023-09-20 20:05:07,654 INFO c.z.c.JwtAuthenticationFilter [http-nio-8080-exec-3] 授权头部字段：Bearer eyJ0eXAiOiJKV1QiLCJhbGciOiJIUzI1NiJ9.eyJpc3MiOiJ6emwiLCJuYW1lIjoi5ZWK5ZWK5ZWK5ZWKIiwiZXhwIjoxNjk1Mjk1MTQ0LCJpYXQiOjE2OTUyMDg3NDR9.niAvD-YFziMjkRKkkThGxlmO8EKBiAiW6LF1HFfcIJs
2023-09-20 20:05:07,654 INFO c.z.c.JwtAuthenticationFilter [http-nio-8080-exec-3] 提取的令牌：eyJ0eXAiOiJKV1QiLCJhbGciOiJIUzI1NiJ9.eyJpc3MiOiJ6emwiLCJuYW1lIjoi5ZWK5ZWK5ZWK5ZWKIiwiZXhwIjoxNjk1Mjk1MTQ0LCJpYXQiOjE2OTUyMDg3NDR9.niAvD-YFziMjkRKkkThGxlmO8EKBiAiW6LF1HFfcIJs
2023-09-20 20:05:07,654 INFO c.z.u.JwtTokenUtil [http-nio-8080-exec-3] 正在验证JWT令牌...
2023-09-20 20:05:07,655 INFO c.z.u.JwtTokenUtil [http-nio-8080-exec-3] JWT令牌验证成功。
2023-09-20 20:05:28,886 INFO c.z.c.JwtAuthenticationFilter [http-nio-8080-exec-10] 授权头部字段：Bearer eyJ0eXAiOiJKV1QiLCJhbGciOiJIUzI1NiJ9.eyJpc3MiOiJ6emwiLCJuYW1lIjoi5ZWK5ZWK5ZWK5ZWKIiwiZXhwIjoxNjk1Mjk1MTQ0LCJpYXQiOjE2OTUyMDg3NDR9.niAvD-YFziMjkRKkkThGxlmO8EKBiAiW6LF1HFfcIJs
2023-09-20 20:05:28,886 INFO c.z.c.JwtAuthenticationFilter [http-nio-8080-exec-10] 提取的令牌：eyJ0eXAiOiJKV1QiLCJhbGciOiJIUzI1NiJ9.eyJpc3MiOiJ6emwiLCJuYW1lIjoi5ZWK5ZWK5ZWK5ZWKIiwiZXhwIjoxNjk1Mjk1MTQ0LCJpYXQiOjE2OTUyMDg3NDR9.niAvD-YFziMjkRKkkThGxlmO8EKBiAiW6LF1HFfcIJs
2023-09-20 20:05:28,886 INFO c.z.u.JwtTokenUtil [http-nio-8080-exec-10] 正在验证JWT令牌...
2023-09-20 20:05:28,887 INFO c.z.u.JwtTokenUtil [http-nio-8080-exec-10] JWT令牌验证成功。
2023-09-20 20:05:28,887 INFO c.z.c.ImageController [http-nio-8080-exec-10] 接收到图片IMG_20230708_043202.jpg
2023-09-20 20:05:28,888 INFO c.z.s.ImageService [http-nio-8080-exec-10] 开始保存图像: IMG_20230708_043202.jpg
2023-09-20 20:05:28,896 INFO c.z.s.ImageService [http-nio-8080-exec-10] 已成功保存图像: IMG_20230708_043202.jpg, 新文件名: 20230920200528888.jpg, 文件路径: E:\14502\Desktop\lovelogvue\lovelog\public\Image\20230920200528888.jpg
2023-09-20 20:05:28,896 INFO c.z.c.ImageController [http-nio-8080-exec-10] 保存图片IMG_20230708_043202.jpg成功
2023-09-20 20:05:28,903 INFO c.z.c.JwtAuthenticationFilter [http-nio-8080-exec-2] 授权头部字段：Bearer eyJ0eXAiOiJKV1QiLCJhbGciOiJIUzI1NiJ9.eyJpc3MiOiJ6emwiLCJuYW1lIjoi5ZWK5ZWK5ZWK5ZWKIiwiZXhwIjoxNjk1Mjk1MTQ0LCJpYXQiOjE2OTUyMDg3NDR9.niAvD-YFziMjkRKkkThGxlmO8EKBiAiW6LF1HFfcIJs
2023-09-20 20:05:28,903 INFO c.z.c.JwtAuthenticationFilter [http-nio-8080-exec-2] 提取的令牌：eyJ0eXAiOiJKV1QiLCJhbGciOiJIUzI1NiJ9.eyJpc3MiOiJ6emwiLCJuYW1lIjoi5ZWK5ZWK5ZWK5ZWKIiwiZXhwIjoxNjk1Mjk1MTQ0LCJpYXQiOjE2OTUyMDg3NDR9.niAvD-YFziMjkRKkkThGxlmO8EKBiAiW6LF1HFfcIJs
2023-09-20 20:05:28,903 INFO c.z.u.JwtTokenUtil [http-nio-8080-exec-2] 正在验证JWT令牌...
2023-09-20 20:05:28,903 INFO c.z.u.JwtTokenUtil [http-nio-8080-exec-2] JWT令牌验证成功。
2023-09-20 20:05:28,904 INFO c.z.c.ImageController [http-nio-8080-exec-2] 接收到图片IMG_20230708_043418.jpg
2023-09-20 20:05:28,904 INFO c.z.s.ImageService [http-nio-8080-exec-2] 开始保存图像: IMG_20230708_043418.jpg
2023-09-20 20:05:28,904 INFO c.z.c.JwtAuthenticationFilter [http-nio-8080-exec-8] 授权头部字段：Bearer eyJ0eXAiOiJKV1QiLCJhbGciOiJIUzI1NiJ9.eyJpc3MiOiJ6emwiLCJuYW1lIjoi5ZWK5ZWK5ZWK5ZWKIiwiZXhwIjoxNjk1Mjk1MTQ0LCJpYXQiOjE2OTUyMDg3NDR9.niAvD-YFziMjkRKkkThGxlmO8EKBiAiW6LF1HFfcIJs
2023-09-20 20:05:28,904 INFO c.z.c.JwtAuthenticationFilter [http-nio-8080-exec-8] 提取的令牌：eyJ0eXAiOiJKV1QiLCJhbGciOiJIUzI1NiJ9.eyJpc3MiOiJ6emwiLCJuYW1lIjoi5ZWK5ZWK5ZWK5ZWKIiwiZXhwIjoxNjk1Mjk1MTQ0LCJpYXQiOjE2OTUyMDg3NDR9.niAvD-YFziMjkRKkkThGxlmO8EKBiAiW6LF1HFfcIJs
2023-09-20 20:05:28,904 INFO c.z.u.JwtTokenUtil [http-nio-8080-exec-8] 正在验证JWT令牌...
2023-09-20 20:05:28,905 INFO c.z.u.JwtTokenUtil [http-nio-8080-exec-8] JWT令牌验证成功。
2023-09-20 20:05:28,905 INFO c.z.c.ImageController [http-nio-8080-exec-8] 接收到图片IMG_20230708_044825.jpg
2023-09-20 20:05:28,905 INFO c.z.s.ImageService [http-nio-8080-exec-8] 开始保存图像: IMG_20230708_044825.jpg
2023-09-20 20:05:28,907 INFO c.z.c.JwtAuthenticationFilter [http-nio-8080-exec-6] 授权头部字段：Bearer eyJ0eXAiOiJKV1QiLCJhbGciOiJIUzI1NiJ9.eyJpc3MiOiJ6emwiLCJuYW1lIjoi5ZWK5ZWK5ZWK5ZWKIiwiZXhwIjoxNjk1Mjk1MTQ0LCJpYXQiOjE2OTUyMDg3NDR9.niAvD-YFziMjkRKkkThGxlmO8EKBiAiW6LF1HFfcIJs
2023-09-20 20:05:28,907 INFO c.z.c.JwtAuthenticationFilter [http-nio-8080-exec-6] 提取的令牌：eyJ0eXAiOiJKV1QiLCJhbGciOiJIUzI1NiJ9.eyJpc3MiOiJ6emwiLCJuYW1lIjoi5ZWK5ZWK5ZWK5ZWKIiwiZXhwIjoxNjk1Mjk1MTQ0LCJpYXQiOjE2OTUyMDg3NDR9.niAvD-YFziMjkRKkkThGxlmO8EKBiAiW6LF1HFfcIJs
2023-09-20 20:05:28,907 INFO c.z.u.JwtTokenUtil [http-nio-8080-exec-6] 正在验证JWT令牌...
2023-09-20 20:05:28,908 INFO c.z.u.JwtTokenUtil [http-nio-8080-exec-6] JWT令牌验证成功。
2023-09-20 20:05:28,909 INFO c.z.c.ImageController [http-nio-8080-exec-6] 接收到图片IMG_20230708_044929.jpg
2023-09-20 20:05:28,910 INFO c.z.s.ImageService [http-nio-8080-exec-6] 开始保存图像: IMG_20230708_044929.jpg
2023-09-20 20:05:28,914 INFO c.z.s.ImageService [http-nio-8080-exec-2] 已成功保存图像: IMG_20230708_043418.jpg, 新文件名: 20230920200528904.jpg, 文件路径: E:\14502\Desktop\lovelogvue\lovelog\public\Image\20230920200528904.jpg
2023-09-20 20:05:28,914 INFO c.z.c.ImageController [http-nio-8080-exec-2] 保存图片IMG_20230708_043418.jpg成功
2023-09-20 20:05:28,915 INFO c.z.c.JwtAuthenticationFilter [http-nio-8080-exec-4] 授权头部字段：Bearer eyJ0eXAiOiJKV1QiLCJhbGciOiJIUzI1NiJ9.eyJpc3MiOiJ6emwiLCJuYW1lIjoi5ZWK5ZWK5ZWK5ZWKIiwiZXhwIjoxNjk1Mjk1MTQ0LCJpYXQiOjE2OTUyMDg3NDR9.niAvD-YFziMjkRKkkThGxlmO8EKBiAiW6LF1HFfcIJs
2023-09-20 20:05:28,915 INFO c.z.s.ImageService [http-nio-8080-exec-8] 已成功保存图像: IMG_20230708_044825.jpg, 新文件名: 20230920200528905.jpg, 文件路径: E:\14502\Desktop\lovelogvue\lovelog\public\Image\20230920200528905.jpg
2023-09-20 20:05:28,915 INFO c.z.c.JwtAuthenticationFilter [http-nio-8080-exec-4] 提取的令牌：eyJ0eXAiOiJKV1QiLCJhbGciOiJIUzI1NiJ9.eyJpc3MiOiJ6emwiLCJuYW1lIjoi5ZWK5ZWK5ZWK5ZWKIiwiZXhwIjoxNjk1Mjk1MTQ0LCJpYXQiOjE2OTUyMDg3NDR9.niAvD-YFziMjkRKkkThGxlmO8EKBiAiW6LF1HFfcIJs
2023-09-20 20:05:28,915 INFO c.z.c.ImageController [http-nio-8080-exec-8] 保存图片IMG_20230708_044825.jpg成功
2023-09-20 20:05:28,915 INFO c.z.u.JwtTokenUtil [http-nio-8080-exec-4] 正在验证JWT令牌...
2023-09-20 20:05:28,915 INFO c.z.u.JwtTokenUtil [http-nio-8080-exec-4] JWT令牌验证成功。
2023-09-20 20:05:28,915 INFO c.z.c.JwtAuthenticationFilter [http-nio-8080-exec-5] 授权头部字段：Bearer eyJ0eXAiOiJKV1QiLCJhbGciOiJIUzI1NiJ9.eyJpc3MiOiJ6emwiLCJuYW1lIjoi5ZWK5ZWK5ZWK5ZWKIiwiZXhwIjoxNjk1Mjk1MTQ0LCJpYXQiOjE2OTUyMDg3NDR9.niAvD-YFziMjkRKkkThGxlmO8EKBiAiW6LF1HFfcIJs
2023-09-20 20:05:28,915 INFO c.z.c.JwtAuthenticationFilter [http-nio-8080-exec-5] 提取的令牌：eyJ0eXAiOiJKV1QiLCJhbGciOiJIUzI1NiJ9.eyJpc3MiOiJ6emwiLCJuYW1lIjoi5ZWK5ZWK5ZWK5ZWKIiwiZXhwIjoxNjk1Mjk1MTQ0LCJpYXQiOjE2OTUyMDg3NDR9.niAvD-YFziMjkRKkkThGxlmO8EKBiAiW6LF1HFfcIJs
2023-09-20 20:05:28,915 INFO c.z.u.JwtTokenUtil [http-nio-8080-exec-5] 正在验证JWT令牌...
2023-09-20 20:05:28,915 INFO c.z.c.ImageController [http-nio-8080-exec-4] 接收到图片IMG_20230708_042631.jpg
2023-09-20 20:05:28,916 INFO c.z.s.ImageService [http-nio-8080-exec-6] 已成功保存图像: IMG_20230708_044929.jpg, 新文件名: 20230920200528910.jpg, 文件路径: E:\14502\Desktop\lovelogvue\lovelog\public\Image\20230920200528910.jpg
2023-09-20 20:05:28,916 INFO c.z.c.ImageController [http-nio-8080-exec-6] 保存图片IMG_20230708_044929.jpg成功
2023-09-20 20:05:28,916 INFO c.z.u.JwtTokenUtil [http-nio-8080-exec-5] JWT令牌验证成功。
2023-09-20 20:05:28,916 INFO c.z.s.ImageService [http-nio-8080-exec-4] 开始保存图像: IMG_20230708_042631.jpg
2023-09-20 20:05:28,916 INFO c.z.c.ImageController [http-nio-8080-exec-5] 接收到图片IMG_20230707_174012.jpg
2023-09-20 20:05:28,916 INFO c.z.s.ImageService [http-nio-8080-exec-5] 开始保存图像: IMG_20230707_174012.jpg
2023-09-20 20:05:28,920 INFO c.z.c.JwtAuthenticationFilter [http-nio-8080-exec-9] 授权头部字段：Bearer eyJ0eXAiOiJKV1QiLCJhbGciOiJIUzI1NiJ9.eyJpc3MiOiJ6emwiLCJuYW1lIjoi5ZWK5ZWK5ZWK5ZWKIiwiZXhwIjoxNjk1Mjk1MTQ0LCJpYXQiOjE2OTUyMDg3NDR9.niAvD-YFziMjkRKkkThGxlmO8EKBiAiW6LF1HFfcIJs
2023-09-20 20:05:28,920 INFO c.z.c.JwtAuthenticationFilter [http-nio-8080-exec-9] 提取的令牌：eyJ0eXAiOiJKV1QiLCJhbGciOiJIUzI1NiJ9.eyJpc3MiOiJ6emwiLCJuYW1lIjoi5ZWK5ZWK5ZWK5ZWKIiwiZXhwIjoxNjk1Mjk1MTQ0LCJpYXQiOjE2OTUyMDg3NDR9.niAvD-YFziMjkRKkkThGxlmO8EKBiAiW6LF1HFfcIJs
2023-09-20 20:05:28,920 INFO c.z.u.JwtTokenUtil [http-nio-8080-exec-9] 正在验证JWT令牌...
2023-09-20 20:05:28,920 INFO c.z.u.JwtTokenUtil [http-nio-8080-exec-9] JWT令牌验证成功。
2023-09-20 20:05:28,920 INFO c.z.c.ImageController [http-nio-8080-exec-9] 接收到图片IMG_20230707_173748.jpg
2023-09-20 20:05:28,921 INFO c.z.s.ImageService [http-nio-8080-exec-9] 开始保存图像: IMG_20230707_173748.jpg
2023-09-20 20:05:28,923 INFO c.z.s.ImageService [http-nio-8080-exec-4] 已成功保存图像: IMG_20230708_042631.jpg, 新文件名: 20230920200528916.jpg, 文件路径: E:\14502\Desktop\lovelogvue\lovelog\public\Image\20230920200528916.jpg
2023-09-20 20:05:28,923 INFO c.z.c.ImageController [http-nio-8080-exec-4] 保存图片IMG_20230708_042631.jpg成功
2023-09-20 20:05:28,929 INFO c.z.s.ImageService [http-nio-8080-exec-9] 已成功保存图像: IMG_20230707_173748.jpg, 新文件名: 20230920200528921.jpg, 文件路径: E:\14502\Desktop\lovelogvue\lovelog\public\Image\20230920200528921.jpg
2023-09-20 20:05:28,929 INFO c.z.c.ImageController [http-nio-8080-exec-9] 保存图片IMG_20230707_173748.jpg成功
2023-09-20 20:05:28,940 INFO c.z.s.ImageService [http-nio-8080-exec-5] 已成功保存图像: IMG_20230707_174012.jpg, 新文件名: 20230920200528916.jpg, 文件路径: E:\14502\Desktop\lovelogvue\lovelog\public\Image\20230920200528916.jpg
2023-09-20 20:05:28,940 INFO c.z.c.ImageController [http-nio-8080-exec-5] 保存图片IMG_20230707_174012.jpg成功
2023-09-20 20:05:31,079 INFO c.z.c.JwtAuthenticationFilter [http-nio-8080-exec-1] 授权头部字段：Bearer eyJ0eXAiOiJKV1QiLCJhbGciOiJIUzI1NiJ9.eyJpc3MiOiJ6emwiLCJuYW1lIjoi5ZWK5ZWK5ZWK5ZWKIiwiZXhwIjoxNjk1Mjk1MTQ0LCJpYXQiOjE2OTUyMDg3NDR9.niAvD-YFziMjkRKkkThGxlmO8EKBiAiW6LF1HFfcIJs
2023-09-20 20:05:31,079 INFO c.z.c.JwtAuthenticationFilter [http-nio-8080-exec-1] 提取的令牌：eyJ0eXAiOiJKV1QiLCJhbGciOiJIUzI1NiJ9.eyJpc3MiOiJ6emwiLCJuYW1lIjoi5ZWK5ZWK5ZWK5ZWKIiwiZXhwIjoxNjk1Mjk1MTQ0LCJpYXQiOjE2OTUyMDg3NDR9.niAvD-YFziMjkRKkkThGxlmO8EKBiAiW6LF1HFfcIJs
2023-09-20 20:05:31,079 INFO c.z.u.JwtTokenUtil [http-nio-8080-exec-1] 正在验证JWT令牌...
2023-09-20 20:05:31,080 INFO c.z.u.JwtTokenUtil [http-nio-8080-exec-1] JWT令牌验证成功。
2023-09-20 20:07:17,769 INFO c.z.c.JwtAuthenticationFilter [http-nio-8080-exec-4] 授权头部字段：Bearer eyJ0eXAiOiJKV1QiLCJhbGciOiJIUzI1NiJ9.eyJpc3MiOiJ6emwiLCJuYW1lIjoi5ZWK5ZWK5ZWK5ZWKIiwiZXhwIjoxNjk1Mjk1MTQ0LCJpYXQiOjE2OTUyMDg3NDR9.niAvD-YFziMjkRKkkThGxlmO8EKBiAiW6LF1HFfcIJs
2023-09-20 20:07:17,769 INFO c.z.c.JwtAuthenticationFilter [http-nio-8080-exec-4] 提取的令牌：eyJ0eXAiOiJKV1QiLCJhbGciOiJIUzI1NiJ9.eyJpc3MiOiJ6emwiLCJuYW1lIjoi5ZWK5ZWK5ZWK5ZWKIiwiZXhwIjoxNjk1Mjk1MTQ0LCJpYXQiOjE2OTUyMDg3NDR9.niAvD-YFziMjkRKkkThGxlmO8EKBiAiW6LF1HFfcIJs
2023-09-20 20:07:17,770 INFO c.z.u.JwtTokenUtil [http-nio-8080-exec-4] 正在验证JWT令牌...
2023-09-20 20:07:17,770 INFO c.z.u.JwtTokenUtil [http-nio-8080-exec-4] JWT令牌验证成功。
2023-09-20 20:07:23,077 INFO c.z.c.JwtAuthenticationFilter [http-nio-8080-exec-9] 授权头部字段：Bearer eyJ0eXAiOiJKV1QiLCJhbGciOiJIUzI1NiJ9.eyJpc3MiOiJ6emwiLCJuYW1lIjoi5ZWK5ZWK5ZWK5ZWKIiwiZXhwIjoxNjk1Mjk1MTQ0LCJpYXQiOjE2OTUyMDg3NDR9.niAvD-YFziMjkRKkkThGxlmO8EKBiAiW6LF1HFfcIJs
2023-09-20 20:07:23,077 INFO c.z.c.JwtAuthenticationFilter [http-nio-8080-exec-9] 提取的令牌：eyJ0eXAiOiJKV1QiLCJhbGciOiJIUzI1NiJ9.eyJpc3MiOiJ6emwiLCJuYW1lIjoi5ZWK5ZWK5ZWK5ZWKIiwiZXhwIjoxNjk1Mjk1MTQ0LCJpYXQiOjE2OTUyMDg3NDR9.niAvD-YFziMjkRKkkThGxlmO8EKBiAiW6LF1HFfcIJs
2023-09-20 20:07:23,077 INFO c.z.u.JwtTokenUtil [http-nio-8080-exec-9] 正在验证JWT令牌...
2023-09-20 20:07:23,079 INFO c.z.u.JwtTokenUtil [http-nio-8080-exec-9] JWT令牌验证成功。
2023-09-20 20:09:16,644 INFO c.z.c.JwtAuthenticationFilter [http-nio-8080-exec-1] 授权头部字段：Bearer eyJ0eXAiOiJKV1QiLCJhbGciOiJIUzI1NiJ9.eyJpc3MiOiJ6emwiLCJuYW1lIjoi5ZWK5ZWK5ZWK5ZWKIiwiZXhwIjoxNjk1Mjk1MTQ0LCJpYXQiOjE2OTUyMDg3NDR9.niAvD-YFziMjkRKkkThGxlmO8EKBiAiW6LF1HFfcIJs
2023-09-20 20:09:16,644 INFO c.z.c.JwtAuthenticationFilter [http-nio-8080-exec-1] 提取的令牌：eyJ0eXAiOiJKV1QiLCJhbGciOiJIUzI1NiJ9.eyJpc3MiOiJ6emwiLCJuYW1lIjoi5ZWK5ZWK5ZWK5ZWKIiwiZXhwIjoxNjk1Mjk1MTQ0LCJpYXQiOjE2OTUyMDg3NDR9.niAvD-YFziMjkRKkkThGxlmO8EKBiAiW6LF1HFfcIJs
2023-09-20 20:09:16,644 INFO c.z.u.JwtTokenUtil [http-nio-8080-exec-1] 正在验证JWT令牌...
2023-09-20 20:09:16,644 INFO c.z.u.JwtTokenUtil [http-nio-8080-exec-1] JWT令牌验证成功。
2023-09-20 20:10:08,526 INFO c.z.c.JwtAuthenticationFilter [http-nio-8080-exec-10] 授权头部字段：Bearer eyJ0eXAiOiJKV1QiLCJhbGciOiJIUzI1NiJ9.eyJpc3MiOiJ6emwiLCJuYW1lIjoi5ZWK5ZWK5ZWK5ZWKIiwiZXhwIjoxNjk1Mjk1MTQ0LCJpYXQiOjE2OTUyMDg3NDR9.niAvD-YFziMjkRKkkThGxlmO8EKBiAiW6LF1HFfcIJs
2023-09-20 20:10:08,526 INFO c.z.c.JwtAuthenticationFilter [http-nio-8080-exec-10] 提取的令牌：eyJ0eXAiOiJKV1QiLCJhbGciOiJIUzI1NiJ9.eyJpc3MiOiJ6emwiLCJuYW1lIjoi5ZWK5ZWK5ZWK5ZWKIiwiZXhwIjoxNjk1Mjk1MTQ0LCJpYXQiOjE2OTUyMDg3NDR9.niAvD-YFziMjkRKkkThGxlmO8EKBiAiW6LF1HFfcIJs
2023-09-20 20:10:08,526 INFO c.z.u.JwtTokenUtil [http-nio-8080-exec-10] 正在验证JWT令牌...
2023-09-20 20:10:08,527 INFO c.z.u.JwtTokenUtil [http-nio-8080-exec-10] JWT令牌验证成功。
2023-09-20 20:10:50,390 INFO c.z.c.JwtAuthenticationFilter [http-nio-8080-exec-7] 授权头部字段：Bearer eyJ0eXAiOiJKV1QiLCJhbGciOiJIUzI1NiJ9.eyJpc3MiOiJ6emwiLCJuYW1lIjoi5ZWK5ZWK5ZWK5ZWKIiwiZXhwIjoxNjk1Mjk1MTQ0LCJpYXQiOjE2OTUyMDg3NDR9.niAvD-YFziMjkRKkkThGxlmO8EKBiAiW6LF1HFfcIJs
2023-09-20 20:10:50,391 INFO c.z.c.JwtAuthenticationFilter [http-nio-8080-exec-7] 提取的令牌：eyJ0eXAiOiJKV1QiLCJhbGciOiJIUzI1NiJ9.eyJpc3MiOiJ6emwiLCJuYW1lIjoi5ZWK5ZWK5ZWK5ZWKIiwiZXhwIjoxNjk1Mjk1MTQ0LCJpYXQiOjE2OTUyMDg3NDR9.niAvD-YFziMjkRKkkThGxlmO8EKBiAiW6LF1HFfcIJs
2023-09-20 20:10:50,391 INFO c.z.u.JwtTokenUtil [http-nio-8080-exec-7] 正在验证JWT令牌...
2023-09-20 20:10:50,391 INFO c.z.u.JwtTokenUtil [http-nio-8080-exec-7] JWT令牌验证成功。
2023-09-20 20:13:27,906 INFO c.z.c.JwtAuthenticationFilter [http-nio-8080-exec-3] 授权头部字段：Bearer eyJ0eXAiOiJKV1QiLCJhbGciOiJIUzI1NiJ9.eyJpc3MiOiJ6emwiLCJuYW1lIjoi5ZWK5ZWK5ZWK5ZWKIiwiZXhwIjoxNjk1Mjk1MTQ0LCJpYXQiOjE2OTUyMDg3NDR9.niAvD-YFziMjkRKkkThGxlmO8EKBiAiW6LF1HFfcIJs
2023-09-20 20:13:27,906 INFO c.z.c.JwtAuthenticationFilter [http-nio-8080-exec-3] 提取的令牌：eyJ0eXAiOiJKV1QiLCJhbGciOiJIUzI1NiJ9.eyJpc3MiOiJ6emwiLCJuYW1lIjoi5ZWK5ZWK5ZWK5ZWKIiwiZXhwIjoxNjk1Mjk1MTQ0LCJpYXQiOjE2OTUyMDg3NDR9.niAvD-YFziMjkRKkkThGxlmO8EKBiAiW6LF1HFfcIJs
2023-09-20 20:13:27,906 INFO c.z.u.JwtTokenUtil [http-nio-8080-exec-3] 正在验证JWT令牌...
2023-09-20 20:13:27,906 INFO c.z.u.JwtTokenUtil [http-nio-8080-exec-3] JWT令牌验证成功。
2023-09-20 20:15:41,688 INFO c.z.c.JwtAuthenticationFilter [http-nio-8080-exec-6] 授权头部字段：Bearer eyJ0eXAiOiJKV1QiLCJhbGciOiJIUzI1NiJ9.eyJpc3MiOiJ6emwiLCJuYW1lIjoi5ZWK5ZWK5ZWK5ZWKIiwiZXhwIjoxNjk1Mjk1MTQ0LCJpYXQiOjE2OTUyMDg3NDR9.niAvD-YFziMjkRKkkThGxlmO8EKBiAiW6LF1HFfcIJs
2023-09-20 20:15:41,688 INFO c.z.c.JwtAuthenticationFilter [http-nio-8080-exec-6] 提取的令牌：eyJ0eXAiOiJKV1QiLCJhbGciOiJIUzI1NiJ9.eyJpc3MiOiJ6emwiLCJuYW1lIjoi5ZWK5ZWK5ZWK5ZWKIiwiZXhwIjoxNjk1Mjk1MTQ0LCJpYXQiOjE2OTUyMDg3NDR9.niAvD-YFziMjkRKkkThGxlmO8EKBiAiW6LF1HFfcIJs
2023-09-20 20:15:41,688 INFO c.z.u.JwtTokenUtil [http-nio-8080-exec-6] 正在验证JWT令牌...
2023-09-20 20:15:41,688 INFO c.z.u.JwtTokenUtil [http-nio-8080-exec-6] JWT令牌验证成功。
2023-09-20 20:15:43,142 INFO c.z.c.JwtAuthenticationFilter [http-nio-8080-exec-4] 授权头部字段：Bearer eyJ0eXAiOiJKV1QiLCJhbGciOiJIUzI1NiJ9.eyJpc3MiOiJ6emwiLCJuYW1lIjoi5ZWK5ZWK5ZWK5ZWKIiwiZXhwIjoxNjk1Mjk1MTQ0LCJpYXQiOjE2OTUyMDg3NDR9.niAvD-YFziMjkRKkkThGxlmO8EKBiAiW6LF1HFfcIJs
2023-09-20 20:15:43,142 INFO c.z.c.JwtAuthenticationFilter [http-nio-8080-exec-4] 提取的令牌：eyJ0eXAiOiJKV1QiLCJhbGciOiJIUzI1NiJ9.eyJpc3MiOiJ6emwiLCJuYW1lIjoi5ZWK5ZWK5ZWK5ZWKIiwiZXhwIjoxNjk1Mjk1MTQ0LCJpYXQiOjE2OTUyMDg3NDR9.niAvD-YFziMjkRKkkThGxlmO8EKBiAiW6LF1HFfcIJs
2023-09-20 20:15:43,142 INFO c.z.u.JwtTokenUtil [http-nio-8080-exec-4] 正在验证JWT令牌...
2023-09-20 20:15:43,143 INFO c.z.u.JwtTokenUtil [http-nio-8080-exec-4] JWT令牌验证成功。
2023-09-20 20:16:42,968 INFO c.z.c.JwtAuthenticationFilter [http-nio-8080-exec-9] 授权头部字段：Bearer eyJ0eXAiOiJKV1QiLCJhbGciOiJIUzI1NiJ9.eyJpc3MiOiJ6emwiLCJuYW1lIjoi5ZWK5ZWK5ZWK5ZWKIiwiZXhwIjoxNjk1Mjk1MTQ0LCJpYXQiOjE2OTUyMDg3NDR9.niAvD-YFziMjkRKkkThGxlmO8EKBiAiW6LF1HFfcIJs
2023-09-20 20:16:42,968 INFO c.z.c.JwtAuthenticationFilter [http-nio-8080-exec-9] 提取的令牌：eyJ0eXAiOiJKV1QiLCJhbGciOiJIUzI1NiJ9.eyJpc3MiOiJ6emwiLCJuYW1lIjoi5ZWK5ZWK5ZWK5ZWKIiwiZXhwIjoxNjk1Mjk1MTQ0LCJpYXQiOjE2OTUyMDg3NDR9.niAvD-YFziMjkRKkkThGxlmO8EKBiAiW6LF1HFfcIJs
2023-09-20 20:16:42,968 INFO c.z.u.JwtTokenUtil [http-nio-8080-exec-9] 正在验证JWT令牌...
2023-09-20 20:16:42,969 INFO c.z.u.JwtTokenUtil [http-nio-8080-exec-9] JWT令牌验证成功。
2023-09-20 20:19:29,765 INFO c.z.c.JwtAuthenticationFilter [http-nio-8080-exec-1] 授权头部字段：Bearer eyJ0eXAiOiJKV1QiLCJhbGciOiJIUzI1NiJ9.eyJpc3MiOiJ6emwiLCJuYW1lIjoi5ZWK5ZWK5ZWK5ZWKIiwiZXhwIjoxNjk1Mjk1MTQ0LCJpYXQiOjE2OTUyMDg3NDR9.niAvD-YFziMjkRKkkThGxlmO8EKBiAiW6LF1HFfcIJs
2023-09-20 20:19:29,765 INFO c.z.c.JwtAuthenticationFilter [http-nio-8080-exec-1] 提取的令牌：eyJ0eXAiOiJKV1QiLCJhbGciOiJIUzI1NiJ9.eyJpc3MiOiJ6emwiLCJuYW1lIjoi5ZWK5ZWK5ZWK5ZWKIiwiZXhwIjoxNjk1Mjk1MTQ0LCJpYXQiOjE2OTUyMDg3NDR9.niAvD-YFziMjkRKkkThGxlmO8EKBiAiW6LF1HFfcIJs
2023-09-20 20:19:29,765 INFO c.z.u.JwtTokenUtil [http-nio-8080-exec-1] 正在验证JWT令牌...
2023-09-20 20:19:29,765 INFO c.z.u.JwtTokenUtil [http-nio-8080-exec-1] JWT令牌验证成功。
2023-09-20 20:20:06,809 INFO c.z.c.JwtAuthenticationFilter [http-nio-8080-exec-10] 授权头部字段：Bearer eyJ0eXAiOiJKV1QiLCJhbGciOiJIUzI1NiJ9.eyJpc3MiOiJ6emwiLCJuYW1lIjoi5ZWK5ZWK5ZWK5ZWKIiwiZXhwIjoxNjk1Mjk1MTQ0LCJpYXQiOjE2OTUyMDg3NDR9.niAvD-YFziMjkRKkkThGxlmO8EKBiAiW6LF1HFfcIJs
2023-09-20 20:20:06,809 INFO c.z.c.JwtAuthenticationFilter [http-nio-8080-exec-10] 提取的令牌：eyJ0eXAiOiJKV1QiLCJhbGciOiJIUzI1NiJ9.eyJpc3MiOiJ6emwiLCJuYW1lIjoi5ZWK5ZWK5ZWK5ZWKIiwiZXhwIjoxNjk1Mjk1MTQ0LCJpYXQiOjE2OTUyMDg3NDR9.niAvD-YFziMjkRKkkThGxlmO8EKBiAiW6LF1HFfcIJs
2023-09-20 20:20:06,809 INFO c.z.u.JwtTokenUtil [http-nio-8080-exec-10] 正在验证JWT令牌...
2023-09-20 20:20:06,809 INFO c.z.u.JwtTokenUtil [http-nio-8080-exec-10] JWT令牌验证成功。
2023-09-20 20:20:52,464 INFO c.z.c.JwtAuthenticationFilter [http-nio-8080-exec-7] 授权头部字段：Bearer eyJ0eXAiOiJKV1QiLCJhbGciOiJIUzI1NiJ9.eyJpc3MiOiJ6emwiLCJuYW1lIjoi5ZWK5ZWK5ZWK5ZWKIiwiZXhwIjoxNjk1Mjk1MTQ0LCJpYXQiOjE2OTUyMDg3NDR9.niAvD-YFziMjkRKkkThGxlmO8EKBiAiW6LF1HFfcIJs
2023-09-20 20:20:52,464 INFO c.z.c.JwtAuthenticationFilter [http-nio-8080-exec-7] 提取的令牌：eyJ0eXAiOiJKV1QiLCJhbGciOiJIUzI1NiJ9.eyJpc3MiOiJ6emwiLCJuYW1lIjoi5ZWK5ZWK5ZWK5ZWKIiwiZXhwIjoxNjk1Mjk1MTQ0LCJpYXQiOjE2OTUyMDg3NDR9.niAvD-YFziMjkRKkkThGxlmO8EKBiAiW6LF1HFfcIJs
2023-09-20 20:20:52,464 INFO c.z.u.JwtTokenUtil [http-nio-8080-exec-7] 正在验证JWT令牌...
2023-09-20 20:20:52,465 INFO c.z.u.JwtTokenUtil [http-nio-8080-exec-7] JWT令牌验证成功。
2023-09-20 20:20:52,812 INFO c.z.c.JwtAuthenticationFilter [http-nio-8080-exec-2] 授权头部字段：Bearer eyJ0eXAiOiJKV1QiLCJhbGciOiJIUzI1NiJ9.eyJpc3MiOiJ6emwiLCJuYW1lIjoi5ZWK5ZWK5ZWK5ZWKIiwiZXhwIjoxNjk1Mjk1MTQ0LCJpYXQiOjE2OTUyMDg3NDR9.niAvD-YFziMjkRKkkThGxlmO8EKBiAiW6LF1HFfcIJs
2023-09-20 20:20:52,812 INFO c.z.c.JwtAuthenticationFilter [http-nio-8080-exec-2] 提取的令牌：eyJ0eXAiOiJKV1QiLCJhbGciOiJIUzI1NiJ9.eyJpc3MiOiJ6emwiLCJuYW1lIjoi5ZWK5ZWK5ZWK5ZWKIiwiZXhwIjoxNjk1Mjk1MTQ0LCJpYXQiOjE2OTUyMDg3NDR9.niAvD-YFziMjkRKkkThGxlmO8EKBiAiW6LF1HFfcIJs
2023-09-20 20:20:52,812 INFO c.z.u.JwtTokenUtil [http-nio-8080-exec-2] 正在验证JWT令牌...
2023-09-20 20:20:52,813 INFO c.z.u.JwtTokenUtil [http-nio-8080-exec-2] JWT令牌验证成功。
2023-09-20 20:21:26,937 INFO c.z.c.JwtAuthenticationFilter [http-nio-8080-exec-3] 授权头部字段：Bearer eyJ0eXAiOiJKV1QiLCJhbGciOiJIUzI1NiJ9.eyJpc3MiOiJ6emwiLCJuYW1lIjoi5ZWK5ZWK5ZWK5ZWKIiwiZXhwIjoxNjk1Mjk1MTQ0LCJpYXQiOjE2OTUyMDg3NDR9.niAvD-YFziMjkRKkkThGxlmO8EKBiAiW6LF1HFfcIJs
2023-09-20 20:21:26,937 INFO c.z.c.JwtAuthenticationFilter [http-nio-8080-exec-3] 提取的令牌：eyJ0eXAiOiJKV1QiLCJhbGciOiJIUzI1NiJ9.eyJpc3MiOiJ6emwiLCJuYW1lIjoi5ZWK5ZWK5ZWK5ZWKIiwiZXhwIjoxNjk1Mjk1MTQ0LCJpYXQiOjE2OTUyMDg3NDR9.niAvD-YFziMjkRKkkThGxlmO8EKBiAiW6LF1HFfcIJs
2023-09-20 20:21:26,937 INFO c.z.u.JwtTokenUtil [http-nio-8080-exec-3] 正在验证JWT令牌...
2023-09-20 20:21:26,937 INFO c.z.u.JwtTokenUtil [http-nio-8080-exec-3] JWT令牌验证成功。
2023-09-20 20:23:00,240 INFO c.z.c.JwtAuthenticationFilter [http-nio-8080-exec-6] 授权头部字段：Bearer eyJ0eXAiOiJKV1QiLCJhbGciOiJIUzI1NiJ9.eyJpc3MiOiJ6emwiLCJuYW1lIjoi5ZWK5ZWK5ZWK5ZWKIiwiZXhwIjoxNjk1Mjk1MTQ0LCJpYXQiOjE2OTUyMDg3NDR9.niAvD-YFziMjkRKkkThGxlmO8EKBiAiW6LF1HFfcIJs
2023-09-20 20:23:00,240 INFO c.z.c.JwtAuthenticationFilter [http-nio-8080-exec-6] 提取的令牌：eyJ0eXAiOiJKV1QiLCJhbGciOiJIUzI1NiJ9.eyJpc3MiOiJ6emwiLCJuYW1lIjoi5ZWK5ZWK5ZWK5ZWKIiwiZXhwIjoxNjk1Mjk1MTQ0LCJpYXQiOjE2OTUyMDg3NDR9.niAvD-YFziMjkRKkkThGxlmO8EKBiAiW6LF1HFfcIJs
2023-09-20 20:23:00,240 INFO c.z.u.JwtTokenUtil [http-nio-8080-exec-6] 正在验证JWT令牌...
2023-09-20 20:23:00,240 INFO c.z.u.JwtTokenUtil [http-nio-8080-exec-6] JWT令牌验证成功。
2023-09-20 20:24:28,410 INFO c.z.c.JwtAuthenticationFilter [http-nio-8080-exec-9] 授权头部字段：Bearer eyJ0eXAiOiJKV1QiLCJhbGciOiJIUzI1NiJ9.eyJpc3MiOiJ6emwiLCJuYW1lIjoi5ZWK5ZWK5ZWK5ZWKIiwiZXhwIjoxNjk1Mjk1MTQ0LCJpYXQiOjE2OTUyMDg3NDR9.niAvD-YFziMjkRKkkThGxlmO8EKBiAiW6LF1HFfcIJs
2023-09-20 20:24:28,410 INFO c.z.c.JwtAuthenticationFilter [http-nio-8080-exec-9] 提取的令牌：eyJ0eXAiOiJKV1QiLCJhbGciOiJIUzI1NiJ9.eyJpc3MiOiJ6emwiLCJuYW1lIjoi5ZWK5ZWK5ZWK5ZWKIiwiZXhwIjoxNjk1Mjk1MTQ0LCJpYXQiOjE2OTUyMDg3NDR9.niAvD-YFziMjkRKkkThGxlmO8EKBiAiW6LF1HFfcIJs
2023-09-20 20:24:28,410 INFO c.z.u.JwtTokenUtil [http-nio-8080-exec-9] 正在验证JWT令牌...
2023-09-20 20:24:28,410 INFO c.z.u.JwtTokenUtil [http-nio-8080-exec-9] JWT令牌验证成功。
2023-09-20 20:25:05,438 INFO c.z.c.JwtAuthenticationFilter [http-nio-8080-exec-5] 授权头部字段：Bearer eyJ0eXAiOiJKV1QiLCJhbGciOiJIUzI1NiJ9.eyJpc3MiOiJ6emwiLCJuYW1lIjoi5ZWK5ZWK5ZWK5ZWKIiwiZXhwIjoxNjk1Mjk1MTQ0LCJpYXQiOjE2OTUyMDg3NDR9.niAvD-YFziMjkRKkkThGxlmO8EKBiAiW6LF1HFfcIJs
2023-09-20 20:25:05,438 INFO c.z.c.JwtAuthenticationFilter [http-nio-8080-exec-5] 提取的令牌：eyJ0eXAiOiJKV1QiLCJhbGciOiJIUzI1NiJ9.eyJpc3MiOiJ6emwiLCJuYW1lIjoi5ZWK5ZWK5ZWK5ZWKIiwiZXhwIjoxNjk1Mjk1MTQ0LCJpYXQiOjE2OTUyMDg3NDR9.niAvD-YFziMjkRKkkThGxlmO8EKBiAiW6LF1HFfcIJs
2023-09-20 20:25:05,438 INFO c.z.u.JwtTokenUtil [http-nio-8080-exec-5] 正在验证JWT令牌...
2023-09-20 20:25:05,439 INFO c.z.u.JwtTokenUtil [http-nio-8080-exec-5] JWT令牌验证成功。
2023-09-20 20:27:55,008 INFO c.z.c.JwtAuthenticationFilter [http-nio-8080-exec-7] 授权头部字段：Bearer eyJ0eXAiOiJKV1QiLCJhbGciOiJIUzI1NiJ9.eyJpc3MiOiJ6emwiLCJuYW1lIjoi5ZWK5ZWK5ZWK5ZWKIiwiZXhwIjoxNjk1Mjk1MTQ0LCJpYXQiOjE2OTUyMDg3NDR9.niAvD-YFziMjkRKkkThGxlmO8EKBiAiW6LF1HFfcIJs
2023-09-20 20:27:55,008 INFO c.z.c.JwtAuthenticationFilter [http-nio-8080-exec-7] 提取的令牌：eyJ0eXAiOiJKV1QiLCJhbGciOiJIUzI1NiJ9.eyJpc3MiOiJ6emwiLCJuYW1lIjoi5ZWK5ZWK5ZWK5ZWKIiwiZXhwIjoxNjk1Mjk1MTQ0LCJpYXQiOjE2OTUyMDg3NDR9.niAvD-YFziMjkRKkkThGxlmO8EKBiAiW6LF1HFfcIJs
2023-09-20 20:27:55,008 INFO c.z.u.JwtTokenUtil [http-nio-8080-exec-7] 正在验证JWT令牌...
2023-09-20 20:27:55,008 INFO c.z.u.JwtTokenUtil [http-nio-8080-exec-7] JWT令牌验证成功。
2023-09-20 20:28:07,722 INFO c.z.c.JwtAuthenticationFilter [http-nio-8080-exec-2] 授权头部字段：Bearer eyJ0eXAiOiJKV1QiLCJhbGciOiJIUzI1NiJ9.eyJpc3MiOiJ6emwiLCJuYW1lIjoi5ZWK5ZWK5ZWK5ZWKIiwiZXhwIjoxNjk1Mjk1MTQ0LCJpYXQiOjE2OTUyMDg3NDR9.niAvD-YFziMjkRKkkThGxlmO8EKBiAiW6LF1HFfcIJs
2023-09-20 20:28:07,722 INFO c.z.c.JwtAuthenticationFilter [http-nio-8080-exec-2] 提取的令牌：eyJ0eXAiOiJKV1QiLCJhbGciOiJIUzI1NiJ9.eyJpc3MiOiJ6emwiLCJuYW1lIjoi5ZWK5ZWK5ZWK5ZWKIiwiZXhwIjoxNjk1Mjk1MTQ0LCJpYXQiOjE2OTUyMDg3NDR9.niAvD-YFziMjkRKkkThGxlmO8EKBiAiW6LF1HFfcIJs
2023-09-20 20:28:07,722 INFO c.z.u.JwtTokenUtil [http-nio-8080-exec-2] 正在验证JWT令牌...
2023-09-20 20:28:07,722 INFO c.z.u.JwtTokenUtil [http-nio-8080-exec-2] JWT令牌验证成功。
2023-09-20 20:28:07,723 INFO c.z.c.ImageController [http-nio-8080-exec-2] 接收到图片IMG_20230707_173424.jpg
2023-09-20 20:28:07,723 INFO c.z.s.ImageService [http-nio-8080-exec-2] 开始保存图像: IMG_20230707_173424.jpg
2023-09-20 20:28:07,724 INFO c.z.c.JwtAuthenticationFilter [http-nio-8080-exec-9] 授权头部字段：Bearer eyJ0eXAiOiJKV1QiLCJhbGciOiJIUzI1NiJ9.eyJpc3MiOiJ6emwiLCJuYW1lIjoi5ZWK5ZWK5ZWK5ZWKIiwiZXhwIjoxNjk1Mjk1MTQ0LCJpYXQiOjE2OTUyMDg3NDR9.niAvD-YFziMjkRKkkThGxlmO8EKBiAiW6LF1HFfcIJs
2023-09-20 20:28:07,724 INFO c.z.c.JwtAuthenticationFilter [http-nio-8080-exec-9] 提取的令牌：eyJ0eXAiOiJKV1QiLCJhbGciOiJIUzI1NiJ9.eyJpc3MiOiJ6emwiLCJuYW1lIjoi5ZWK5ZWK5ZWK5ZWKIiwiZXhwIjoxNjk1Mjk1MTQ0LCJpYXQiOjE2OTUyMDg3NDR9.niAvD-YFziMjkRKkkThGxlmO8EKBiAiW6LF1HFfcIJs
2023-09-20 20:28:07,724 INFO c.z.u.JwtTokenUtil [http-nio-8080-exec-9] 正在验证JWT令牌...
2023-09-20 20:28:07,724 INFO c.z.u.JwtTokenUtil [http-nio-8080-exec-9] JWT令牌验证成功。
2023-09-20 20:28:07,724 INFO c.z.c.ImageController [http-nio-8080-exec-9] 接收到图片IMG_20230707_173410.jpg
2023-09-20 20:28:07,725 INFO c.z.s.ImageService [http-nio-8080-exec-9] 开始保存图像: IMG_20230707_173410.jpg
2023-09-20 20:28:07,725 INFO c.z.c.JwtAuthenticationFilter [http-nio-8080-exec-4] 授权头部字段：Bearer eyJ0eXAiOiJKV1QiLCJhbGciOiJIUzI1NiJ9.eyJpc3MiOiJ6emwiLCJuYW1lIjoi5ZWK5ZWK5ZWK5ZWKIiwiZXhwIjoxNjk1Mjk1MTQ0LCJpYXQiOjE2OTUyMDg3NDR9.niAvD-YFziMjkRKkkThGxlmO8EKBiAiW6LF1HFfcIJs
2023-09-20 20:28:07,725 INFO c.z.c.JwtAuthenticationFilter [http-nio-8080-exec-4] 提取的令牌：eyJ0eXAiOiJKV1QiLCJhbGciOiJIUzI1NiJ9.eyJpc3MiOiJ6emwiLCJuYW1lIjoi5ZWK5ZWK5ZWK5ZWKIiwiZXhwIjoxNjk1Mjk1MTQ0LCJpYXQiOjE2OTUyMDg3NDR9.niAvD-YFziMjkRKkkThGxlmO8EKBiAiW6LF1HFfcIJs
2023-09-20 20:28:07,725 INFO c.z.u.JwtTokenUtil [http-nio-8080-exec-4] 正在验证JWT令牌...
2023-09-20 20:28:07,725 INFO c.z.u.JwtTokenUtil [http-nio-8080-exec-4] JWT令牌验证成功。
2023-09-20 20:28:07,725 INFO c.z.c.ImageController [http-nio-8080-exec-4] 接收到图片IMG_20230707_164026.jpg
2023-09-20 20:28:07,726 INFO c.z.c.JwtAuthenticationFilter [http-nio-8080-exec-8] 授权头部字段：Bearer eyJ0eXAiOiJKV1QiLCJhbGciOiJIUzI1NiJ9.eyJpc3MiOiJ6emwiLCJuYW1lIjoi5ZWK5ZWK5ZWK5ZWKIiwiZXhwIjoxNjk1Mjk1MTQ0LCJpYXQiOjE2OTUyMDg3NDR9.niAvD-YFziMjkRKkkThGxlmO8EKBiAiW6LF1HFfcIJs
2023-09-20 20:28:07,726 INFO c.z.s.ImageService [http-nio-8080-exec-4] 开始保存图像: IMG_20230707_164026.jpg
2023-09-20 20:28:07,726 INFO c.z.c.JwtAuthenticationFilter [http-nio-8080-exec-8] 提取的令牌：eyJ0eXAiOiJKV1QiLCJhbGciOiJIUzI1NiJ9.eyJpc3MiOiJ6emwiLCJuYW1lIjoi5ZWK5ZWK5ZWK5ZWKIiwiZXhwIjoxNjk1Mjk1MTQ0LCJpYXQiOjE2OTUyMDg3NDR9.niAvD-YFziMjkRKkkThGxlmO8EKBiAiW6LF1HFfcIJs
2023-09-20 20:28:07,726 INFO c.z.u.JwtTokenUtil [http-nio-8080-exec-8] 正在验证JWT令牌...
2023-09-20 20:28:07,726 INFO c.z.u.JwtTokenUtil [http-nio-8080-exec-8] JWT令牌验证成功。
2023-09-20 20:28:07,726 INFO c.z.c.ImageController [http-nio-8080-exec-8] 接收到图片IMG_20230707_163907.jpg
2023-09-20 20:28:07,727 INFO c.z.s.ImageService [http-nio-8080-exec-8] 开始保存图像: IMG_20230707_163907.jpg
2023-09-20 20:28:07,739 INFO c.z.s.ImageService [http-nio-8080-exec-2] 已成功保存图像: IMG_20230707_173424.jpg, 新文件名: 20230920202807723.jpg, 文件路径: E:\14502\Desktop\lovelogvue\lovelog\public\Image\20230920202807723.jpg
2023-09-20 20:28:07,739 INFO c.z.c.ImageController [http-nio-8080-exec-2] 保存图片IMG_20230707_173424.jpg成功
2023-09-20 20:28:07,741 INFO c.z.s.ImageService [http-nio-8080-exec-9] 已成功保存图像: IMG_20230707_173410.jpg, 新文件名: 20230920202807725.jpg, 文件路径: E:\14502\Desktop\lovelogvue\lovelog\public\Image\20230920202807725.jpg
2023-09-20 20:28:07,741 INFO c.z.c.ImageController [http-nio-8080-exec-9] 保存图片IMG_20230707_173410.jpg成功
2023-09-20 20:28:07,744 INFO c.z.s.ImageService [http-nio-8080-exec-4] 已成功保存图像: IMG_20230707_164026.jpg, 新文件名: 20230920202807726.jpg, 文件路径: E:\14502\Desktop\lovelogvue\lovelog\public\Image\20230920202807726.jpg
2023-09-20 20:28:07,744 INFO c.z.c.ImageController [http-nio-8080-exec-4] 保存图片IMG_20230707_164026.jpg成功
2023-09-20 20:28:07,745 INFO c.z.s.ImageService [http-nio-8080-exec-8] 已成功保存图像: IMG_20230707_163907.jpg, 新文件名: 20230920202807727.jpg, 文件路径: E:\14502\Desktop\lovelogvue\lovelog\public\Image\20230920202807727.jpg
2023-09-20 20:28:07,745 INFO c.z.c.ImageController [http-nio-8080-exec-8] 保存图片IMG_20230707_163907.jpg成功
2023-09-20 20:28:07,745 INFO c.z.c.JwtAuthenticationFilter [http-nio-8080-exec-3] 授权头部字段：Bearer eyJ0eXAiOiJKV1QiLCJhbGciOiJIUzI1NiJ9.eyJpc3MiOiJ6emwiLCJuYW1lIjoi5ZWK5ZWK5ZWK5ZWKIiwiZXhwIjoxNjk1Mjk1MTQ0LCJpYXQiOjE2OTUyMDg3NDR9.niAvD-YFziMjkRKkkThGxlmO8EKBiAiW6LF1HFfcIJs
2023-09-20 20:28:07,745 INFO c.z.c.JwtAuthenticationFilter [http-nio-8080-exec-3] 提取的令牌：eyJ0eXAiOiJKV1QiLCJhbGciOiJIUzI1NiJ9.eyJpc3MiOiJ6emwiLCJuYW1lIjoi5ZWK5ZWK5ZWK5ZWKIiwiZXhwIjoxNjk1Mjk1MTQ0LCJpYXQiOjE2OTUyMDg3NDR9.niAvD-YFziMjkRKkkThGxlmO8EKBiAiW6LF1HFfcIJs
2023-09-20 20:28:07,745 INFO c.z.u.JwtTokenUtil [http-nio-8080-exec-3] 正在验证JWT令牌...
2023-09-20 20:28:07,746 INFO c.z.u.JwtTokenUtil [http-nio-8080-exec-3] JWT令牌验证成功。
2023-09-20 20:28:07,746 INFO c.z.c.ImageController [http-nio-8080-exec-3] 接收到图片IMG_20230707_163820.jpg
2023-09-20 20:28:07,746 INFO c.z.s.ImageService [http-nio-8080-exec-3] 开始保存图像: IMG_20230707_163820.jpg
2023-09-20 20:28:07,751 INFO c.z.c.JwtAuthenticationFilter [http-nio-8080-exec-6] 授权头部字段：Bearer eyJ0eXAiOiJKV1QiLCJhbGciOiJIUzI1NiJ9.eyJpc3MiOiJ6emwiLCJuYW1lIjoi5ZWK5ZWK5ZWK5ZWKIiwiZXhwIjoxNjk1Mjk1MTQ0LCJpYXQiOjE2OTUyMDg3NDR9.niAvD-YFziMjkRKkkThGxlmO8EKBiAiW6LF1HFfcIJs
2023-09-20 20:28:07,751 INFO c.z.c.JwtAuthenticationFilter [http-nio-8080-exec-6] 提取的令牌：eyJ0eXAiOiJKV1QiLCJhbGciOiJIUzI1NiJ9.eyJpc3MiOiJ6emwiLCJuYW1lIjoi5ZWK5ZWK5ZWK5ZWKIiwiZXhwIjoxNjk1Mjk1MTQ0LCJpYXQiOjE2OTUyMDg3NDR9.niAvD-YFziMjkRKkkThGxlmO8EKBiAiW6LF1HFfcIJs
2023-09-20 20:28:07,751 INFO c.z.u.JwtTokenUtil [http-nio-8080-exec-6] 正在验证JWT令牌...
2023-09-20 20:28:07,751 INFO c.z.u.JwtTokenUtil [http-nio-8080-exec-6] JWT令牌验证成功。
2023-09-20 20:28:07,751 INFO c.z.c.ImageController [http-nio-8080-exec-6] 接收到图片IMG_20230707_163852.jpg
2023-09-20 20:28:07,751 INFO c.z.s.ImageService [http-nio-8080-exec-6] 开始保存图像: IMG_20230707_163852.jpg
2023-09-20 20:28:07,755 INFO c.z.s.ImageService [http-nio-8080-exec-3] 已成功保存图像: IMG_20230707_163820.jpg, 新文件名: 20230920202807746.jpg, 文件路径: E:\14502\Desktop\lovelogvue\lovelog\public\Image\20230920202807746.jpg
2023-09-20 20:28:07,755 INFO c.z.c.ImageController [http-nio-8080-exec-3] 保存图片IMG_20230707_163820.jpg成功
2023-09-20 20:28:07,759 INFO c.z.s.ImageService [http-nio-8080-exec-6] 已成功保存图像: IMG_20230707_163852.jpg, 新文件名: 20230920202807751.jpg, 文件路径: E:\14502\Desktop\lovelogvue\lovelog\public\Image\20230920202807751.jpg
2023-09-20 20:28:07,759 INFO c.z.c.ImageController [http-nio-8080-exec-6] 保存图片IMG_20230707_163852.jpg成功
2023-09-20 20:28:10,064 INFO c.z.c.JwtAuthenticationFilter [http-nio-8080-exec-5] 授权头部字段：Bearer eyJ0eXAiOiJKV1QiLCJhbGciOiJIUzI1NiJ9.eyJpc3MiOiJ6emwiLCJuYW1lIjoi5ZWK5ZWK5ZWK5ZWKIiwiZXhwIjoxNjk1Mjk1MTQ0LCJpYXQiOjE2OTUyMDg3NDR9.niAvD-YFziMjkRKkkThGxlmO8EKBiAiW6LF1HFfcIJs
2023-09-20 20:28:10,064 INFO c.z.c.JwtAuthenticationFilter [http-nio-8080-exec-5] 提取的令牌：eyJ0eXAiOiJKV1QiLCJhbGciOiJIUzI1NiJ9.eyJpc3MiOiJ6emwiLCJuYW1lIjoi5ZWK5ZWK5ZWK5ZWKIiwiZXhwIjoxNjk1Mjk1MTQ0LCJpYXQiOjE2OTUyMDg3NDR9.niAvD-YFziMjkRKkkThGxlmO8EKBiAiW6LF1HFfcIJs
2023-09-20 20:28:10,064 INFO c.z.u.JwtTokenUtil [http-nio-8080-exec-5] 正在验证JWT令牌...
2023-09-20 20:28:10,064 INFO c.z.u.JwtTokenUtil [http-nio-8080-exec-5] JWT令牌验证成功。
2023-09-20 20:28:32,225 INFO c.z.c.JwtAuthenticationFilter [http-nio-8080-exec-1] 授权头部字段：Bearer eyJ0eXAiOiJKV1QiLCJhbGciOiJIUzI1NiJ9.eyJpc3MiOiJ6emwiLCJuYW1lIjoi5ZWK5ZWK5ZWK5ZWKIiwiZXhwIjoxNjk1Mjk1MTQ0LCJpYXQiOjE2OTUyMDg3NDR9.niAvD-YFziMjkRKkkThGxlmO8EKBiAiW6LF1HFfcIJs
2023-09-20 20:28:32,225 INFO c.z.c.JwtAuthenticationFilter [http-nio-8080-exec-1] 提取的令牌：eyJ0eXAiOiJKV1QiLCJhbGciOiJIUzI1NiJ9.eyJpc3MiOiJ6emwiLCJuYW1lIjoi5ZWK5ZWK5ZWK5ZWKIiwiZXhwIjoxNjk1Mjk1MTQ0LCJpYXQiOjE2OTUyMDg3NDR9.niAvD-YFziMjkRKkkThGxlmO8EKBiAiW6LF1HFfcIJs
2023-09-20 20:28:32,225 INFO c.z.u.JwtTokenUtil [http-nio-8080-exec-1] 正在验证JWT令牌...
2023-09-20 20:28:32,226 INFO c.z.u.JwtTokenUtil [http-nio-8080-exec-1] JWT令牌验证成功。
2023-09-20 20:54:18,391 INFO c.z.c.JwtAuthenticationFilter [http-nio-8080-exec-3] 授权头部字段：Bearer eyJ0eXAiOiJKV1QiLCJhbGciOiJIUzI1NiJ9.eyJpc3MiOiJ6emwiLCJuYW1lIjoi5ZWK5ZWK5ZWK5ZWKIiwiZXhwIjoxNjk1Mjk1MTQ0LCJpYXQiOjE2OTUyMDg3NDR9.niAvD-YFziMjkRKkkThGxlmO8EKBiAiW6LF1HFfcIJs
2023-09-20 20:54:18,391 INFO c.z.c.JwtAuthenticationFilter [http-nio-8080-exec-3] 提取的令牌：eyJ0eXAiOiJKV1QiLCJhbGciOiJIUzI1NiJ9.eyJpc3MiOiJ6emwiLCJuYW1lIjoi5ZWK5ZWK5ZWK5ZWKIiwiZXhwIjoxNjk1Mjk1MTQ0LCJpYXQiOjE2OTUyMDg3NDR9.niAvD-YFziMjkRKkkThGxlmO8EKBiAiW6LF1HFfcIJs
2023-09-20 20:54:18,391 INFO c.z.u.JwtTokenUtil [http-nio-8080-exec-3] 正在验证JWT令牌...
2023-09-20 20:54:18,391 INFO c.z.u.JwtTokenUtil [http-nio-8080-exec-3] JWT令牌验证成功。
2023-09-20 21:04:23,190 INFO c.z.c.JwtAuthenticationFilter [http-nio-8080-exec-1] 授权头部字段：Bearer eyJ0eXAiOiJKV1QiLCJhbGciOiJIUzI1NiJ9.eyJpc3MiOiJ6emwiLCJuYW1lIjoi5ZWK5ZWK5ZWK5ZWKIiwiZXhwIjoxNjk1Mjk1MTQ0LCJpYXQiOjE2OTUyMDg3NDR9.niAvD-YFziMjkRKkkThGxlmO8EKBiAiW6LF1HFfcIJs
2023-09-20 21:04:23,190 INFO c.z.c.JwtAuthenticationFilter [http-nio-8080-exec-1] 提取的令牌：eyJ0eXAiOiJKV1QiLCJhbGciOiJIUzI1NiJ9.eyJpc3MiOiJ6emwiLCJuYW1lIjoi5ZWK5ZWK5ZWK5ZWKIiwiZXhwIjoxNjk1Mjk1MTQ0LCJpYXQiOjE2OTUyMDg3NDR9.niAvD-YFziMjkRKkkThGxlmO8EKBiAiW6LF1HFfcIJs
2023-09-20 21:04:23,190 INFO c.z.u.JwtTokenUtil [http-nio-8080-exec-1] 正在验证JWT令牌...
2023-09-20 21:04:23,191 INFO c.z.u.JwtTokenUtil [http-nio-8080-exec-1] JWT令牌验证成功。
